{"numFailedTestSuites":1,"numFailedTests":5,"numPassedTestSuites":0,"numPassedTests":52,"numPendingTestSuites":0,"numPendingTests":0,"numRuntimeErrorTestSuites":0,"numTodoTests":0,"numTotalTestSuites":1,"numTotalTests":57,"openHandles":[],"snapshot":{"added":0,"didUpdate":false,"failure":false,"filesAdded":0,"filesRemoved":0,"filesRemovedList":[],"filesUnmatched":0,"filesUpdated":0,"matched":0,"total":0,"unchecked":0,"uncheckedKeysByFile":[],"unmatched":0,"updated":0},"startTime":1773126514888,"success":false,"testResults":[{"assertionResults":[{"ancestorTitles":["AuditService"],"duration":17,"failureDetails":[],"failureMessages":[],"fullName":"AuditService AuditService tanımlı olmalı","invocations":1,"location":null,"numPassingAsserts":1,"retryReasons":[],"status":"passed","title":"AuditService tanımlı olmalı"},{"ancestorTitles":["AuditService","validateIndependence (Bağımsızlık Kuralı)"],"duration":7,"failureDetails":[],"failureMessages":[],"fullName":"AuditService validateIndependence (Bağımsızlık Kuralı) Denetçi son 1 yıl içinde (Geçici Görev veya Atama) o birimde çalıştıysa hata fırlatmalı","invocations":1,"location":null,"numPassingAsserts":3,"retryReasons":[],"status":"passed","title":"Denetçi son 1 yıl içinde (Geçici Görev veya Atama) o birimde çalıştıysa hata fırlatmalı"},{"ancestorTitles":["AuditService","validateIndependence (Bağımsızlık Kuralı)"],"duration":3,"failureDetails":[],"failureMessages":[],"fullName":"AuditService validateIndependence (Bağımsızlık Kuralı) Denetçi o birimde Terfi almışsa bağımsızlık kuralı ihlal edilmemeli","invocations":1,"location":null,"numPassingAsserts":1,"retryReasons":[],"status":"passed","title":"Denetçi o birimde Terfi almışsa bağımsızlık kuralı ihlal edilmemeli"},{"ancestorTitles":["AuditService","validateIndependence (Bağımsızlık Kuralı)"],"duration":2,"failureDetails":[],"failureMessages":[],"fullName":"AuditService validateIndependence (Bağımsızlık Kuralı) Denetçinin çalışması 1 yıldan eskiyse kural ihlal edilmemeli","invocations":1,"location":null,"numPassingAsserts":1,"retryReasons":[],"status":"passed","title":"Denetçinin çalışması 1 yıldan eskiyse kural ihlal edilmemeli"},{"ancestorTitles":["AuditService","checkParallelAudit (Paralel Denetim Kontrolü)"],"duration":3,"failureDetails":[],"failureMessages":[],"fullName":"AuditService checkParallelAudit (Paralel Denetim Kontrolü) Aynı birimde aktif bir denetim varsa ConflictException fırlatmalı","invocations":1,"location":null,"numPassingAsserts":2,"retryReasons":[],"status":"passed","title":"Aynı birimde aktif bir denetim varsa ConflictException fırlatmalı"},{"ancestorTitles":["AuditService","checkParallelAudit (Paralel Denetim Kontrolü)"],"duration":2,"failureDetails":[],"failureMessages":[],"fullName":"AuditService checkParallelAudit (Paralel Denetim Kontrolü) Aynı birimde aktif denetim yoksa sorunsuz geçmeli","invocations":1,"location":null,"numPassingAsserts":1,"retryReasons":[],"status":"passed","title":"Aynı birimde aktif denetim yoksa sorunsuz geçmeli"},{"ancestorTitles":["AuditService","Audit Extension Workflow (Süre Uzatma Talebi)"],"duration":3,"failureDetails":[],"failureMessages":[],"fullName":"AuditService Audit Extension Workflow (Süre Uzatma Talebi) Süre uzatma talebi oluşturulabilmeli","invocations":1,"location":null,"numPassingAsserts":4,"retryReasons":[],"status":"passed","title":"Süre uzatma talebi oluşturulabilmeli"},{"ancestorTitles":["AuditService","Audit Extension Workflow (Süre Uzatma Talebi)"],"duration":3,"failureDetails":[],"failureMessages":[],"fullName":"AuditService Audit Extension Workflow (Süre Uzatma Talebi) Yönetici süre uzatmasını onayladığında denetim planlanan tarihi güncellenmeli","invocations":1,"location":null,"numPassingAsserts":4,"retryReasons":[],"status":"passed","title":"Yönetici süre uzatmasını onayladığında denetim planlanan tarihi güncellenmeli"},{"ancestorTitles":["AuditService","Denetim Sorgulama (getAllAudits & getAudit)"],"duration":2,"failureDetails":[],"failureMessages":[],"fullName":"AuditService Denetim Sorgulama (getAllAudits & getAudit) getAllAudits: Admin kullanıcı tüm denetimleri görebilmeli","invocations":1,"location":null,"numPassingAsserts":3,"retryReasons":[],"status":"passed","title":"getAllAudits: Admin kullanıcı tüm denetimleri görebilmeli"},{"ancestorTitles":["AuditService","Denetim Sorgulama (getAllAudits & getAudit)"],"duration":2,"failureDetails":[],"failureMessages":[],"fullName":"AuditService Denetim Sorgulama (getAllAudits & getAudit) getAllAudits: Normal kullanıcı kendi denetimlerini (OWN scope) görebilmeli","invocations":1,"location":null,"numPassingAsserts":1,"retryReasons":[],"status":"passed","title":"getAllAudits: Normal kullanıcı kendi denetimlerini (OWN scope) görebilmeli"},{"ancestorTitles":["AuditService","Denetim Sorgulama (getAllAudits & getAudit)"],"duration":2,"failureDetails":[],"failureMessages":[],"fullName":"AuditService Denetim Sorgulama (getAllAudits & getAudit) getAudit: Admin geçerli bir denetimi başarıyla alabilmeli","invocations":1,"location":null,"numPassingAsserts":3,"retryReasons":[],"status":"passed","title":"getAudit: Admin geçerli bir denetimi başarıyla alabilmeli"},{"ancestorTitles":["AuditService","Denetim Sorgulama (getAllAudits & getAudit)"],"duration":1,"failureDetails":[],"failureMessages":[],"fullName":"AuditService Denetim Sorgulama (getAllAudits & getAudit) getAudit: Bulunamadığında null dönmeli","invocations":1,"location":null,"numPassingAsserts":1,"retryReasons":[],"status":"passed","title":"getAudit: Bulunamadığında null dönmeli"},{"ancestorTitles":["AuditService","Denetim Sorgulama (getAllAudits & getAudit)"],"duration":2,"failureDetails":[],"failureMessages":[],"fullName":"AuditService Denetim Sorgulama (getAllAudits & getAudit) getAudit: Yetkisiz erişim denendiğinde ForbiddenException fırlatmalı","invocations":1,"location":null,"numPassingAsserts":1,"retryReasons":[],"status":"passed","title":"getAudit: Yetkisiz erişim denendiğinde ForbiddenException fırlatmalı"},{"ancestorTitles":["AuditService","Denetim Yönetimi (createAudit, updateAudit, deleteAudit)"],"duration":3,"failureDetails":[],"failureMessages":[],"fullName":"AuditService Denetim Yönetimi (createAudit, updateAudit, deleteAudit) createAudit: Geçerli parametrelerle yeni denetim oluşturabilmeli","invocations":1,"location":null,"numPassingAsserts":2,"retryReasons":[],"status":"passed","title":"createAudit: Geçerli parametrelerle yeni denetim oluşturabilmeli"},{"ancestorTitles":["AuditService","Denetim Yönetimi (createAudit, updateAudit, deleteAudit)"],"duration":3,"failureDetails":[],"failureMessages":[],"fullName":"AuditService Denetim Yönetimi (createAudit, updateAudit, deleteAudit) createAudit: Benzersizlik (Unique Constraint) hit olduğunda özel hata mesajı dönmeli","invocations":1,"location":null,"numPassingAsserts":1,"retryReasons":[],"status":"passed","title":"createAudit: Benzersizlik (Unique Constraint) hit olduğunda özel hata mesajı dönmeli"},{"ancestorTitles":["AuditService","Denetim Yönetimi (createAudit, updateAudit, deleteAudit)"],"duration":3,"failureDetails":[],"failureMessages":[],"fullName":"AuditService Denetim Yönetimi (createAudit, updateAudit, deleteAudit) updateAudit: Sadece admin veya denetimi oluşturan güncelleyebilmeli","invocations":1,"location":null,"numPassingAsserts":1,"retryReasons":[],"status":"passed","title":"updateAudit: Sadece admin veya denetimi oluşturan güncelleyebilmeli"},{"ancestorTitles":["AuditService","Denetim Yönetimi (createAudit, updateAudit, deleteAudit)"],"duration":2,"failureDetails":[],"failureMessages":[],"fullName":"AuditService Denetim Yönetimi (createAudit, updateAudit, deleteAudit) updateAudit: Açık bulgu varken denetim Tamamlandı durumuna alınamamalı","invocations":1,"location":null,"numPassingAsserts":1,"retryReasons":[],"status":"passed","title":"updateAudit: Açık bulgu varken denetim Tamamlandı durumuna alınamamalı"},{"ancestorTitles":["AuditService","Denetim Yönetimi (createAudit, updateAudit, deleteAudit)"],"duration":2,"failureDetails":[],"failureMessages":[],"fullName":"AuditService Denetim Yönetimi (createAudit, updateAudit, deleteAudit) updateAudit: Saha çalışmasına (Devam Ediyor) geçerken takım üyelerinin Bağımsızlık Beyanı olmalı","invocations":1,"location":null,"numPassingAsserts":1,"retryReasons":[],"status":"passed","title":"updateAudit: Saha çalışmasına (Devam Ediyor) geçerken takım üyelerinin Bağımsızlık Beyanı olmalı"},{"ancestorTitles":["AuditService","Denetim Yönetimi (createAudit, updateAudit, deleteAudit)"],"duration":2,"failureDetails":[],"failureMessages":[],"fullName":"AuditService Denetim Yönetimi (createAudit, updateAudit, deleteAudit) deleteAudit: Normal kullanıcı direkt silememeli, silme onayı sürecine düşmeli","invocations":1,"location":null,"numPassingAsserts":3,"retryReasons":[],"status":"passed","title":"deleteAudit: Normal kullanıcı direkt silememeli, silme onayı sürecine düşmeli"},{"ancestorTitles":["AuditService","Denetim Yönetimi (createAudit, updateAudit, deleteAudit)"],"duration":2,"failureDetails":[],"failureMessages":[],"fullName":"AuditService Denetim Yönetimi (createAudit, updateAudit, deleteAudit) deleteAudit: Admin (Manager) doğrudan silebilmeli (isDeleted: true)","invocations":1,"location":null,"numPassingAsserts":1,"retryReasons":[],"status":"passed","title":"deleteAudit: Admin (Manager) doğrudan silebilmeli (isDeleted: true)"},{"ancestorTitles":["AuditService","Denetim Yönetimi (createAudit, updateAudit, deleteAudit)"],"duration":2,"failureDetails":[],"failureMessages":[],"fullName":"AuditService Denetim Yönetimi (createAudit, updateAudit, deleteAudit) approveDeleteAudit: Admin onaylayabilmeli","invocations":1,"location":null,"numPassingAsserts":1,"retryReasons":[],"status":"passed","title":"approveDeleteAudit: Admin onaylayabilmeli"},{"ancestorTitles":["AuditService","Denetim Yönetimi (createAudit, updateAudit, deleteAudit)"],"duration":2,"failureDetails":[],"failureMessages":[],"fullName":"AuditService Denetim Yönetimi (createAudit, updateAudit, deleteAudit) rejectDeleteAudit: Admin reddedip durumu Planlandı yapabilmeli","invocations":1,"location":null,"numPassingAsserts":1,"retryReasons":[],"status":"passed","title":"rejectDeleteAudit: Admin reddedip durumu Planlandı yapabilmeli"},{"ancestorTitles":["AuditService","audit.service.ts İçindeki Bulgu Metodları (getAllFindings, getFinding, vb.)"],"duration":2,"failureDetails":[],"failureMessages":[],"fullName":"AuditService audit.service.ts İçindeki Bulgu Metodları (getAllFindings, getFinding, vb.) getAllFindings: Admin tüm bulguları görebilmeli","invocations":1,"location":null,"numPassingAsserts":1,"retryReasons":[],"status":"passed","title":"getAllFindings: Admin tüm bulguları görebilmeli"},{"ancestorTitles":["AuditService","audit.service.ts İçindeki Bulgu Metodları (getAllFindings, getFinding, vb.)"],"duration":2,"failureDetails":[],"failureMessages":[],"fullName":"AuditService audit.service.ts İçindeki Bulgu Metodları (getAllFindings, getFinding, vb.) getAllFindings: Normal kullanıcı scope=OWN filtreleri ile görebilmeli","invocations":1,"location":null,"numPassingAsserts":1,"retryReasons":[],"status":"passed","title":"getAllFindings: Normal kullanıcı scope=OWN filtreleri ile görebilmeli"},{"ancestorTitles":["AuditService","audit.service.ts İçindeki Bulgu Metodları (getAllFindings, getFinding, vb.)"],"duration":2,"failureDetails":[],"failureMessages":[],"fullName":"AuditService audit.service.ts İçindeki Bulgu Metodları (getAllFindings, getFinding, vb.) getFinding: Geçerli bulgu formatlanarak dönmeli","invocations":1,"location":null,"numPassingAsserts":3,"retryReasons":[],"status":"passed","title":"getFinding: Geçerli bulgu formatlanarak dönmeli"},{"ancestorTitles":["AuditService","audit.service.ts İçindeki Bulgu Metodları (getAllFindings, getFinding, vb.)"],"duration":2,"failureDetails":[],"failureMessages":[],"fullName":"AuditService audit.service.ts İçindeki Bulgu Metodları (getAllFindings, getFinding, vb.) getFinding: Yetkisiz birisi girmeye çalışırsa ForbiddenException fırlatmalı","invocations":1,"location":null,"numPassingAsserts":1,"retryReasons":[],"status":"passed","title":"getFinding: Yetkisiz birisi girmeye çalışırsa ForbiddenException fırlatmalı"},{"ancestorTitles":["AuditService","audit.service.ts İçindeki Bulgu Metodları (getAllFindings, getFinding, vb.)"],"duration":2,"failureDetails":[],"failureMessages":[],"fullName":"AuditService audit.service.ts İçindeki Bulgu Metodları (getAllFindings, getFinding, vb.) getFinding: Bulgu yoksa NotFoundException fırlatmalı","invocations":1,"location":null,"numPassingAsserts":1,"retryReasons":[],"status":"passed","title":"getFinding: Bulgu yoksa NotFoundException fırlatmalı"},{"ancestorTitles":["AuditService","audit.service.ts İçindeki Bulgu Metodları (getAllFindings, getFinding, vb.)"],"duration":2,"failureDetails":[],"failureMessages":[],"fullName":"AuditService audit.service.ts İçindeki Bulgu Metodları (getAllFindings, getFinding, vb.) checkRecurringFindings: Geçmişte benzer kategoride bulgu varsa recurring dönmeli","invocations":1,"location":null,"numPassingAsserts":1,"retryReasons":[],"status":"passed","title":"checkRecurringFindings: Geçmişte benzer kategoride bulgu varsa recurring dönmeli"},{"ancestorTitles":["AuditService","Finding Yaratma ve Güncelleme"],"duration":3,"failureDetails":[],"failureMessages":[],"fullName":"AuditService Finding Yaratma ve Güncelleme Yeni bulgu oluştururken auditLogService çağırılmalı ve riskler yeniden hesaplanmalı","invocations":1,"location":null,"numPassingAsserts":5,"retryReasons":[],"status":"passed","title":"Yeni bulgu oluştururken auditLogService çağırılmalı ve riskler yeniden hesaplanmalı"},{"ancestorTitles":["AuditService","Finding Yaratma ve Güncelleme"],"duration":2,"failureDetails":[],"failureMessages":[],"fullName":"AuditService Finding Yaratma ve Güncelleme Bulgu kodu (code) verilmediyse otomatik en yüksek sayacı (sequence) bulup üretmeli","invocations":1,"location":null,"numPassingAsserts":1,"retryReasons":[],"status":"passed","title":"Bulgu kodu (code) verilmediyse otomatik en yüksek sayacı (sequence) bulup üretmeli"},{"ancestorTitles":["AuditService","Finding Yaratma ve Güncelleme"],"duration":78,"failureDetails":[],"failureMessages":[],"fullName":"AuditService Finding Yaratma ve Güncelleme Denetim bulunamazsa hata fırlatmalı","invocations":1,"location":null,"numPassingAsserts":1,"retryReasons":[],"status":"passed","title":"Denetim bulunamazsa hata fırlatmalı"},{"ancestorTitles":["AuditService","Finding Yaratma ve Güncelleme"],"duration":16,"failureDetails":[],"failureMessages":[],"fullName":"AuditService Finding Yaratma ve Güncelleme Tamamlanmış bir denetime bulgu eklenmek istenirse Sealing (Mühür) hatası vermeli","invocations":1,"location":null,"numPassingAsserts":1,"retryReasons":[],"status":"passed","title":"Tamamlanmış bir denetime bulgu eklenmek istenirse Sealing (Mühür) hatası vermeli"},{"ancestorTitles":["AuditService","Finding Yaratma ve Güncelleme"],"duration":2,"failureDetails":[{"matcherResult":{"message":"expect(jest.fn()).toHaveBeenCalled()\n\nExpected number of calls: >= 1\nReceived number of calls:    0","pass":false}}],"failureMessages":["Error: expect(jest.fn()).toHaveBeenCalled()\n\nExpected number of calls: >= 1\nReceived number of calls:    0\n    at Object.<anonymous> (C:\\Users\\sk36\\.gemini\\antigravity\\scratch\\icsistemler-platformu\\backend\\src\\audit\\audit.service.spec.ts:481:51)"],"fullName":"AuditService Finding Yaratma ve Güncelleme Risk kabulü (acceptRisk) işlemi loglanmalı ve yetki kontrolü yapılmalı","invocations":1,"location":null,"numPassingAsserts":2,"retryReasons":[],"status":"failed","title":"Risk kabulü (acceptRisk) işlemi loglanmalı ve yetki kontrolü yapılmalı"},{"ancestorTitles":["AuditService","Bulgu Süre Uzatma (ExtensionRequest)"],"duration":2,"failureDetails":[{"matcherResult":{"message":"expect(jest.fn()).toHaveBeenCalled()\n\nExpected number of calls: >= 1\nReceived number of calls:    0","pass":false}}],"failureMessages":["Error: expect(jest.fn()).toHaveBeenCalled()\n\nExpected number of calls: >= 1\nReceived number of calls:    0\n    at Object.<anonymous> (C:\\Users\\sk36\\.gemini\\antigravity\\scratch\\icsistemler-platformu\\backend\\src\\audit\\audit.service.spec.ts:513:51)"],"fullName":"AuditService Bulgu Süre Uzatma (ExtensionRequest) Süre uzatma onaylandığında bulgunun bitiş tarihi (dueDate) otomatik güncellenmeli","invocations":1,"location":null,"numPassingAsserts":1,"retryReasons":[],"status":"failed","title":"Süre uzatma onaylandığında bulgunun bitiş tarihi (dueDate) otomatik güncellenmeli"},{"ancestorTitles":["AuditService","Bulgu Sorgulama (getAllFindings & getFinding)"],"duration":1,"failureDetails":[],"failureMessages":[],"fullName":"AuditService Bulgu Sorgulama (getAllFindings & getFinding) Admin kullanıcı tüm bulguları listeleyebilmeli","invocations":1,"location":null,"numPassingAsserts":1,"retryReasons":[],"status":"passed","title":"Admin kullanıcı tüm bulguları listeleyebilmeli"},{"ancestorTitles":["AuditService","Bulgu Sorgulama (getAllFindings & getFinding)"],"duration":1,"failureDetails":[],"failureMessages":[],"fullName":"AuditService Bulgu Sorgulama (getAllFindings & getFinding) Normal kullanıcı sadece kendi bulgularını (OWN scope) listeleyebilmeli","invocations":1,"location":null,"numPassingAsserts":1,"retryReasons":[],"status":"passed","title":"Normal kullanıcı sadece kendi bulgularını (OWN scope) listeleyebilmeli"},{"ancestorTitles":["AuditService","Bulgu Sorgulama (getAllFindings & getFinding)"],"duration":3,"failureDetails":[],"failureMessages":[],"fullName":"AuditService Bulgu Sorgulama (getAllFindings & getFinding) AUDIT_UNIT rolüne sahip ALL yetkili kullanıcı DEPARTMENT scope ile kısıtlanmalı (Yetki Düşürme)","invocations":1,"location":null,"numPassingAsserts":1,"retryReasons":[],"status":"passed","title":"AUDIT_UNIT rolüne sahip ALL yetkili kullanıcı DEPARTMENT scope ile kısıtlanmalı (Yetki Düşürme)"},{"ancestorTitles":["AuditService","Bulgu Sorgulama (getAllFindings & getFinding)"],"duration":2,"failureDetails":[],"failureMessages":[],"fullName":"AuditService Bulgu Sorgulama (getAllFindings & getFinding) DEPARTMENT yetkilisi ancak departmanı belli olmayan kullanıcı boş liste almalı","invocations":1,"location":null,"numPassingAsserts":1,"retryReasons":[],"status":"passed","title":"DEPARTMENT yetkilisi ancak departmanı belli olmayan kullanıcı boş liste almalı"},{"ancestorTitles":["AuditService","Bulgu Sorgulama (getAllFindings & getFinding)"],"duration":1,"failureDetails":[],"failureMessages":[],"fullName":"AuditService Bulgu Sorgulama (getAllFindings & getFinding) getFinding - Sınır (Edge) case: Yetkisiz bir departman bulgusuna erişim ForbiddenException fırlatmalı","invocations":1,"location":null,"numPassingAsserts":1,"retryReasons":[],"status":"passed","title":"getFinding - Sınır (Edge) case: Yetkisiz bir departman bulgusuna erişim ForbiddenException fırlatmalı"},{"ancestorTitles":["AuditService","Bulgu Sorgulama (getAllFindings & getFinding)"],"duration":1,"failureDetails":[],"failureMessages":[],"fullName":"AuditService Bulgu Sorgulama (getAllFindings & getFinding) getFinding - OWN scope kullanan ancak kendine atanmamış bulguya erişim ForbiddenException fırlatmalı","invocations":1,"location":null,"numPassingAsserts":1,"retryReasons":[],"status":"passed","title":"getFinding - OWN scope kullanan ancak kendine atanmamış bulguya erişim ForbiddenException fırlatmalı"},{"ancestorTitles":["AuditService","Bulgu Sorgulama (getAllFindings & getFinding)"],"duration":2,"failureDetails":[],"failureMessages":[],"fullName":"AuditService Bulgu Sorgulama (getAllFindings & getFinding) Bulgu detayı (getFinding) bulunamadığında NotFoundException fırlatmalı","invocations":1,"location":null,"numPassingAsserts":1,"retryReasons":[],"status":"passed","title":"Bulgu detayı (getFinding) bulunamadığında NotFoundException fırlatmalı"},{"ancestorTitles":["AuditService","Bulgu Sorgulama (getAllFindings & getFinding)"],"duration":2,"failureDetails":[],"failureMessages":[],"fullName":"AuditService Bulgu Sorgulama (getAllFindings & getFinding) Geçerli bir bulgu (getFinding) ve logları başarıyla dönmeli","invocations":1,"location":null,"numPassingAsserts":3,"retryReasons":[],"status":"passed","title":"Geçerli bir bulgu (getFinding) ve logları başarıyla dönmeli"},{"ancestorTitles":["AuditService","Bulgu Güncelleme (updateFinding)"],"duration":2,"failureDetails":[{}],"failureMessages":["Error: Eksik Bilgi: Bulguyu onaya göndermeden önce Kök Neden ve Denetçi Önerisi alanları doldurulmalıdır.\n    at AuditService.updateFinding (C:\\Users\\sk36\\.gemini\\antigravity\\scratch\\icsistemler-platformu\\backend\\src\\audit\\audit.service.ts:1039:23)\n    at Object.<anonymous> (C:\\Users\\sk36\\.gemini\\antigravity\\scratch\\icsistemler-platformu\\backend\\src\\audit\\audit.service.spec.ts:590:28)"],"fullName":"AuditService Bulgu Güncelleme (updateFinding) Durum değiştiğinde log atılmalı ve risk sayısı güncellenmeli","invocations":1,"location":null,"numPassingAsserts":0,"retryReasons":[],"status":"failed","title":"Durum değiştiğinde log atılmalı ve risk sayısı güncellenmeli"},{"ancestorTitles":["AuditService","Bulgu Güncelleme (updateFinding)"],"duration":2,"failureDetails":[],"failureMessages":[],"fullName":"AuditService Bulgu Güncelleme (updateFinding) Kullanıcı kendi bulgusunu onaylamaya çalışırsa Görevler Ayrılığı ilkesinden hata fırlatmalı","invocations":1,"location":null,"numPassingAsserts":1,"retryReasons":[],"status":"passed","title":"Kullanıcı kendi bulgusunu onaylamaya çalışırsa Görevler Ayrılığı ilkesinden hata fırlatmalı"},{"ancestorTitles":["AuditService","Bulgu Güncelleme (updateFinding)"],"duration":27,"failureDetails":[{"matcherResult":{"message":"expect(received).rejects.toThrow(expected)\n\nExpected substring: \"Açık aksiyonlar (1) varken bulgu kapatılamaz!\"\nReceived message:   \"Denetim Zafiyeti (IIA 2500): Bu bulguya ait 1 adet AÇIK aksiyon (Follow-Up) bulunmaktadır. Aksiyonlar kapanmadan bulgu kapatılamaz! (Zorunluysa Risk Kabul işlemi yapılmalıdır)\"\n\n    \u001b[0m \u001b[90m 1086 |\u001b[39m\n     \u001b[90m 1087 |\u001b[39m             \u001b[36mif\u001b[39m (openActions \u001b[33m>\u001b[39m \u001b[35m0\u001b[39m \u001b[33m&&\u001b[39m \u001b[33m!\u001b[39mfinalRiskAccepted) {\n    \u001b[31m\u001b[1m>\u001b[22m\u001b[39m\u001b[90m 1088 |\u001b[39m                 \u001b[36mthrow\u001b[39m \u001b[36mnew\u001b[39m \u001b[33mError\u001b[39m(\u001b[32m`Denetim Zafiyeti (IIA 2500): Bu bulguya ait ${openActions} adet AÇIK aksiyon (Follow-Up) bulunmaktadır. Aksiyonlar kapanmadan bulgu kapatılamaz! (Zorunluysa Risk Kabul işlemi yapılmalıdır)`\u001b[39m)\u001b[33m;\u001b[39m\n     \u001b[90m      |\u001b[39m                       \u001b[31m\u001b[1m^\u001b[22m\u001b[39m\n     \u001b[90m 1089 |\u001b[39m             }\n     \u001b[90m 1090 |\u001b[39m             \u001b[36mif\u001b[39m (finalRiskAccepted \u001b[33m&&\u001b[39m \u001b[33m!\u001b[39mfinalRiskAcceptanceJust) {\n     \u001b[90m 1091 |\u001b[39m                 \u001b[36mthrow\u001b[39m \u001b[36mnew\u001b[39m \u001b[33mError\u001b[39m(\u001b[32m'Risk Kabul Zafiyeti: Kalan açık aksiyonlar için riski kabul ediyorsanız, Yönetim Gerekçesini yazmanız zorunludur.'\u001b[39m)\u001b[33m;\u001b[39m\u001b[0m\n\n      at AuditService.updateFinding (src/audit/audit.service.ts:1088:23)\n      at Object.<anonymous> (src/audit/audit.service.spec.ts:609:13)","pass":false},"message":"expect(received).rejects.toThrow(expected)\n\nExpected substring: \"Açık aksiyonlar (1) varken bulgu kapatılamaz!\"\nReceived message:   \"Denetim Zafiyeti (IIA 2500): Bu bulguya ait 1 adet AÇIK aksiyon (Follow-Up) bulunmaktadır. Aksiyonlar kapanmadan bulgu kapatılamaz! (Zorunluysa Risk Kabul işlemi yapılmalıdır)\"\n\n    \u001b[0m \u001b[90m 1086 |\u001b[39m\n     \u001b[90m 1087 |\u001b[39m             \u001b[36mif\u001b[39m (openActions \u001b[33m>\u001b[39m \u001b[35m0\u001b[39m \u001b[33m&&\u001b[39m \u001b[33m!\u001b[39mfinalRiskAccepted) {\n    \u001b[31m\u001b[1m>\u001b[22m\u001b[39m\u001b[90m 1088 |\u001b[39m                 \u001b[36mthrow\u001b[39m \u001b[36mnew\u001b[39m \u001b[33mError\u001b[39m(\u001b[32m`Denetim Zafiyeti (IIA 2500): Bu bulguya ait ${openActions} adet AÇIK aksiyon (Follow-Up) bulunmaktadır. Aksiyonlar kapanmadan bulgu kapatılamaz! (Zorunluysa Risk Kabul işlemi yapılmalıdır)`\u001b[39m)\u001b[33m;\u001b[39m\n     \u001b[90m      |\u001b[39m                       \u001b[31m\u001b[1m^\u001b[22m\u001b[39m\n     \u001b[90m 1089 |\u001b[39m             }\n     \u001b[90m 1090 |\u001b[39m             \u001b[36mif\u001b[39m (finalRiskAccepted \u001b[33m&&\u001b[39m \u001b[33m!\u001b[39mfinalRiskAcceptanceJust) {\n     \u001b[90m 1091 |\u001b[39m                 \u001b[36mthrow\u001b[39m \u001b[36mnew\u001b[39m \u001b[33mError\u001b[39m(\u001b[32m'Risk Kabul Zafiyeti: Kalan açık aksiyonlar için riski kabul ediyorsanız, Yönetim Gerekçesini yazmanız zorunludur.'\u001b[39m)\u001b[33m;\u001b[39m\u001b[0m\n\n      at AuditService.updateFinding (src/audit/audit.service.ts:1088:23)\n      at Object.<anonymous> (src/audit/audit.service.spec.ts:609:13)"}],"failureMessages":["Error: expect(received).rejects.toThrow(expected)\n\nExpected substring: \"Açık aksiyonlar (1) varken bulgu kapatılamaz!\"\nReceived message:   \"Denetim Zafiyeti (IIA 2500): Bu bulguya ait 1 adet AÇIK aksiyon (Follow-Up) bulunmaktadır. Aksiyonlar kapanmadan bulgu kapatılamaz! (Zorunluysa Risk Kabul işlemi yapılmalıdır)\"\n\n    \u001b[0m \u001b[90m 1086 |\u001b[39m\n     \u001b[90m 1087 |\u001b[39m             \u001b[36mif\u001b[39m (openActions \u001b[33m>\u001b[39m \u001b[35m0\u001b[39m \u001b[33m&&\u001b[39m \u001b[33m!\u001b[39mfinalRiskAccepted) {\n    \u001b[31m\u001b[1m>\u001b[22m\u001b[39m\u001b[90m 1088 |\u001b[39m                 \u001b[36mthrow\u001b[39m \u001b[36mnew\u001b[39m \u001b[33mError\u001b[39m(\u001b[32m`Denetim Zafiyeti (IIA 2500): Bu bulguya ait ${openActions} adet AÇIK aksiyon (Follow-Up) bulunmaktadır. Aksiyonlar kapanmadan bulgu kapatılamaz! (Zorunluysa Risk Kabul işlemi yapılmalıdır)`\u001b[39m)\u001b[33m;\u001b[39m\n     \u001b[90m      |\u001b[39m                       \u001b[31m\u001b[1m^\u001b[22m\u001b[39m\n     \u001b[90m 1089 |\u001b[39m             }\n     \u001b[90m 1090 |\u001b[39m             \u001b[36mif\u001b[39m (finalRiskAccepted \u001b[33m&&\u001b[39m \u001b[33m!\u001b[39mfinalRiskAcceptanceJust) {\n     \u001b[90m 1091 |\u001b[39m                 \u001b[36mthrow\u001b[39m \u001b[36mnew\u001b[39m \u001b[33mError\u001b[39m(\u001b[32m'Risk Kabul Zafiyeti: Kalan açık aksiyonlar için riski kabul ediyorsanız, Yönetim Gerekçesini yazmanız zorunludur.'\u001b[39m)\u001b[33m;\u001b[39m\u001b[0m\n\n      at AuditService.updateFinding (src/audit/audit.service.ts:1088:23)\n      at Object.<anonymous> (src/audit/audit.service.spec.ts:609:13)\n    at Object.toThrow (C:\\Users\\sk36\\.gemini\\antigravity\\scratch\\icsistemler-platformu\\backend\\node_modules\\expect\\build\\index.js:218:22)\n    at Object.<anonymous> (C:\\Users\\sk36\\.gemini\\antigravity\\scratch\\icsistemler-platformu\\backend\\src\\audit\\audit.service.spec.ts:609:99)\n    at Promise.then.completed (C:\\Users\\sk36\\.gemini\\antigravity\\scratch\\icsistemler-platformu\\backend\\node_modules\\jest-circus\\build\\utils.js:298:28)\n    at new Promise (<anonymous>)\n    at callAsyncCircusFn (C:\\Users\\sk36\\.gemini\\antigravity\\scratch\\icsistemler-platformu\\backend\\node_modules\\jest-circus\\build\\utils.js:231:10)\n    at _callCircusTest (C:\\Users\\sk36\\.gemini\\antigravity\\scratch\\icsistemler-platformu\\backend\\node_modules\\jest-circus\\build\\run.js:316:40)\n    at _runTest (C:\\Users\\sk36\\.gemini\\antigravity\\scratch\\icsistemler-platformu\\backend\\node_modules\\jest-circus\\build\\run.js:252:3)\n    at _runTestsForDescribeBlock (C:\\Users\\sk36\\.gemini\\antigravity\\scratch\\icsistemler-platformu\\backend\\node_modules\\jest-circus\\build\\run.js:126:9)\n    at _runTestsForDescribeBlock (C:\\Users\\sk36\\.gemini\\antigravity\\scratch\\icsistemler-platformu\\backend\\node_modules\\jest-circus\\build\\run.js:121:9)\n    at _runTestsForDescribeBlock (C:\\Users\\sk36\\.gemini\\antigravity\\scratch\\icsistemler-platformu\\backend\\node_modules\\jest-circus\\build\\run.js:121:9)\n    at run (C:\\Users\\sk36\\.gemini\\antigravity\\scratch\\icsistemler-platformu\\backend\\node_modules\\jest-circus\\build\\run.js:71:3)\n    at runAndTransformResultsToJestFormat (C:\\Users\\sk36\\.gemini\\antigravity\\scratch\\icsistemler-platformu\\backend\\node_modules\\jest-circus\\build\\legacy-code-todo-rewrite\\jestAdapterInit.js:122:21)\n    at jestAdapter (C:\\Users\\sk36\\.gemini\\antigravity\\scratch\\icsistemler-platformu\\backend\\node_modules\\jest-circus\\build\\legacy-code-todo-rewrite\\jestAdapter.js:79:19)\n    at runTestInternal (C:\\Users\\sk36\\.gemini\\antigravity\\scratch\\icsistemler-platformu\\backend\\node_modules\\jest-runner\\build\\runTest.js:367:16)\n    at runTest (C:\\Users\\sk36\\.gemini\\antigravity\\scratch\\icsistemler-platformu\\backend\\node_modules\\jest-runner\\build\\runTest.js:444:34)"],"fullName":"AuditService Bulgu Güncelleme (updateFinding) Tamamlandı durumuna alırken açık aksiyon varsa hata fırlatılmalı","invocations":1,"location":null,"numPassingAsserts":0,"retryReasons":[],"status":"failed","title":"Tamamlandı durumuna alırken açık aksiyon varsa hata fırlatılmalı"},{"ancestorTitles":["AuditService","Bulgu Silme İşlemleri (deleteFinding, approveDelete, rejectDelete)"],"duration":2,"failureDetails":[],"failureMessages":[],"fullName":"AuditService Bulgu Silme İşlemleri (deleteFinding, approveDelete, rejectDelete) Admin olmayan kullanıcı sildiğinde Onay Bekliyor statüsüne düşmeli","invocations":1,"location":null,"numPassingAsserts":2,"retryReasons":[],"status":"passed","title":"Admin olmayan kullanıcı sildiğinde Onay Bekliyor statüsüne düşmeli"},{"ancestorTitles":["AuditService","Bulgu Silme İşlemleri (deleteFinding, approveDelete, rejectDelete)"],"duration":1,"failureDetails":[],"failureMessages":[],"fullName":"AuditService Bulgu Silme İşlemleri (deleteFinding, approveDelete, rejectDelete) Admin silme işlemini approveDeleteFinding ile onaylayabilmeli","invocations":1,"location":null,"numPassingAsserts":3,"retryReasons":[],"status":"passed","title":"Admin silme işlemini approveDeleteFinding ile onaylayabilmeli"},{"ancestorTitles":["AuditService","Bulgu Silme İşlemleri (deleteFinding, approveDelete, rejectDelete)"],"duration":3,"failureDetails":[],"failureMessages":[],"fullName":"AuditService Bulgu Silme İşlemleri (deleteFinding, approveDelete, rejectDelete) Normal kullanıcı approveDeleteFinding yapamamalı (ForbiddenException)","invocations":1,"location":null,"numPassingAsserts":1,"retryReasons":[],"status":"passed","title":"Normal kullanıcı approveDeleteFinding yapamamalı (ForbiddenException)"},{"ancestorTitles":["AuditService","Bulgu Silme İşlemleri (deleteFinding, approveDelete, rejectDelete)"],"duration":2,"failureDetails":[],"failureMessages":[],"fullName":"AuditService Bulgu Silme İşlemleri (deleteFinding, approveDelete, rejectDelete) Admin silme işlemini rejectDeleteFinding ile reddedebilmeli","invocations":1,"location":null,"numPassingAsserts":2,"retryReasons":[],"status":"passed","title":"Admin silme işlemini rejectDeleteFinding ile reddedebilmeli"},{"ancestorTitles":["AuditService","Bulgu Silme İşlemleri (deleteFinding, approveDelete, rejectDelete)"],"duration":2,"failureDetails":[],"failureMessages":[],"fullName":"AuditService Bulgu Silme İşlemleri (deleteFinding, approveDelete, rejectDelete) Normal kullanıcı rejectDeleteFinding yapamamalı","invocations":1,"location":null,"numPassingAsserts":1,"retryReasons":[],"status":"passed","title":"Normal kullanıcı rejectDeleteFinding yapamamalı"},{"ancestorTitles":["AuditService","Bulgu Bildirimi (notifyFinding)"],"duration":3,"failureDetails":[],"failureMessages":[],"fullName":"AuditService Bulgu Bildirimi (notifyFinding) Geçersiz domain e-postası için hata fırlatmalı","invocations":1,"location":null,"numPassingAsserts":1,"retryReasons":[],"status":"passed","title":"Geçersiz domain e-postası için hata fırlatmalı"},{"ancestorTitles":["AuditService","Bulgu Bildirimi (notifyFinding)"],"duration":132,"failureDetails":[{"matcherResult":{"message":"expect(jest.fn()).toHaveBeenCalled()\n\nExpected number of calls: >= 1\nReceived number of calls:    0","pass":false}}],"failureMessages":["Error: expect(jest.fn()).toHaveBeenCalled()\n\nExpected number of calls: >= 1\nReceived number of calls:    0\n    at Object.<anonymous> (C:\\Users\\sk36\\.gemini\\antigravity\\scratch\\icsistemler-platformu\\backend\\src\\audit\\audit.service.spec.ts:677:47)"],"fullName":"AuditService Bulgu Bildirimi (notifyFinding) Kurum içi e-posta ile başarıyla bildirim gönderilmeli, log atılmalı","invocations":1,"location":null,"numPassingAsserts":3,"retryReasons":[],"status":"failed","title":"Kurum içi e-posta ile başarıyla bildirim gönderilmeli, log atılmalı"},{"ancestorTitles":["AuditService","Mutabakat Mesajları (Conciliation)"],"duration":2,"failureDetails":[],"failureMessages":[],"fullName":"AuditService Mutabakat Mesajları (Conciliation) getConciliationMessages mesajları listelemeli","invocations":1,"location":null,"numPassingAsserts":1,"retryReasons":[],"status":"passed","title":"getConciliationMessages mesajları listelemeli"},{"ancestorTitles":["AuditService","Mutabakat Mesajları (Conciliation)"],"duration":3,"failureDetails":[],"failureMessages":[],"fullName":"AuditService Mutabakat Mesajları (Conciliation) addConciliationMessage ile yeni mesaj eklendiğinde log atılmalı","invocations":1,"location":null,"numPassingAsserts":2,"retryReasons":[],"status":"passed","title":"addConciliationMessage ile yeni mesaj eklendiğinde log atılmalı"},{"ancestorTitles":["AuditService","Mutabakat Mesajları (Conciliation)"],"duration":3,"failureDetails":[],"failureMessages":[],"fullName":"AuditService Mutabakat Mesajları (Conciliation) Reddedilen mutabakat mesajında (Rejected) bulgu statüsü Açık yapılamalı","invocations":1,"location":null,"numPassingAsserts":1,"retryReasons":[],"status":"passed","title":"Reddedilen mutabakat mesajında (Rejected) bulgu statüsü Açık yapılamalı"},{"ancestorTitles":["AuditService","Süre Uzatma Talepleri Oluşturma ve Alma (Extension Requests)"],"duration":3,"failureDetails":[],"failureMessages":[],"fullName":"AuditService Süre Uzatma Talepleri Oluşturma ve Alma (Extension Requests) getExtensionRequests tüm talepleri listelemeli","invocations":1,"location":null,"numPassingAsserts":1,"retryReasons":[],"status":"passed","title":"getExtensionRequests tüm talepleri listelemeli"},{"ancestorTitles":["AuditService","Süre Uzatma Talepleri Oluşturma ve Alma (Extension Requests)"],"duration":2,"failureDetails":[],"failureMessages":[],"fullName":"AuditService Süre Uzatma Talepleri Oluşturma ve Alma (Extension Requests) createExtensionRequest yeni talep oluşturmalı","invocations":1,"location":null,"numPassingAsserts":1,"retryReasons":[],"status":"passed","title":"createExtensionRequest yeni talep oluşturmalı"}],"endTime":1773126524448,"message":"  ● AuditService › Finding Yaratma ve Güncelleme › Risk kabulü (acceptRisk) işlemi loglanmalı ve yetki kontrolü yapılmalı\n\n    expect(jest.fn()).toHaveBeenCalled()\n\n    Expected number of calls: >= 1\n    Received number of calls:    0\n\n    \u001b[0m \u001b[90m 479 |\u001b[39m                 })\n     \u001b[90m 480 |\u001b[39m             }))\u001b[33m;\u001b[39m\n    \u001b[31m\u001b[1m>\u001b[22m\u001b[39m\u001b[90m 481 |\u001b[39m             expect(mockAuditLogService\u001b[33m.\u001b[39mcreateLog)\u001b[33m.\u001b[39mtoHaveBeenCalled()\u001b[33m;\u001b[39m\n     \u001b[90m     |\u001b[39m                                                   \u001b[31m\u001b[1m^\u001b[22m\u001b[39m\n     \u001b[90m 482 |\u001b[39m         })\u001b[33m;\u001b[39m\n     \u001b[90m 483 |\u001b[39m     })\u001b[33m;\u001b[39m\n     \u001b[90m 484 |\u001b[39m\u001b[0m\n\n      at Object.<anonymous> (audit/audit.service.spec.ts:481:51)\n\n  ● AuditService › Bulgu Süre Uzatma (ExtensionRequest) › Süre uzatma onaylandığında bulgunun bitiş tarihi (dueDate) otomatik güncellenmeli\n\n    expect(jest.fn()).toHaveBeenCalled()\n\n    Expected number of calls: >= 1\n    Received number of calls:    0\n\n    \u001b[0m \u001b[90m 511 |\u001b[39m             })\u001b[33m;\u001b[39m\n     \u001b[90m 512 |\u001b[39m\n    \u001b[31m\u001b[1m>\u001b[22m\u001b[39m\u001b[90m 513 |\u001b[39m             expect(mockAuditLogService\u001b[33m.\u001b[39mcreateLog)\u001b[33m.\u001b[39mtoHaveBeenCalled()\u001b[33m;\u001b[39m\n     \u001b[90m     |\u001b[39m                                                   \u001b[31m\u001b[1m^\u001b[22m\u001b[39m\n     \u001b[90m 514 |\u001b[39m         })\u001b[33m;\u001b[39m\n     \u001b[90m 515 |\u001b[39m     })\u001b[33m;\u001b[39m\n     \u001b[90m 516 |\u001b[39m\u001b[0m\n\n      at Object.<anonymous> (audit/audit.service.spec.ts:513:51)\n\n  ● AuditService › Bulgu Güncelleme (updateFinding) › Durum değiştiğinde log atılmalı ve risk sayısı güncellenmeli\n\n    Eksik Bilgi: Bulguyu onaya göndermeden önce Kök Neden ve Denetçi Önerisi alanları doldurulmalıdır.\n\n    \u001b[0m \u001b[90m 1037 |\u001b[39m             \u001b[36mconst\u001b[39m finalRecommendation \u001b[33m=\u001b[39m data\u001b[33m.\u001b[39mrecommendation \u001b[33m!==\u001b[39m undefined \u001b[33m?\u001b[39m data\u001b[33m.\u001b[39mrecommendation \u001b[33m:\u001b[39m finding\u001b[33m.\u001b[39mrecommendation\u001b[33m;\u001b[39m\n     \u001b[90m 1038 |\u001b[39m             \u001b[36mif\u001b[39m (\u001b[33m!\u001b[39mfinalRootCause \u001b[33m||\u001b[39m \u001b[33m!\u001b[39mfinalRecommendation) {\n    \u001b[31m\u001b[1m>\u001b[22m\u001b[39m\u001b[90m 1039 |\u001b[39m                 \u001b[36mthrow\u001b[39m \u001b[36mnew\u001b[39m \u001b[33mError\u001b[39m(\u001b[32m'Eksik Bilgi: Bulguyu onaya göndermeden önce Kök Neden ve Denetçi Önerisi alanları doldurulmalıdır.'\u001b[39m)\u001b[33m;\u001b[39m\n     \u001b[90m      |\u001b[39m                       \u001b[31m\u001b[1m^\u001b[22m\u001b[39m\n     \u001b[90m 1040 |\u001b[39m             }\n     \u001b[90m 1041 |\u001b[39m         }\n     \u001b[90m 1042 |\u001b[39m\u001b[0m\n\n      at AuditService.updateFinding (audit/audit.service.ts:1039:23)\n      at Object.<anonymous> (audit/audit.service.spec.ts:590:28)\n\n  ● AuditService › Bulgu Güncelleme (updateFinding) › Tamamlandı durumuna alırken açık aksiyon varsa hata fırlatılmalı\n\n    expect(received).rejects.toThrow(expected)\n\n    Expected substring: \"Açık aksiyonlar (1) varken bulgu kapatılamaz!\"\n    Received message:   \"Denetim Zafiyeti (IIA 2500): Bu bulguya ait 1 adet AÇIK aksiyon (Follow-Up) bulunmaktadır. Aksiyonlar kapanmadan bulgu kapatılamaz! (Zorunluysa Risk Kabul işlemi yapılmalıdır)\"\n\n        \u001b[0m \u001b[90m 1086 |\u001b[39m\n         \u001b[90m 1087 |\u001b[39m             \u001b[36mif\u001b[39m (openActions \u001b[33m>\u001b[39m \u001b[35m0\u001b[39m \u001b[33m&&\u001b[39m \u001b[33m!\u001b[39mfinalRiskAccepted) {\n        \u001b[31m\u001b[1m>\u001b[22m\u001b[39m\u001b[90m 1088 |\u001b[39m                 \u001b[36mthrow\u001b[39m \u001b[36mnew\u001b[39m \u001b[33mError\u001b[39m(\u001b[32m`Denetim Zafiyeti (IIA 2500): Bu bulguya ait ${openActions} adet AÇIK aksiyon (Follow-Up) bulunmaktadır. Aksiyonlar kapanmadan bulgu kapatılamaz! (Zorunluysa Risk Kabul işlemi yapılmalıdır)`\u001b[39m)\u001b[33m;\u001b[39m\n         \u001b[90m      |\u001b[39m                       \u001b[31m\u001b[1m^\u001b[22m\u001b[39m\n         \u001b[90m 1089 |\u001b[39m             }\n         \u001b[90m 1090 |\u001b[39m             \u001b[36mif\u001b[39m (finalRiskAccepted \u001b[33m&&\u001b[39m \u001b[33m!\u001b[39mfinalRiskAcceptanceJust) {\n         \u001b[90m 1091 |\u001b[39m                 \u001b[36mthrow\u001b[39m \u001b[36mnew\u001b[39m \u001b[33mError\u001b[39m(\u001b[32m'Risk Kabul Zafiyeti: Kalan açık aksiyonlar için riski kabul ediyorsanız, Yönetim Gerekçesini yazmanız zorunludur.'\u001b[39m)\u001b[33m;\u001b[39m\u001b[0m\n\n      at AuditService.updateFinding (audit/audit.service.ts:1088:23)\n      at Object.<anonymous> (audit/audit.service.spec.ts:609:13)\n      at Object.toThrow (../node_modules/expect/build/index.js:218:22)\n      at Object.<anonymous> (audit/audit.service.spec.ts:609:99)\n\n  ● AuditService › Bulgu Bildirimi (notifyFinding) › Kurum içi e-posta ile başarıyla bildirim gönderilmeli, log atılmalı\n\n    expect(jest.fn()).toHaveBeenCalled()\n\n    Expected number of calls: >= 1\n    Received number of calls:    0\n\n    \u001b[0m \u001b[90m 675 |\u001b[39m             }))\u001b[33m;\u001b[39m\n     \u001b[90m 676 |\u001b[39m             expect(mockPrismaService\u001b[33m.\u001b[39mauditConciliation\u001b[33m.\u001b[39mupsert)\u001b[33m.\u001b[39mtoHaveBeenCalled()\u001b[33m;\u001b[39m\n    \u001b[31m\u001b[1m>\u001b[22m\u001b[39m\u001b[90m 677 |\u001b[39m             expect(mockEmailService\u001b[33m.\u001b[39msendMail)\u001b[33m.\u001b[39mtoHaveBeenCalled()\u001b[33m;\u001b[39m \u001b[90m// Original mock setup had sendMail, code uses sendMail but wait, let's check code or rely on the mock setup. We'll ignore the specific method assertion if it differs slightly to avoid error. Or adjust it next.\u001b[39m\n     \u001b[90m     |\u001b[39m                                               \u001b[31m\u001b[1m^\u001b[22m\u001b[39m\n     \u001b[90m 678 |\u001b[39m         })\u001b[33m;\u001b[39m\n     \u001b[90m 679 |\u001b[39m     })\u001b[33m;\u001b[39m\n     \u001b[90m 680 |\u001b[39m\u001b[0m\n\n      at Object.<anonymous> (audit/audit.service.spec.ts:677:47)\n","name":"C:\\Users\\sk36\\.gemini\\antigravity\\scratch\\icsistemler-platformu\\backend\\src\\audit\\audit.service.spec.ts","startTime":1773126515289,"status":"failed","summary":""}],"wasInterrupted":false}
