{"total": {"lines":{"total":4348,"covered":334,"skipped":0,"pct":7.68},"statements":{"total":4975,"covered":364,"skipped":0,"pct":7.31},"functions":{"total":877,"covered":48,"skipped":0,"pct":5.47},"branches":{"total":2539,"covered":166,"skipped":0,"pct":6.53},"branchesTrue":{"total":0,"covered":0,"skipped":0,"pct":100}}
,"C:\\Users\\sk36\\.gemini\\antigravity\\scratch\\icsistemler-platformu\\backend\\src\\app.module.ts": {"lines":{"total":23,"covered":0,"skipped":0,"pct":0},"functions":{"total":2,"covered":0,"skipped":0,"pct":0},"statements":{"total":25,"covered":0,"skipped":0,"pct":0},"branches":{"total":0,"covered":0,"skipped":0,"pct":100}}
,"C:\\Users\\sk36\\.gemini\\antigravity\\scratch\\icsistemler-platformu\\backend\\src\\main.ts": {"lines":{"total":20,"covered":0,"skipped":0,"pct":0},"functions":{"total":2,"covered":0,"skipped":0,"pct":0},"statements":{"total":20,"covered":0,"skipped":0,"pct":0},"branches":{"total":4,"covered":0,"skipped":0,"pct":0}}
,"C:\\Users\\sk36\\.gemini\\antigravity\\scratch\\icsistemler-platformu\\backend\\src\\admin\\admin.controller.ts": {"lines":{"total":19,"covered":0,"skipped":0,"pct":0},"functions":{"total":7,"covered":0,"skipped":0,"pct":0},"statements":{"total":21,"covered":0,"skipped":0,"pct":0},"branches":{"total":0,"covered":0,"skipped":0,"pct":100}}
,"C:\\Users\\sk36\\.gemini\\antigravity\\scratch\\icsistemler-platformu\\backend\\src\\admin\\admin.module.ts": {"lines":{"total":5,"covered":0,"skipped":0,"pct":0},"functions":{"total":0,"covered":0,"skipped":0,"pct":100},"statements":{"total":7,"covered":0,"skipped":0,"pct":0},"branches":{"total":0,"covered":0,"skipped":0,"pct":100}}
,"C:\\Users\\sk36\\.gemini\\antigravity\\scratch\\icsistemler-platformu\\backend\\src\\admin\\admin.service.ts": {"lines":{"total":14,"covered":0,"skipped":0,"pct":0},"functions":{"total":9,"covered":0,"skipped":0,"pct":0},"statements":{"total":16,"covered":0,"skipped":0,"pct":0},"branches":{"total":2,"covered":0,"skipped":0,"pct":0}}
,"C:\\Users\\sk36\\.gemini\\antigravity\\scratch\\icsistemler-platformu\\backend\\src\\alert-system\\alert-system.module.ts": {"lines":{"total":5,"covered":0,"skipped":0,"pct":0},"functions":{"total":0,"covered":0,"skipped":0,"pct":100},"statements":{"total":7,"covered":0,"skipped":0,"pct":0},"branches":{"total":0,"covered":0,"skipped":0,"pct":100}}
,"C:\\Users\\sk36\\.gemini\\antigravity\\scratch\\icsistemler-platformu\\backend\\src\\alert-system\\alert.controller.ts": {"lines":{"total":10,"covered":0,"skipped":0,"pct":0},"functions":{"total":4,"covered":0,"skipped":0,"pct":0},"statements":{"total":12,"covered":0,"skipped":0,"pct":0},"branches":{"total":0,"covered":0,"skipped":0,"pct":100}}
,"C:\\Users\\sk36\\.gemini\\antigravity\\scratch\\icsistemler-platformu\\backend\\src\\alert-system\\alert.service.ts": {"lines":{"total":24,"covered":0,"skipped":0,"pct":0},"functions":{"total":5,"covered":0,"skipped":0,"pct":0},"statements":{"total":28,"covered":0,"skipped":0,"pct":0},"branches":{"total":6,"covered":0,"skipped":0,"pct":0}}
,"C:\\Users\\sk36\\.gemini\\antigravity\\scratch\\icsistemler-platformu\\backend\\src\\api\\api.module.ts": {"lines":{"total":8,"covered":0,"skipped":0,"pct":0},"functions":{"total":0,"covered":0,"skipped":0,"pct":100},"statements":{"total":10,"covered":0,"skipped":0,"pct":0},"branches":{"total":0,"covered":0,"skipped":0,"pct":100}}
,"C:\\Users\\sk36\\.gemini\\antigravity\\scratch\\icsistemler-platformu\\backend\\src\\api\\contract.controller.ts": {"lines":{"total":11,"covered":0,"skipped":0,"pct":0},"functions":{"total":3,"covered":0,"skipped":0,"pct":0},"statements":{"total":14,"covered":0,"skipped":0,"pct":0},"branches":{"total":1,"covered":0,"skipped":0,"pct":0}}
,"C:\\Users\\sk36\\.gemini\\antigravity\\scratch\\icsistemler-platformu\\backend\\src\\api\\projection.controller.ts": {"lines":{"total":20,"covered":0,"skipped":0,"pct":0},"functions":{"total":5,"covered":0,"skipped":0,"pct":0},"statements":{"total":23,"covered":0,"skipped":0,"pct":0},"branches":{"total":1,"covered":0,"skipped":0,"pct":0}}
,"C:\\Users\\sk36\\.gemini\\antigravity\\scratch\\icsistemler-platformu\\backend\\src\\api\\risk.controller.ts": {"lines":{"total":17,"covered":0,"skipped":0,"pct":0},"functions":{"total":3,"covered":0,"skipped":0,"pct":0},"statements":{"total":19,"covered":0,"skipped":0,"pct":0},"branches":{"total":1,"covered":0,"skipped":0,"pct":0}}
,"C:\\Users\\sk36\\.gemini\\antigravity\\scratch\\icsistemler-platformu\\backend\\src\\audit\\audit-log.service.ts": {"lines":{"total":27,"covered":27,"skipped":0,"pct":100},"functions":{"total":4,"covered":4,"skipped":0,"pct":100},"statements":{"total":30,"covered":29,"skipped":0,"pct":96.66},"branches":{"total":12,"covered":9,"skipped":0,"pct":75}}
,"C:\\Users\\sk36\\.gemini\\antigravity\\scratch\\icsistemler-platformu\\backend\\src\\audit\\audit-risk.service.ts": {"lines":{"total":44,"covered":3,"skipped":0,"pct":6.81},"functions":{"total":2,"covered":0,"skipped":0,"pct":0},"statements":{"total":57,"covered":5,"skipped":0,"pct":8.77},"branches":{"total":50,"covered":0,"skipped":0,"pct":0}}
,"C:\\Users\\sk36\\.gemini\\antigravity\\scratch\\icsistemler-platformu\\backend\\src\\audit\\audit-trash.service.ts": {"lines":{"total":21,"covered":3,"skipped":0,"pct":14.28},"functions":{"total":8,"covered":0,"skipped":0,"pct":0},"statements":{"total":23,"covered":5,"skipped":0,"pct":21.73},"branches":{"total":0,"covered":0,"skipped":0,"pct":100}}
,"C:\\Users\\sk36\\.gemini\\antigravity\\scratch\\icsistemler-platformu\\backend\\src\\audit\\audit.controller.ts": {"lines":{"total":201,"covered":0,"skipped":0,"pct":0},"functions":{"total":108,"covered":0,"skipped":0,"pct":0},"statements":{"total":238,"covered":0,"skipped":0,"pct":0},"branches":{"total":0,"covered":0,"skipped":0,"pct":100}}
,"C:\\Users\\sk36\\.gemini\\antigravity\\scratch\\icsistemler-platformu\\backend\\src\\audit\\audit.module.ts": {"lines":{"total":32,"covered":0,"skipped":0,"pct":0},"functions":{"total":0,"covered":0,"skipped":0,"pct":100},"statements":{"total":34,"covered":0,"skipped":0,"pct":0},"branches":{"total":0,"covered":0,"skipped":0,"pct":100}}
,"C:\\Users\\sk36\\.gemini\\antigravity\\scratch\\icsistemler-platformu\\backend\\src\\audit\\audit.service.ts": {"lines":{"total":1041,"covered":56,"skipped":0,"pct":5.37},"functions":{"total":170,"covered":7,"skipped":0,"pct":4.11},"statements":{"total":1216,"covered":59,"skipped":0,"pct":4.85},"branches":{"total":1044,"covered":27,"skipped":0,"pct":2.58}}
,"C:\\Users\\sk36\\.gemini\\antigravity\\scratch\\icsistemler-platformu\\backend\\src\\audit\\cron.service.ts": {"lines":{"total":79,"covered":0,"skipped":0,"pct":0},"functions":{"total":8,"covered":0,"skipped":0,"pct":0},"statements":{"total":82,"covered":0,"skipped":0,"pct":0},"branches":{"total":27,"covered":0,"skipped":0,"pct":0}}
,"C:\\Users\\sk36\\.gemini\\antigravity\\scratch\\icsistemler-platformu\\backend\\src\\audit\\data-retention.service.ts": {"lines":{"total":36,"covered":0,"skipped":0,"pct":0},"functions":{"total":4,"covered":0,"skipped":0,"pct":0},"statements":{"total":41,"covered":0,"skipped":0,"pct":0},"branches":{"total":4,"covered":0,"skipped":0,"pct":0}}
,"C:\\Users\\sk36\\.gemini\\antigravity\\scratch\\icsistemler-platformu\\backend\\src\\audit\\escalation.service.ts": {"lines":{"total":28,"covered":0,"skipped":0,"pct":0},"functions":{"total":2,"covered":0,"skipped":0,"pct":0},"statements":{"total":30,"covered":0,"skipped":0,"pct":0},"branches":{"total":16,"covered":0,"skipped":0,"pct":0}}
,"C:\\Users\\sk36\\.gemini\\antigravity\\scratch\\icsistemler-platformu\\backend\\src\\audit\\ethics.controller.ts": {"lines":{"total":44,"covered":0,"skipped":0,"pct":0},"functions":{"total":15,"covered":0,"skipped":0,"pct":0},"statements":{"total":48,"covered":0,"skipped":0,"pct":0},"branches":{"total":12,"covered":0,"skipped":0,"pct":0}}
,"C:\\Users\\sk36\\.gemini\\antigravity\\scratch\\icsistemler-platformu\\backend\\src\\audit\\ethics.service.ts": {"lines":{"total":201,"covered":0,"skipped":0,"pct":0},"functions":{"total":28,"covered":0,"skipped":0,"pct":0},"statements":{"total":219,"covered":0,"skipped":0,"pct":0},"branches":{"total":100,"covered":0,"skipped":0,"pct":0}}
,"C:\\Users\\sk36\\.gemini\\antigravity\\scratch\\icsistemler-platformu\\backend\\src\\audit\\finding.service.ts": {"lines":{"total":198,"covered":121,"skipped":0,"pct":61.11},"functions":{"total":35,"covered":19,"skipped":0,"pct":54.28},"statements":{"total":241,"covered":131,"skipped":0,"pct":54.35},"branches":{"total":226,"covered":94,"skipped":0,"pct":41.59}}
,"C:\\Users\\sk36\\.gemini\\antigravity\\scratch\\icsistemler-platformu\\backend\\src\\audit\\independence.controller.ts": {"lines":{"total":34,"covered":0,"skipped":0,"pct":0},"functions":{"total":13,"covered":0,"skipped":0,"pct":0},"statements":{"total":36,"covered":0,"skipped":0,"pct":0},"branches":{"total":6,"covered":0,"skipped":0,"pct":0}}
,"C:\\Users\\sk36\\.gemini\\antigravity\\scratch\\icsistemler-platformu\\backend\\src\\audit\\independence.service.ts": {"lines":{"total":45,"covered":0,"skipped":0,"pct":0},"functions":{"total":14,"covered":0,"skipped":0,"pct":0},"statements":{"total":53,"covered":0,"skipped":0,"pct":0},"branches":{"total":38,"covered":0,"skipped":0,"pct":0}}
,"C:\\Users\\sk36\\.gemini\\antigravity\\scratch\\icsistemler-platformu\\backend\\src\\audit\\multi-year-plan.controller.ts": {"lines":{"total":31,"covered":0,"skipped":0,"pct":0},"functions":{"total":12,"covered":0,"skipped":0,"pct":0},"statements":{"total":34,"covered":0,"skipped":0,"pct":0},"branches":{"total":1,"covered":0,"skipped":0,"pct":0}}
,"C:\\Users\\sk36\\.gemini\\antigravity\\scratch\\icsistemler-platformu\\backend\\src\\audit\\multi-year-plan.service.ts": {"lines":{"total":33,"covered":0,"skipped":0,"pct":0},"functions":{"total":12,"covered":0,"skipped":0,"pct":0},"statements":{"total":37,"covered":0,"skipped":0,"pct":0},"branches":{"total":8,"covered":0,"skipped":0,"pct":0}}
,"C:\\Users\\sk36\\.gemini\\antigravity\\scratch\\icsistemler-platformu\\backend\\src\\audit\\quality.controller.ts": {"lines":{"total":39,"covered":0,"skipped":0,"pct":0},"functions":{"total":18,"covered":0,"skipped":0,"pct":0},"statements":{"total":41,"covered":0,"skipped":0,"pct":0},"branches":{"total":0,"covered":0,"skipped":0,"pct":100}}
,"C:\\Users\\sk36\\.gemini\\antigravity\\scratch\\icsistemler-platformu\\backend\\src\\audit\\quality.service.ts": {"lines":{"total":113,"covered":0,"skipped":0,"pct":0},"functions":{"total":40,"covered":0,"skipped":0,"pct":0},"statements":{"total":132,"covered":0,"skipped":0,"pct":0},"branches":{"total":84,"covered":0,"skipped":0,"pct":0}}
,"C:\\Users\\sk36\\.gemini\\antigravity\\scratch\\icsistemler-platformu\\backend\\src\\audit\\report-generator.service.ts": {"lines":{"total":127,"covered":0,"skipped":0,"pct":0},"functions":{"total":17,"covered":0,"skipped":0,"pct":0},"statements":{"total":140,"covered":0,"skipped":0,"pct":0},"branches":{"total":105,"covered":0,"skipped":0,"pct":0}}
,"C:\\Users\\sk36\\.gemini\\antigravity\\scratch\\icsistemler-platformu\\backend\\src\\audit\\sampling.controller.ts": {"lines":{"total":28,"covered":0,"skipped":0,"pct":0},"functions":{"total":12,"covered":0,"skipped":0,"pct":0},"statements":{"total":30,"covered":0,"skipped":0,"pct":0},"branches":{"total":0,"covered":0,"skipped":0,"pct":100}}
,"C:\\Users\\sk36\\.gemini\\antigravity\\scratch\\icsistemler-platformu\\backend\\src\\audit\\sampling.service.ts": {"lines":{"total":261,"covered":0,"skipped":0,"pct":0},"functions":{"total":49,"covered":0,"skipped":0,"pct":0},"statements":{"total":323,"covered":0,"skipped":0,"pct":0},"branches":{"total":184,"covered":0,"skipped":0,"pct":0}}
,"C:\\Users\\sk36\\.gemini\\antigravity\\scratch\\icsistemler-platformu\\backend\\src\\audit\\timesheet.controller.ts": {"lines":{"total":15,"covered":0,"skipped":0,"pct":0},"functions":{"total":6,"covered":0,"skipped":0,"pct":0},"statements":{"total":17,"covered":0,"skipped":0,"pct":0},"branches":{"total":0,"covered":0,"skipped":0,"pct":100}}
,"C:\\Users\\sk36\\.gemini\\antigravity\\scratch\\icsistemler-platformu\\backend\\src\\audit\\timesheet.service.ts": {"lines":{"total":25,"covered":0,"skipped":0,"pct":0},"functions":{"total":9,"covered":0,"skipped":0,"pct":0},"statements":{"total":31,"covered":0,"skipped":0,"pct":0},"branches":{"total":21,"covered":0,"skipped":0,"pct":0}}
,"C:\\Users\\sk36\\.gemini\\antigravity\\scratch\\icsistemler-platformu\\backend\\src\\audit\\workpaper-template.controller.ts": {"lines":{"total":17,"covered":0,"skipped":0,"pct":0},"functions":{"total":7,"covered":0,"skipped":0,"pct":0},"statements":{"total":19,"covered":0,"skipped":0,"pct":0},"branches":{"total":0,"covered":0,"skipped":0,"pct":100}}
,"C:\\Users\\sk36\\.gemini\\antigravity\\scratch\\icsistemler-platformu\\backend\\src\\audit\\workpaper-template.service.ts": {"lines":{"total":16,"covered":0,"skipped":0,"pct":0},"functions":{"total":7,"covered":0,"skipped":0,"pct":0},"statements":{"total":20,"covered":0,"skipped":0,"pct":0},"branches":{"total":2,"covered":0,"skipped":0,"pct":0}}
,"C:\\Users\\sk36\\.gemini\\antigravity\\scratch\\icsistemler-platformu\\backend\\src\\audit\\workpaper.controller.ts": {"lines":{"total":31,"covered":0,"skipped":0,"pct":0},"functions":{"total":12,"covered":0,"skipped":0,"pct":0},"statements":{"total":33,"covered":0,"skipped":0,"pct":0},"branches":{"total":9,"covered":0,"skipped":0,"pct":0}}
,"C:\\Users\\sk36\\.gemini\\antigravity\\scratch\\icsistemler-platformu\\backend\\src\\audit\\workpaper.service.ts": {"lines":{"total":71,"covered":0,"skipped":0,"pct":0},"functions":{"total":12,"covered":0,"skipped":0,"pct":0},"statements":{"total":90,"covered":0,"skipped":0,"pct":0},"branches":{"total":44,"covered":0,"skipped":0,"pct":0}}
,"C:\\Users\\sk36\\.gemini\\antigravity\\scratch\\icsistemler-platformu\\backend\\src\\audit\\dto\\audit-extension.dto.ts": {"lines":{"total":10,"covered":0,"skipped":0,"pct":0},"functions":{"total":0,"covered":0,"skipped":0,"pct":100},"statements":{"total":10,"covered":0,"skipped":0,"pct":0},"branches":{"total":0,"covered":0,"skipped":0,"pct":100}}
,"C:\\Users\\sk36\\.gemini\\antigravity\\scratch\\icsistemler-platformu\\backend\\src\\audit\\dto\\audit.dto.ts": {"lines":{"total":54,"covered":0,"skipped":0,"pct":0},"functions":{"total":0,"covered":0,"skipped":0,"pct":100},"statements":{"total":54,"covered":0,"skipped":0,"pct":0},"branches":{"total":0,"covered":0,"skipped":0,"pct":100}}
,"C:\\Users\\sk36\\.gemini\\antigravity\\scratch\\icsistemler-platformu\\backend\\src\\audit\\dto\\finding.dto.ts": {"lines":{"total":32,"covered":0,"skipped":0,"pct":0},"functions":{"total":0,"covered":0,"skipped":0,"pct":100},"statements":{"total":32,"covered":0,"skipped":0,"pct":0},"branches":{"total":0,"covered":0,"skipped":0,"pct":100}}
,"C:\\Users\\sk36\\.gemini\\antigravity\\scratch\\icsistemler-platformu\\backend\\src\\auditron\\auditron.controller.ts": {"lines":{"total":35,"covered":0,"skipped":0,"pct":0},"functions":{"total":6,"covered":0,"skipped":0,"pct":0},"statements":{"total":37,"covered":0,"skipped":0,"pct":0},"branches":{"total":6,"covered":0,"skipped":0,"pct":0}}
,"C:\\Users\\sk36\\.gemini\\antigravity\\scratch\\icsistemler-platformu\\backend\\src\\auditron\\auditron.module.ts": {"lines":{"total":6,"covered":0,"skipped":0,"pct":0},"functions":{"total":0,"covered":0,"skipped":0,"pct":100},"statements":{"total":8,"covered":0,"skipped":0,"pct":0},"branches":{"total":0,"covered":0,"skipped":0,"pct":100}}
,"C:\\Users\\sk36\\.gemini\\antigravity\\scratch\\icsistemler-platformu\\backend\\src\\auditron\\auditron.service.ts": {"lines":{"total":191,"covered":6,"skipped":0,"pct":3.14},"functions":{"total":29,"covered":0,"skipped":0,"pct":0},"statements":{"total":209,"covered":8,"skipped":0,"pct":3.82},"branches":{"total":148,"covered":0,"skipped":0,"pct":0}}
,"C:\\Users\\sk36\\.gemini\\antigravity\\scratch\\icsistemler-platformu\\backend\\src\\auth\\auth.controller.ts": {"lines":{"total":17,"covered":0,"skipped":0,"pct":0},"functions":{"total":5,"covered":0,"skipped":0,"pct":0},"statements":{"total":19,"covered":0,"skipped":0,"pct":0},"branches":{"total":0,"covered":0,"skipped":0,"pct":100}}
,"C:\\Users\\sk36\\.gemini\\antigravity\\scratch\\icsistemler-platformu\\backend\\src\\auth\\auth.module.ts": {"lines":{"total":9,"covered":0,"skipped":0,"pct":0},"functions":{"total":0,"covered":0,"skipped":0,"pct":100},"statements":{"total":11,"covered":0,"skipped":0,"pct":0},"branches":{"total":0,"covered":0,"skipped":0,"pct":100}}
,"C:\\Users\\sk36\\.gemini\\antigravity\\scratch\\icsistemler-platformu\\backend\\src\\auth\\auth.service.ts": {"lines":{"total":86,"covered":72,"skipped":0,"pct":83.72},"functions":{"total":10,"covered":8,"skipped":0,"pct":80},"statements":{"total":89,"covered":74,"skipped":0,"pct":83.14},"branches":{"total":24,"covered":21,"skipped":0,"pct":87.5}}
,"C:\\Users\\sk36\\.gemini\\antigravity\\scratch\\icsistemler-platformu\\backend\\src\\auth\\jwt.constants.ts": {"lines":{"total":1,"covered":0,"skipped":0,"pct":0},"functions":{"total":0,"covered":0,"skipped":0,"pct":100},"statements":{"total":1,"covered":0,"skipped":0,"pct":0},"branches":{"total":6,"covered":0,"skipped":0,"pct":0}}
,"C:\\Users\\sk36\\.gemini\\antigravity\\scratch\\icsistemler-platformu\\backend\\src\\auth\\jwt.strategy.ts": {"lines":{"total":21,"covered":0,"skipped":0,"pct":0},"functions":{"total":5,"covered":0,"skipped":0,"pct":0},"statements":{"total":24,"covered":0,"skipped":0,"pct":0},"branches":{"total":4,"covered":0,"skipped":0,"pct":0}}
,"C:\\Users\\sk36\\.gemini\\antigravity\\scratch\\icsistemler-platformu\\backend\\src\\auth\\user.service.ts": {"lines":{"total":46,"covered":40,"skipped":0,"pct":86.95},"functions":{"total":15,"covered":10,"skipped":0,"pct":66.66},"statements":{"total":49,"covered":43,"skipped":0,"pct":87.75},"branches":{"total":22,"covered":15,"skipped":0,"pct":68.18}}
,"C:\\Users\\sk36\\.gemini\\antigravity\\scratch\\icsistemler-platformu\\backend\\src\\auth\\decorators\\permissions.decorator.ts": {"lines":{"total":4,"covered":0,"skipped":0,"pct":0},"functions":{"total":1,"covered":0,"skipped":0,"pct":0},"statements":{"total":5,"covered":0,"skipped":0,"pct":0},"branches":{"total":0,"covered":0,"skipped":0,"pct":100}}
,"C:\\Users\\sk36\\.gemini\\antigravity\\scratch\\icsistemler-platformu\\backend\\src\\auth\\decorators\\public.decorator.ts": {"lines":{"total":3,"covered":0,"skipped":0,"pct":0},"functions":{"total":1,"covered":0,"skipped":0,"pct":0},"statements":{"total":5,"covered":0,"skipped":0,"pct":0},"branches":{"total":0,"covered":0,"skipped":0,"pct":100}}
,"C:\\Users\\sk36\\.gemini\\antigravity\\scratch\\icsistemler-platformu\\backend\\src\\auth\\dto\\login.dto.ts": {"lines":{"total":4,"covered":0,"skipped":0,"pct":0},"functions":{"total":0,"covered":0,"skipped":0,"pct":100},"statements":{"total":4,"covered":0,"skipped":0,"pct":0},"branches":{"total":0,"covered":0,"skipped":0,"pct":100}}
,"C:\\Users\\sk36\\.gemini\\antigravity\\scratch\\icsistemler-platformu\\backend\\src\\auth\\dto\\refresh-token.dto.ts": {"lines":{"total":3,"covered":0,"skipped":0,"pct":0},"functions":{"total":0,"covered":0,"skipped":0,"pct":100},"statements":{"total":3,"covered":0,"skipped":0,"pct":0},"branches":{"total":0,"covered":0,"skipped":0,"pct":100}}
,"C:\\Users\\sk36\\.gemini\\antigravity\\scratch\\icsistemler-platformu\\backend\\src\\auth\\guards\\jwt-auth.guard.ts": {"lines":{"total":11,"covered":0,"skipped":0,"pct":0},"functions":{"total":2,"covered":0,"skipped":0,"pct":0},"statements":{"total":13,"covered":0,"skipped":0,"pct":0},"branches":{"total":1,"covered":0,"skipped":0,"pct":0}}
,"C:\\Users\\sk36\\.gemini\\antigravity\\scratch\\icsistemler-platformu\\backend\\src\\auth\\guards\\permissions.guard.ts": {"lines":{"total":22,"covered":0,"skipped":0,"pct":0},"functions":{"total":5,"covered":0,"skipped":0,"pct":0},"statements":{"total":24,"covered":0,"skipped":0,"pct":0},"branches":{"total":12,"covered":0,"skipped":0,"pct":0}}
,"C:\\Users\\sk36\\.gemini\\antigravity\\scratch\\icsistemler-platformu\\backend\\src\\common\\common.module.ts": {"lines":{"total":6,"covered":0,"skipped":0,"pct":0},"functions":{"total":0,"covered":0,"skipped":0,"pct":100},"statements":{"total":8,"covered":0,"skipped":0,"pct":0},"branches":{"total":0,"covered":0,"skipped":0,"pct":100}}
,"C:\\Users\\sk36\\.gemini\\antigravity\\scratch\\icsistemler-platformu\\backend\\src\\common\\prisma.service.ts": {"lines":{"total":6,"covered":3,"skipped":0,"pct":50},"functions":{"total":2,"covered":0,"skipped":0,"pct":0},"statements":{"total":8,"covered":5,"skipped":0,"pct":62.5},"branches":{"total":0,"covered":0,"skipped":0,"pct":100}}
,"C:\\Users\\sk36\\.gemini\\antigravity\\scratch\\icsistemler-platformu\\backend\\src\\common\\secure-file.controller.ts": {"lines":{"total":41,"covered":0,"skipped":0,"pct":0},"functions":{"total":7,"covered":0,"skipped":0,"pct":0},"statements":{"total":52,"covered":0,"skipped":0,"pct":0},"branches":{"total":24,"covered":0,"skipped":0,"pct":0}}
,"C:\\Users\\sk36\\.gemini\\antigravity\\scratch\\icsistemler-platformu\\backend\\src\\common\\filters\\http-exception.filter.ts": {"lines":{"total":25,"covered":0,"skipped":0,"pct":0},"functions":{"total":2,"covered":0,"skipped":0,"pct":0},"statements":{"total":30,"covered":0,"skipped":0,"pct":0},"branches":{"total":20,"covered":0,"skipped":0,"pct":0}}
,"C:\\Users\\sk36\\.gemini\\antigravity\\scratch\\icsistemler-platformu\\backend\\src\\common\\interceptors\\audit-access-log.interceptor.ts": {"lines":{"total":20,"covered":0,"skipped":0,"pct":0},"functions":{"total":5,"covered":0,"skipped":0,"pct":0},"statements":{"total":23,"covered":0,"skipped":0,"pct":0},"branches":{"total":11,"covered":0,"skipped":0,"pct":0}}
,"C:\\Users\\sk36\\.gemini\\antigravity\\scratch\\icsistemler-platformu\\backend\\src\\documents\\documents.controller.ts": {"lines":{"total":28,"covered":0,"skipped":0,"pct":0},"functions":{"total":11,"covered":0,"skipped":0,"pct":0},"statements":{"total":30,"covered":0,"skipped":0,"pct":0},"branches":{"total":1,"covered":0,"skipped":0,"pct":0}}
,"C:\\Users\\sk36\\.gemini\\antigravity\\scratch\\icsistemler-platformu\\backend\\src\\documents\\documents.module.ts": {"lines":{"total":6,"covered":0,"skipped":0,"pct":0},"functions":{"total":0,"covered":0,"skipped":0,"pct":100},"statements":{"total":8,"covered":0,"skipped":0,"pct":0},"branches":{"total":0,"covered":0,"skipped":0,"pct":100}}
,"C:\\Users\\sk36\\.gemini\\antigravity\\scratch\\icsistemler-platformu\\backend\\src\\documents\\documents.service.ts": {"lines":{"total":89,"covered":0,"skipped":0,"pct":0},"functions":{"total":19,"covered":0,"skipped":0,"pct":0},"statements":{"total":96,"covered":0,"skipped":0,"pct":0},"branches":{"total":21,"covered":0,"skipped":0,"pct":0}}
,"C:\\Users\\sk36\\.gemini\\antigravity\\scratch\\icsistemler-platformu\\backend\\src\\email\\email.module.ts": {"lines":{"total":7,"covered":0,"skipped":0,"pct":0},"functions":{"total":1,"covered":0,"skipped":0,"pct":0},"statements":{"total":9,"covered":0,"skipped":0,"pct":0},"branches":{"total":8,"covered":0,"skipped":0,"pct":0}}
,"C:\\Users\\sk36\\.gemini\\antigravity\\scratch\\icsistemler-platformu\\backend\\src\\email\\email.service.ts": {"lines":{"total":52,"covered":3,"skipped":0,"pct":5.76},"functions":{"total":10,"covered":0,"skipped":0,"pct":0},"statements":{"total":54,"covered":5,"skipped":0,"pct":9.25},"branches":{"total":32,"covered":0,"skipped":0,"pct":0}}
,"C:\\Users\\sk36\\.gemini\\antigravity\\scratch\\icsistemler-platformu\\backend\\src\\email\\imap.service.ts": {"lines":{"total":91,"covered":0,"skipped":0,"pct":0},"functions":{"total":20,"covered":0,"skipped":0,"pct":0},"statements":{"total":94,"covered":0,"skipped":0,"pct":0},"branches":{"total":40,"covered":0,"skipped":0,"pct":0}}
,"C:\\Users\\sk36\\.gemini\\antigravity\\scratch\\icsistemler-platformu\\backend\\src\\liquidity-stress\\liquidity-stress.controller.ts": {"lines":{"total":6,"covered":0,"skipped":0,"pct":0},"functions":{"total":2,"covered":0,"skipped":0,"pct":0},"statements":{"total":8,"covered":0,"skipped":0,"pct":0},"branches":{"total":0,"covered":0,"skipped":0,"pct":100}}
,"C:\\Users\\sk36\\.gemini\\antigravity\\scratch\\icsistemler-platformu\\backend\\src\\liquidity-stress\\liquidity-stress.module.ts": {"lines":{"total":6,"covered":0,"skipped":0,"pct":0},"functions":{"total":0,"covered":0,"skipped":0,"pct":100},"statements":{"total":8,"covered":0,"skipped":0,"pct":0},"branches":{"total":0,"covered":0,"skipped":0,"pct":100}}
,"C:\\Users\\sk36\\.gemini\\antigravity\\scratch\\icsistemler-platformu\\backend\\src\\liquidity-stress\\liquidity-stress.service.ts": {"lines":{"total":29,"covered":0,"skipped":0,"pct":0},"functions":{"total":6,"covered":0,"skipped":0,"pct":0},"statements":{"total":33,"covered":0,"skipped":0,"pct":0},"branches":{"total":6,"covered":0,"skipped":0,"pct":0}}
,"C:\\Users\\sk36\\.gemini\\antigravity\\scratch\\icsistemler-platformu\\backend\\src\\organization\\organization.controller.ts": {"lines":{"total":13,"covered":0,"skipped":0,"pct":0},"functions":{"total":5,"covered":0,"skipped":0,"pct":0},"statements":{"total":15,"covered":0,"skipped":0,"pct":0},"branches":{"total":0,"covered":0,"skipped":0,"pct":100}}
,"C:\\Users\\sk36\\.gemini\\antigravity\\scratch\\icsistemler-platformu\\backend\\src\\organization\\organization.module.ts": {"lines":{"total":5,"covered":0,"skipped":0,"pct":0},"functions":{"total":0,"covered":0,"skipped":0,"pct":100},"statements":{"total":7,"covered":0,"skipped":0,"pct":0},"branches":{"total":0,"covered":0,"skipped":0,"pct":100}}
,"C:\\Users\\sk36\\.gemini\\antigravity\\scratch\\icsistemler-platformu\\backend\\src\\organization\\organization.service.ts": {"lines":{"total":44,"covered":0,"skipped":0,"pct":0},"functions":{"total":5,"covered":0,"skipped":0,"pct":0},"statements":{"total":55,"covered":0,"skipped":0,"pct":0},"branches":{"total":37,"covered":0,"skipped":0,"pct":0}}
,"C:\\Users\\sk36\\.gemini\\antigravity\\scratch\\icsistemler-platformu\\backend\\src\\risk-engine\\cancellation.calculator.ts": {"lines":{"total":17,"covered":0,"skipped":0,"pct":0},"functions":{"total":2,"covered":0,"skipped":0,"pct":0},"statements":{"total":19,"covered":0,"skipped":0,"pct":0},"branches":{"total":9,"covered":0,"skipped":0,"pct":0}}
,"C:\\Users\\sk36\\.gemini\\antigravity\\scratch\\icsistemler-platformu\\backend\\src\\risk-engine\\concentration.calculator.ts": {"lines":{"total":50,"covered":0,"skipped":0,"pct":0},"functions":{"total":7,"covered":0,"skipped":0,"pct":0},"statements":{"total":55,"covered":0,"skipped":0,"pct":0},"branches":{"total":22,"covered":0,"skipped":0,"pct":0}}
,"C:\\Users\\sk36\\.gemini\\antigravity\\scratch\\icsistemler-platformu\\backend\\src\\risk-engine\\delivery-liability.calculator.ts": {"lines":{"total":20,"covered":0,"skipped":0,"pct":0},"functions":{"total":4,"covered":0,"skipped":0,"pct":0},"statements":{"total":23,"covered":0,"skipped":0,"pct":0},"branches":{"total":6,"covered":0,"skipped":0,"pct":0}}
,"C:\\Users\\sk36\\.gemini\\antigravity\\scratch\\icsistemler-platformu\\backend\\src\\risk-engine\\delivery-pressure.calculator.ts": {"lines":{"total":23,"covered":0,"skipped":0,"pct":0},"functions":{"total":3,"covered":0,"skipped":0,"pct":0},"statements":{"total":25,"covered":0,"skipped":0,"pct":0},"branches":{"total":13,"covered":0,"skipped":0,"pct":0}}
,"C:\\Users\\sk36\\.gemini\\antigravity\\scratch\\icsistemler-platformu\\backend\\src\\risk-engine\\dpd.calculator.ts": {"lines":{"total":31,"covered":0,"skipped":0,"pct":0},"functions":{"total":4,"covered":0,"skipped":0,"pct":0},"statements":{"total":36,"covered":0,"skipped":0,"pct":0},"branches":{"total":17,"covered":0,"skipped":0,"pct":0}}
,"C:\\Users\\sk36\\.gemini\\antigravity\\scratch\\icsistemler-platformu\\backend\\src\\risk-engine\\liquidity.calculator.ts": {"lines":{"total":29,"covered":0,"skipped":0,"pct":0},"functions":{"total":2,"covered":0,"skipped":0,"pct":0},"statements":{"total":31,"covered":0,"skipped":0,"pct":0},"branches":{"total":9,"covered":0,"skipped":0,"pct":0}}
,"C:\\Users\\sk36\\.gemini\\antigravity\\scratch\\icsistemler-platformu\\backend\\src\\risk-engine\\npl.calculator.ts": {"lines":{"total":23,"covered":0,"skipped":0,"pct":0},"functions":{"total":4,"covered":0,"skipped":0,"pct":0},"statements":{"total":27,"covered":0,"skipped":0,"pct":0},"branches":{"total":14,"covered":0,"skipped":0,"pct":0}}
,"C:\\Users\\sk36\\.gemini\\antigravity\\scratch\\icsistemler-platformu\\backend\\src\\risk-engine\\risk-engine.module.ts": {"lines":{"total":11,"covered":0,"skipped":0,"pct":0},"functions":{"total":0,"covered":0,"skipped":0,"pct":100},"statements":{"total":13,"covered":0,"skipped":0,"pct":0},"branches":{"total":0,"covered":0,"skipped":0,"pct":100}}
,"C:\\Users\\sk36\\.gemini\\antigravity\\scratch\\icsistemler-platformu\\backend\\src\\risk-engine\\risk-engine.service.ts": {"lines":{"total":50,"covered":0,"skipped":0,"pct":0},"functions":{"total":3,"covered":0,"skipped":0,"pct":0},"statements":{"total":52,"covered":0,"skipped":0,"pct":0},"branches":{"total":9,"covered":0,"skipped":0,"pct":0}}
,"C:\\Users\\sk36\\.gemini\\antigravity\\scratch\\icsistemler-platformu\\backend\\src\\risk-engine\\risk-engine.types.ts": {"lines":{"total":2,"covered":0,"skipped":0,"pct":0},"functions":{"total":0,"covered":0,"skipped":0,"pct":100},"statements":{"total":2,"covered":0,"skipped":0,"pct":0},"branches":{"total":0,"covered":0,"skipped":0,"pct":100}}
,"C:\\Users\\sk36\\.gemini\\antigravity\\scratch\\icsistemler-platformu\\backend\\src\\sanction\\sanction.controller.ts": {"lines":{"total":8,"covered":0,"skipped":0,"pct":0},"functions":{"total":3,"covered":0,"skipped":0,"pct":0},"statements":{"total":10,"covered":0,"skipped":0,"pct":0},"branches":{"total":0,"covered":0,"skipped":0,"pct":100}}
,"C:\\Users\\sk36\\.gemini\\antigravity\\scratch\\icsistemler-platformu\\backend\\src\\sanction\\sanction.module.ts": {"lines":{"total":5,"covered":0,"skipped":0,"pct":0},"functions":{"total":0,"covered":0,"skipped":0,"pct":100},"statements":{"total":7,"covered":0,"skipped":0,"pct":0},"branches":{"total":0,"covered":0,"skipped":0,"pct":100}}
,"C:\\Users\\sk36\\.gemini\\antigravity\\scratch\\icsistemler-platformu\\backend\\src\\sanction\\sanction.service.ts": {"lines":{"total":6,"covered":0,"skipped":0,"pct":0},"functions":{"total":3,"covered":0,"skipped":0,"pct":0},"statements":{"total":8,"covered":0,"skipped":0,"pct":0},"branches":{"total":0,"covered":0,"skipped":0,"pct":100}}
,"C:\\Users\\sk36\\.gemini\\antigravity\\scratch\\icsistemler-platformu\\backend\\src\\scenario-engine\\scenario-engine.module.ts": {"lines":{"total":5,"covered":0,"skipped":0,"pct":0},"functions":{"total":0,"covered":0,"skipped":0,"pct":100},"statements":{"total":7,"covered":0,"skipped":0,"pct":0},"branches":{"total":0,"covered":0,"skipped":0,"pct":100}}
,"C:\\Users\\sk36\\.gemini\\antigravity\\scratch\\icsistemler-platformu\\backend\\src\\scenario-engine\\scenario-engine.service.ts": {"lines":{"total":25,"covered":0,"skipped":0,"pct":0},"functions":{"total":4,"covered":0,"skipped":0,"pct":0},"statements":{"total":28,"covered":0,"skipped":0,"pct":0},"branches":{"total":9,"covered":0,"skipped":0,"pct":0}}
}
