TN:
SF:src\app.module.ts
FN:69,(anonymous_1)
FN:72,(anonymous_2)
FN:74,(anonymous_3)
FNF:3
FNH:0
FNDA:0,(anonymous_1)
FNDA:0,(anonymous_2)
FNDA:0,(anonymous_3)
DA:1,0
DA:2,0
DA:3,0
DA:4,0
DA:5,0
DA:6,0
DA:7,0
DA:8,0
DA:10,0
DA:11,0
DA:12,0
DA:13,0
DA:14,0
DA:15,0
DA:16,0
DA:17,0
DA:18,0
DA:19,0
DA:20,0
DA:21,0
DA:22,0
DA:23,0
DA:24,0
DA:25,0
DA:26,0
DA:69,0
DA:70,0
DA:73,0
DA:75,0
DA:76,0
LF:30
LH:0
BRF:0
BRH:0
end_of_record
TN:
SF:src\health.controller.ts
FN:6,(anonymous_2)
FN:9,(anonymous_3)
FNF:2
FNH:0
FNDA:0,(anonymous_2)
FNDA:0,(anonymous_3)
DA:1,0
DA:2,0
DA:5,0
DA:6,0
DA:9,0
DA:10,0
DA:11,0
DA:13,0
DA:14,0
DA:16,0
DA:19,0
LF:11
LH:0
BRDA:20,0,0,0
BRDA:20,0,1,0
BRDA:26,1,0,0
BRDA:26,1,1,0
BRDA:27,2,0,0
BRDA:27,2,1,0
BRDA:29,3,0,0
BRDA:29,3,1,0
BRF:8
BRH:0
end_of_record
TN:
SF:src\main.ts
FN:4,(anonymous_0)
FN:5,(anonymous_1)
FN:6,(anonymous_2)
FN:7,(anonymous_3)
FN:20,bootstrap
FN:28,(anonymous_5)
FN:48,(anonymous_6)
FN:63,(anonymous_7)
FNF:8
FNH:0
FNDA:0,(anonymous_0)
FNDA:0,(anonymous_1)
FNDA:0,(anonymous_2)
FNDA:0,(anonymous_3)
FNDA:0,bootstrap
FNDA:0,(anonymous_5)
FNDA:0,(anonymous_6)
FNDA:0,(anonymous_7)
DA:2,0
DA:3,0
DA:5,0
DA:6,0
DA:7,0
DA:11,0
DA:13,0
DA:14,0
DA:15,0
DA:16,0
DA:17,0
DA:18,0
DA:22,0
DA:28,0
DA:29,0
DA:30,0
DA:35,0
DA:40,0
DA:48,0
DA:62,0
DA:63,0
DA:66,0
DA:73,0
DA:77,0
DA:78,0
DA:81,0
DA:84,0
DA:85,0
DA:87,0
DA:88,0
DA:91,0
LF:31
LH:0
BRDA:2,0,0,0
BRDA:48,1,0,0
BRDA:48,1,1,0
BRDA:62,2,0,0
BRDA:62,2,1,0
BRDA:84,3,0,0
BRDA:84,3,1,0
BRF:7
BRH:0
end_of_record
TN:
SF:src\admin\admin.controller.ts
FN:10,(anonymous_4)
FN:14,(anonymous_5)
FN:20,(anonymous_6)
FN:29,(anonymous_7)
FN:39,(anonymous_8)
FN:45,(anonymous_9)
FN:51,(anonymous_10)
FNF:7
FNH:0
FNDA:0,(anonymous_4)
FNDA:0,(anonymous_5)
FNDA:0,(anonymous_6)
FNDA:0,(anonymous_7)
FNDA:0,(anonymous_8)
FNDA:0,(anonymous_9)
FNDA:0,(anonymous_10)
DA:1,0
DA:2,0
DA:3,0
DA:4,0
DA:5,0
DA:9,0
DA:10,0
DA:14,0
DA:15,0
DA:20,0
DA:24,0
DA:29,0
DA:34,0
DA:39,0
DA:40,0
DA:45,0
DA:46,0
DA:51,0
DA:56,0
LF:19
LH:0
BRF:0
BRH:0
end_of_record
TN:
SF:src\admin\admin.module.ts
FNF:0
FNH:0
DA:1,0
DA:2,0
DA:3,0
DA:4,0
DA:5,0
DA:13,0
LF:6
LH:0
BRF:0
BRH:0
end_of_record
TN:
SF:src\admin\admin.service.ts
FN:7,(anonymous_2)
FN:13,(anonymous_3)
FN:26,(anonymous_4)
FN:48,(anonymous_5)
FN:58,(anonymous_6)
FN:79,(anonymous_7)
FN:86,(anonymous_8)
FN:110,(anonymous_9)
FN:118,(anonymous_10)
FN:129,(anonymous_11)
FNF:10
FNH:0
FNDA:0,(anonymous_2)
FNDA:0,(anonymous_3)
FNDA:0,(anonymous_4)
FNDA:0,(anonymous_5)
FNDA:0,(anonymous_6)
FNDA:0,(anonymous_7)
FNDA:0,(anonymous_8)
FNDA:0,(anonymous_9)
FNDA:0,(anonymous_10)
FNDA:0,(anonymous_11)
DA:1,0
DA:2,0
DA:3,0
DA:6,0
DA:8,0
DA:9,0
DA:14,0
DA:27,0
DA:36,0
DA:37,0
DA:45,0
DA:49,0
DA:52,0
DA:57,0
DA:58,0
DA:65,0
DA:66,0
DA:75,0
DA:80,0
DA:87,0
DA:111,0
DA:113,0
DA:117,0
DA:118,0
DA:125,0
DA:129,0
DA:131,0
DA:132,0
DA:141,0
LF:29
LH:0
BRDA:36,0,0,0
BRDA:36,0,1,0
BRDA:36,0,2,0
BRDA:61,1,0,0
BRDA:61,1,1,0
BRDA:65,2,0,0
BRDA:65,2,1,0
BRDA:65,2,2,0
BRDA:69,3,0,0
BRDA:69,3,1,0
BRDA:131,4,0,0
BRDA:131,4,1,0
BRDA:131,4,2,0
BRDA:135,5,0,0
BRDA:135,5,1,0
BRDA:135,5,2,0
BRDA:135,6,0,0
BRDA:135,6,1,0
BRF:18
BRH:0
end_of_record
TN:
SF:src\alert-system\alert-system.module.ts
FNF:0
FNH:0
DA:1,0
DA:2,0
DA:3,0
DA:4,0
DA:11,0
LF:5
LH:0
BRF:0
BRH:0
end_of_record
TN:
SF:src\alert-system\alert.controller.ts
FN:6,(anonymous_4)
FN:9,(anonymous_5)
FN:14,(anonymous_6)
FN:19,(anonymous_7)
FNF:4
FNH:0
FNDA:0,(anonymous_4)
FNDA:0,(anonymous_5)
FNDA:0,(anonymous_6)
FNDA:0,(anonymous_7)
DA:1,0
DA:2,0
DA:5,0
DA:6,0
DA:9,0
DA:10,0
DA:14,0
DA:15,0
DA:19,0
DA:20,0
LF:10
LH:0
BRF:0
BRH:0
end_of_record
TN:
SF:src\alert-system\alert.service.ts
FN:6,(anonymous_2)
FN:11,(anonymous_3)
FN:130,(anonymous_4)
FN:148,(anonymous_5)
FN:158,(anonymous_6)
FNF:5
FNH:0
FNDA:0,(anonymous_2)
FNDA:0,(anonymous_3)
FNDA:0,(anonymous_4)
FNDA:0,(anonymous_5)
FNDA:0,(anonymous_6)
DA:1,0
DA:2,0
DA:5,0
DA:6,0
DA:13,0
DA:17,0
DA:18,0
DA:19,0
DA:22,0
DA:24,0
DA:25,0
DA:27,0
DA:28,0
DA:30,0
DA:31,0
DA:34,0
DA:36,0
DA:49,0
DA:50,0
DA:52,0
DA:56,0
DA:57,0
DA:69,0
DA:70,0
DA:79,0
DA:81,0
DA:82,0
DA:85,0
DA:86,0
DA:89,0
DA:91,0
DA:109,0
DA:120,0
DA:131,0
DA:142,0
DA:149,0
DA:159,0
DA:161,0
DA:162,0
DA:164,0
LF:40
LH:0
BRDA:22,0,0,0
BRDA:22,0,1,0
BRDA:22,0,2,0
BRDA:34,1,0,0
BRDA:49,2,0,0
BRDA:49,3,0,0
BRDA:49,3,1,0
BRDA:49,3,2,0
BRDA:56,4,0,0
BRDA:79,5,0,0
BRDA:89,6,0,0
BRDA:89,6,1,0
BRDA:89,7,0,0
BRDA:89,7,1,0
BRDA:161,8,0,0
BRDA:162,9,0,0
BRF:16
BRH:0
end_of_record
TN:
SF:src\api\api.module.ts
FNF:0
FNH:0
DA:1,0
DA:2,0
DA:3,0
DA:4,0
DA:5,0
DA:6,0
DA:7,0
DA:8,0
DA:15,0
LF:9
LH:0
BRF:0
BRH:0
end_of_record
TN:
SF:src\api\contract.controller.ts
FN:6,(anonymous_4)
FN:13,(anonymous_5)
FN:39,(anonymous_6)
FNF:3
FNH:0
FNDA:0,(anonymous_4)
FNDA:0,(anonymous_5)
FNDA:0,(anonymous_6)
DA:1,0
DA:2,0
DA:5,0
DA:6,0
DA:13,0
DA:14,0
DA:16,0
DA:18,0
DA:31,0
DA:39,0
DA:40,0
LF:11
LH:0
BRDA:16,0,0,0
BRF:1
BRH:0
end_of_record
TN:
SF:src\api\projection.controller.ts
FN:6,(anonymous_4)
FN:13,(anonymous_5)
FN:37,(anonymous_6)
FN:40,(anonymous_7)
FN:57,(anonymous_8)
FNF:5
FNH:0
FNDA:0,(anonymous_4)
FNDA:0,(anonymous_5)
FNDA:0,(anonymous_6)
FNDA:0,(anonymous_7)
FNDA:0,(anonymous_8)
DA:1,0
DA:2,0
DA:5,0
DA:6,0
DA:13,0
DA:15,0
DA:16,0
DA:18,0
DA:28,0
DA:30,0
DA:38,0
DA:40,0
DA:41,0
DA:43,0
DA:44,0
DA:51,0
DA:52,0
DA:53,0
DA:57,0
DA:62,0
LF:20
LH:0
BRDA:43,0,0,0
BRF:1
BRH:0
end_of_record
TN:
SF:src\api\risk.controller.ts
FN:12,(anonymous_4)
FN:25,(anonymous_5)
FN:38,(anonymous_6)
FN:66,(anonymous_7)
FN:127,(anonymous_8)
FN:136,(anonymous_9)
FN:145,(anonymous_10)
FN:157,(anonymous_11)
FNF:8
FNH:0
FNDA:0,(anonymous_4)
FNDA:0,(anonymous_5)
FNDA:0,(anonymous_6)
FNDA:0,(anonymous_7)
FNDA:0,(anonymous_8)
FNDA:0,(anonymous_9)
FNDA:0,(anonymous_10)
FNDA:0,(anonymous_11)
DA:1,0
DA:2,0
DA:3,0
DA:4,0
DA:6,0
DA:7,0
DA:8,0
DA:11,0
DA:13,0
DA:14,0
DA:15,0
DA:16,0
DA:17,0
DA:25,0
DA:26,0
DA:27,0
DA:38,0
DA:39,0
DA:42,0
DA:44,0
DA:45,0
DA:47,0
DA:48,0
DA:57,0
DA:66,0
DA:67,0
DA:68,0
DA:71,0
DA:73,0
DA:76,0
DA:77,0
DA:85,0
DA:86,0
DA:93,0
DA:96,0
DA:97,0
DA:100,0
DA:107,0
DA:114,0
DA:127,0
DA:128,0
DA:136,0
DA:137,0
DA:145,0
DA:146,0
DA:157,0
DA:158,0
DA:159,0
LF:48
LH:0
BRDA:25,0,0,0
BRDA:67,1,0,0
BRDA:76,2,0,0
BRDA:79,3,0,0
BRDA:79,3,1,0
BRDA:85,4,0,0
BRF:6
BRH:0
end_of_record
TN:
SF:src\audit\audit-log.service.ts
FN:9,(anonymous_2)
FN:11,(anonymous_3)
FN:21,(anonymous_4)
FN:24,(anonymous_5)
FN:31,(anonymous_6)
FN:62,(anonymous_7)
FN:84,(anonymous_8)
FN:136,(anonymous_9)
FN:192,(anonymous_10)
FN:233,(anonymous_11)
FNF:10
FNH:5
FNDA:5,(anonymous_2)
FNDA:1,(anonymous_3)
FNDA:0,(anonymous_4)
FNDA:1,(anonymous_5)
FNDA:0,(anonymous_6)
FNDA:0,(anonymous_7)
FNDA:2,(anonymous_8)
FNDA:1,(anonymous_9)
FNDA:0,(anonymous_10)
FNDA:0,(anonymous_11)
DA:1,5
DA:2,5
DA:3,5
DA:6,5
DA:7,5
DA:9,5
DA:12,1
DA:18,1
DA:21,1
DA:24,1
DA:32,0
DA:33,0
DA:39,0
DA:51,0
DA:62,0
DA:74,0
DA:75,0
DA:85,2
DA:86,2
DA:89,2
DA:90,0
DA:91,0
DA:92,0
DA:93,0
DA:94,0
DA:95,0
DA:96,0
DA:97,0
DA:98,0
DA:99,0
DA:100,0
DA:101,0
DA:102,0
DA:104,0
DA:108,2
DA:120,2
DA:124,1
DA:125,1
DA:137,1
DA:141,1
DA:142,1
DA:143,1
DA:145,1
DA:146,0
DA:148,0
DA:149,0
DA:153,0
DA:154,0
DA:155,0
DA:159,0
DA:171,0
DA:172,0
DA:174,0
DA:175,0
DA:176,0
DA:179,0
DA:180,0
DA:183,1
DA:184,1
DA:193,0
DA:197,0
DA:198,0
DA:200,0
DA:201,0
DA:212,0
DA:213,0
DA:216,0
DA:217,0
DA:224,0
DA:227,0
DA:230,0
DA:231,0
DA:234,0
LF:73
LH:24
BRDA:21,0,0,0
BRDA:21,0,1,0
BRDA:26,1,0,1
BRDA:26,1,1,1
BRDA:27,2,0,1
BRDA:27,2,1,0
BRDA:64,3,0,0
BRDA:64,3,1,0
BRDA:64,3,2,0
BRDA:64,4,0,0
BRDA:64,4,1,0
BRDA:65,5,0,0
BRDA:65,5,1,0
BRDA:65,6,0,0
BRDA:65,6,1,0
BRDA:66,7,0,0
BRDA:66,7,1,0
BRDA:66,8,0,0
BRDA:66,8,1,0
BRDA:66,8,2,0
BRDA:67,9,0,0
BRDA:67,9,1,0
BRDA:67,10,0,0
BRDA:67,10,1,0
BRDA:67,10,2,0
BRDA:71,11,0,0
BRDA:71,11,1,0
BRDA:71,11,2,0
BRDA:89,12,0,0
BRDA:89,13,0,2
BRDA:89,13,1,2
BRDA:89,13,2,0
BRDA:91,14,0,0
BRDA:91,14,1,0
BRDA:93,15,0,0
BRDA:93,15,1,0
BRDA:95,16,0,0
BRDA:96,17,0,0
BRDA:96,17,1,0
BRDA:98,18,0,0
BRDA:99,19,0,0
BRDA:99,19,1,0
BRDA:99,20,0,0
BRDA:99,20,1,0
BRDA:101,21,0,0
BRDA:102,22,0,0
BRDA:109,23,0,2
BRDA:109,23,1,1
BRDA:112,24,0,2
BRDA:112,24,1,2
BRDA:115,25,0,0
BRDA:115,25,1,2
BRDA:146,26,0,0
BRDA:146,27,0,0
BRDA:146,27,1,0
BRDA:153,28,0,0
BRDA:153,29,0,0
BRDA:153,29,1,0
BRDA:160,30,0,0
BRDA:160,30,1,0
BRDA:163,31,0,0
BRDA:163,31,1,0
BRDA:174,32,0,0
BRDA:202,33,0,0
BRDA:202,33,1,0
BRDA:205,34,0,0
BRDA:205,34,1,0
BRDA:216,35,0,0
BRDA:216,36,0,0
BRDA:216,36,1,0
BRF:70
BRH:10
end_of_record
TN:
SF:src\audit\audit-risk.service.ts
FN:8,(anonymous_2)
FN:10,(anonymous_3)
FN:145,(anonymous_4)
FNF:3
FNH:0
FNDA:0,(anonymous_2)
FNDA:0,(anonymous_3)
FNDA:0,(anonymous_4)
DA:1,2
DA:2,2
DA:5,2
DA:6,0
DA:8,0
DA:11,0
DA:12,0
DA:17,0
DA:18,0
DA:20,0
DA:24,0
DA:26,0
DA:44,0
DA:54,0
DA:68,0
DA:69,0
DA:71,0
DA:72,0
DA:73,0
DA:74,0
DA:75,0
DA:76,0
DA:77,0
DA:79,0
DA:80,0
DA:81,0
DA:82,0
DA:85,0
DA:86,0
DA:88,0
DA:89,0
DA:90,0
DA:91,0
DA:92,0
DA:93,0
DA:94,0
DA:96,0
DA:97,0
DA:98,0
DA:102,0
DA:103,0
DA:105,0
DA:106,0
DA:107,0
DA:108,0
DA:111,0
DA:112,0
DA:113,0
DA:114,0
DA:115,0
DA:119,0
DA:120,0
DA:122,0
DA:123,0
DA:129,0
DA:143,0
DA:144,0
DA:145,0
DA:146,0
DA:148,0
DA:149,0
DA:152,0
DA:153,0
DA:154,0
DA:155,0
DA:157,0
DA:166,0
DA:168,0
LF:68
LH:3
BRDA:17,0,0,0
BRDA:17,0,1,0
BRDA:18,1,0,0
BRDA:24,2,0,0
BRDA:71,3,0,0
BRDA:71,3,1,0
BRDA:71,4,0,0
BRDA:71,4,1,0
BRDA:72,5,0,0
BRDA:72,5,1,0
BRDA:72,6,0,0
BRDA:72,6,1,0
BRDA:73,7,0,0
BRDA:73,7,1,0
BRDA:73,8,0,0
BRDA:73,8,1,0
BRDA:74,9,0,0
BRDA:74,9,1,0
BRDA:74,10,0,0
BRDA:74,10,1,0
BRDA:75,11,0,0
BRDA:75,11,1,0
BRDA:75,12,0,0
BRDA:75,12,1,0
BRDA:76,13,0,0
BRDA:76,13,1,0
BRDA:77,14,0,0
BRDA:77,14,1,0
BRDA:80,15,0,0
BRDA:81,16,0,0
BRDA:81,16,1,0
BRDA:82,17,0,0
BRDA:90,18,0,0
BRDA:90,18,1,0
BRDA:91,19,0,0
BRDA:91,19,1,0
BRDA:92,20,0,0
BRDA:92,20,1,0
BRDA:93,21,0,0
BRDA:93,21,1,0
BRDA:94,22,0,0
BRDA:96,23,0,0
BRDA:96,23,1,0
BRDA:97,24,0,0
BRDA:97,24,1,0
BRDA:98,25,0,0
BRDA:105,26,0,0
BRDA:105,26,1,0
BRDA:106,27,0,0
BRDA:106,27,1,0
BRDA:107,28,0,0
BRDA:107,28,1,0
BRDA:108,29,0,0
BRDA:112,30,0,0
BRDA:112,30,1,0
BRDA:112,31,0,0
BRDA:112,31,1,0
BRDA:112,31,2,0
BRDA:112,31,3,0
BRDA:114,32,0,0
BRDA:114,33,0,0
BRDA:114,33,1,0
BRDA:122,34,0,0
BRDA:122,34,1,0
BRDA:123,35,0,0
BRDA:144,36,0,0
BRDA:148,37,0,0
BRDA:148,37,1,0
BRDA:149,38,0,0
BRDA:154,39,0,0
BRDA:154,39,1,0
BRDA:154,40,0,0
BRDA:154,40,1,0
BRF:73
BRH:0
end_of_record
TN:
SF:src\audit\audit-staff.service.ts
FN:12,(anonymous_2)
FN:17,(anonymous_3)
FN:21,(anonymous_4)
FN:47,(anonymous_5)
FN:49,(anonymous_6)
FN:102,(anonymous_7)
FN:124,(anonymous_8)
FN:126,(anonymous_9)
FN:128,(anonymous_10)
FN:130,(anonymous_11)
FN:131,(anonymous_12)
FN:156,(anonymous_13)
FN:218,(anonymous_14)
FN:314,(anonymous_15)
FN:362,(anonymous_16)
FN:397,(anonymous_17)
FN:420,(anonymous_18)
FN:441,(anonymous_19)
FN:475,(anonymous_20)
FN:480,(anonymous_21)
FN:515,(anonymous_22)
FN:542,(anonymous_23)
FN:572,(anonymous_24)
FN:595,(anonymous_25)
FN:627,(anonymous_26)
FN:662,(anonymous_27)
FN:683,(anonymous_28)
FN:714,(anonymous_29)
FN:748,(anonymous_30)
FN:769,(anonymous_31)
FN:804,(anonymous_32)
FN:822,(anonymous_33)
FN:832,(anonymous_34)
FN:853,(anonymous_35)
FN:874,(anonymous_36)
FN:903,(anonymous_37)
FN:935,(anonymous_38)
FNF:37
FNH:0
FNDA:0,(anonymous_2)
FNDA:0,(anonymous_3)
FNDA:0,(anonymous_4)
FNDA:0,(anonymous_5)
FNDA:0,(anonymous_6)
FNDA:0,(anonymous_7)
FNDA:0,(anonymous_8)
FNDA:0,(anonymous_9)
FNDA:0,(anonymous_10)
FNDA:0,(anonymous_11)
FNDA:0,(anonymous_12)
FNDA:0,(anonymous_13)
FNDA:0,(anonymous_14)
FNDA:0,(anonymous_15)
FNDA:0,(anonymous_16)
FNDA:0,(anonymous_17)
FNDA:0,(anonymous_18)
FNDA:0,(anonymous_19)
FNDA:0,(anonymous_20)
FNDA:0,(anonymous_21)
FNDA:0,(anonymous_22)
FNDA:0,(anonymous_23)
FNDA:0,(anonymous_24)
FNDA:0,(anonymous_25)
FNDA:0,(anonymous_26)
FNDA:0,(anonymous_27)
FNDA:0,(anonymous_28)
FNDA:0,(anonymous_29)
FNDA:0,(anonymous_30)
FNDA:0,(anonymous_31)
FNDA:0,(anonymous_32)
FNDA:0,(anonymous_33)
FNDA:0,(anonymous_34)
FNDA:0,(anonymous_35)
FNDA:0,(anonymous_36)
FNDA:0,(anonymous_37)
FNDA:0,(anonymous_38)
DA:1,0
DA:2,0
DA:3,0
DA:5,0
DA:6,0
DA:9,0
DA:10,0
DA:13,0
DA:14,0
DA:18,0
DA:22,0
DA:24,0
DA:47,0
DA:49,0
DA:50,0
DA:51,0
DA:52,0
DA:53,0
DA:54,0
DA:55,0
DA:58,0
DA:59,0
DA:60,0
DA:62,0
DA:63,0
DA:64,0
DA:67,0
DA:72,0
DA:73,0
DA:76,0
DA:97,0
DA:98,0
DA:103,0
DA:104,0
DA:105,0
DA:124,0
DA:126,0
DA:128,0
DA:130,0
DA:131,0
DA:133,0
DA:134,0
DA:135,0
DA:137,0
DA:138,0
DA:140,0
DA:151,0
DA:152,0
DA:158,0
DA:159,0
DA:160,0
DA:161,0
DA:162,0
DA:164,0
DA:165,0
DA:166,0
DA:169,0
DA:170,0
DA:195,0
DA:197,0
DA:205,0
DA:208,0
DA:210,0
DA:211,0
DA:213,0
DA:214,0
DA:219,0
DA:220,0
DA:221,0
DA:223,0
DA:224,0
DA:225,0
DA:228,0
DA:229,0
DA:232,0
DA:233,0
DA:235,0
DA:237,0
DA:251,0
DA:253,0
DA:275,0
DA:276,0
DA:286,0
DA:287,0
DA:288,0
DA:289,0
DA:290,0
DA:291,0
DA:293,0
DA:295,0
DA:297,0
DA:298,0
DA:307,0
DA:309,0
DA:310,0
DA:315,0
DA:317,0
DA:318,0
DA:320,0
DA:322,0
DA:336,0
DA:337,0
DA:347,0
DA:355,0
DA:357,0
DA:358,0
DA:363,0
DA:364,0
DA:366,0
DA:368,0
DA:369,0
DA:381,0
DA:390,0
DA:392,0
DA:393,0
DA:398,0
DA:399,0
DA:400,0
DA:402,0
DA:403,0
DA:405,0
DA:413,0
DA:415,0
DA:416,0
DA:421,0
DA:422,0
DA:423,0
DA:424,0
DA:438,0
DA:441,0
DA:442,0
DA:443,0
DA:444,0
DA:445,0
DA:446,0
DA:447,0
DA:450,0
DA:451,0
DA:452,0
DA:453,0
DA:454,0
DA:455,0
DA:456,0
DA:457,0
DA:459,0
DA:460,0
DA:464,0
DA:465,0
DA:469,0
DA:470,0
DA:472,0
DA:475,0
DA:476,0
DA:477,0
DA:478,0
DA:479,0
DA:480,0
DA:489,0
DA:491,0
DA:494,0
DA:516,0
DA:517,0
DA:520,0
DA:529,0
DA:530,0
DA:539,0
DA:543,0
DA:544,0
DA:546,0
DA:547,0
DA:550,0
DA:559,0
DA:560,0
DA:569,0
DA:573,0
DA:574,0
DA:575,0
DA:576,0
DA:579,0
DA:583,0
DA:584,0
DA:592,0
DA:596,0
DA:597,0
DA:598,0
DA:612,0
DA:621,0
DA:623,0
DA:628,0
DA:629,0
DA:630,0
DA:632,0
DA:633,0
DA:647,0
DA:656,0
DA:658,0
DA:663,0
DA:664,0
DA:665,0
DA:666,0
DA:667,0
DA:669,0
DA:677,0
DA:679,0
DA:684,0
DA:685,0
DA:686,0
DA:699,0
DA:708,0
DA:710,0
DA:715,0
DA:716,0
DA:717,0
DA:719,0
DA:720,0
DA:733,0
DA:742,0
DA:744,0
DA:749,0
DA:750,0
DA:751,0
DA:752,0
DA:753,0
DA:755,0
DA:763,0
DA:765,0
DA:770,0
DA:771,0
DA:774,0
DA:775,0
DA:777,0
DA:778,0
DA:789,0
DA:797,0
DA:799,0
DA:800,0
DA:806,0
DA:822,0
DA:833,0
DA:842,0
DA:850,0
DA:854,0
DA:856,0
DA:857,0
DA:858,0
DA:860,0
DA:862,0
DA:863,0
DA:869,0
DA:875,0
DA:876,0
DA:879,0
DA:891,0
DA:900,0
DA:904,0
DA:905,0
DA:907,0
DA:908,0
DA:911,0
DA:923,0
DA:932,0
DA:936,0
DA:937,0
DA:939,0
DA:940,0
DA:943,0
DA:945,0
DA:953,0
LF:268
LH:0
BRDA:18,0,0,0
BRDA:18,0,1,0
BRDA:18,0,2,0
BRDA:18,0,3,0
BRDA:18,0,4,0
BRDA:18,0,5,0
BRDA:49,1,0,0
BRDA:49,1,1,0
BRDA:51,2,0,0
BRDA:51,3,0,0
BRDA:51,3,1,0
BRDA:52,4,0,0
BRDA:52,4,1,0
BRDA:53,5,0,0
BRDA:53,5,1,0
BRDA:54,6,0,0
BRDA:54,6,1,0
BRDA:55,7,0,0
BRDA:60,8,0,0
BRDA:62,9,0,0
BRDA:63,10,0,0
BRDA:63,10,1,0
BRDA:78,11,0,0
BRDA:78,11,1,0
BRDA:79,12,0,0
BRDA:79,12,1,0
BRDA:80,13,0,0
BRDA:80,13,1,0
BRDA:81,14,0,0
BRDA:81,14,1,0
BRDA:82,15,0,0
BRDA:82,15,1,0
BRDA:83,16,0,0
BRDA:83,16,1,0
BRDA:84,17,0,0
BRDA:84,17,1,0
BRDA:86,18,0,0
BRDA:86,18,1,0
BRDA:87,19,0,0
BRDA:87,19,1,0
BRDA:88,20,0,0
BRDA:88,20,1,0
BRDA:92,21,0,0
BRDA:92,21,1,0
BRDA:93,22,0,0
BRDA:93,22,1,0
BRDA:130,23,0,0
BRDA:130,23,1,0
BRDA:131,24,0,0
BRDA:131,24,1,0
BRDA:134,25,0,0
BRDA:134,25,1,0
BRDA:135,26,0,0
BRDA:138,27,0,0
BRDA:138,27,1,0
BRDA:142,28,0,0
BRDA:142,28,1,0
BRDA:143,29,0,0
BRDA:143,29,1,0
BRDA:147,30,0,0
BRDA:147,30,1,0
BRDA:159,31,0,0
BRDA:159,31,1,0
BRDA:159,32,0,0
BRDA:159,32,1,0
BRDA:160,33,0,0
BRDA:160,33,1,0
BRDA:160,34,0,0
BRDA:160,34,1,0
BRDA:161,35,0,0
BRDA:161,35,1,0
BRDA:162,36,0,0
BRDA:165,37,0,0
BRDA:181,38,0,0
BRDA:181,38,1,0
BRDA:185,39,0,0
BRDA:185,39,1,0
BRDA:210,40,0,0
BRDA:219,41,0,0
BRDA:219,41,1,0
BRDA:219,41,2,0
BRDA:223,42,0,0
BRDA:223,43,0,0
BRDA:223,43,1,0
BRDA:229,44,0,0
BRDA:233,45,0,0
BRDA:233,45,1,0
BRDA:235,46,0,0
BRDA:235,47,0,0
BRDA:235,47,1,0
BRDA:240,48,0,0
BRDA:240,48,1,0
BRDA:243,49,0,0
BRDA:243,49,1,0
BRDA:246,50,0,0
BRDA:246,50,1,0
BRDA:256,51,0,0
BRDA:256,51,1,0
BRDA:258,52,0,0
BRDA:258,52,1,0
BRDA:259,53,0,0
BRDA:259,53,1,0
BRDA:259,54,0,0
BRDA:259,54,1,0
BRDA:262,55,0,0
BRDA:262,55,1,0
BRDA:263,56,0,0
BRDA:263,56,1,0
BRDA:263,57,0,0
BRDA:263,57,1,0
BRDA:268,58,0,0
BRDA:268,58,1,0
BRDA:268,59,0,0
BRDA:268,59,1,0
BRDA:269,60,0,0
BRDA:269,60,1,0
BRDA:269,61,0,0
BRDA:269,61,1,0
BRDA:270,62,0,0
BRDA:270,62,1,0
BRDA:270,63,0,0
BRDA:270,63,1,0
BRDA:275,64,0,0
BRDA:275,64,1,0
BRDA:277,65,0,0
BRDA:277,65,1,0
BRDA:277,65,2,0
BRDA:286,66,0,0
BRDA:288,67,0,0
BRDA:288,67,1,0
BRDA:288,68,0,0
BRDA:288,68,1,0
BRDA:289,69,0,0
BRDA:289,69,1,0
BRDA:289,70,0,0
BRDA:289,70,1,0
BRDA:290,71,0,0
BRDA:290,71,1,0
BRDA:291,72,0,0
BRDA:295,73,0,0
BRDA:315,74,0,0
BRDA:318,75,0,0
BRDA:325,76,0,0
BRDA:325,76,1,0
BRDA:326,77,0,0
BRDA:326,77,1,0
BRDA:326,77,2,0
BRDA:327,78,0,0
BRDA:327,78,1,0
BRDA:328,79,0,0
BRDA:328,79,1,0
BRDA:329,80,0,0
BRDA:329,80,1,0
BRDA:330,81,0,0
BRDA:330,81,1,0
BRDA:336,82,0,0
BRDA:340,83,0,0
BRDA:340,83,1,0
BRDA:341,84,0,0
BRDA:341,84,1,0
BRDA:348,85,0,0
BRDA:348,85,1,0
BRDA:348,85,2,0
BRDA:350,86,0,0
BRDA:350,86,1,0
BRDA:350,87,0,0
BRDA:350,87,1,0
BRDA:364,88,0,0
BRDA:366,89,0,0
BRDA:376,90,0,0
BRDA:376,90,1,0
BRDA:382,91,0,0
BRDA:382,91,1,0
BRDA:382,91,2,0
BRDA:399,92,0,0
BRDA:400,93,0,0
BRDA:406,94,0,0
BRDA:406,94,1,0
BRDA:406,94,2,0
BRDA:423,95,0,0
BRDA:423,95,1,0
BRDA:438,96,0,0
BRDA:441,97,0,0
BRDA:441,97,1,0
BRDA:443,98,0,0
BRDA:443,99,0,0
BRDA:443,99,1,0
BRDA:444,100,0,0
BRDA:444,100,1,0
BRDA:445,101,0,0
BRDA:445,101,1,0
BRDA:446,102,0,0
BRDA:446,102,1,0
BRDA:447,103,0,0
BRDA:452,104,0,0
BRDA:453,105,0,0
BRDA:453,105,1,0
BRDA:454,106,0,0
BRDA:454,106,1,0
BRDA:456,107,0,0
BRDA:459,108,0,0
BRDA:469,109,0,0
BRDA:469,109,1,0
BRDA:477,110,0,0
BRDA:477,110,1,0
BRDA:478,111,0,0
BRDA:478,111,1,0
BRDA:496,112,0,0
BRDA:496,112,1,0
BRDA:497,113,0,0
BRDA:497,113,1,0
BRDA:498,114,0,0
BRDA:498,114,1,0
BRDA:499,115,0,0
BRDA:499,115,1,0
BRDA:500,116,0,0
BRDA:500,116,1,0
BRDA:501,117,0,0
BRDA:501,117,1,0
BRDA:502,118,0,0
BRDA:502,118,1,0
BRDA:503,119,0,0
BRDA:503,119,1,0
BRDA:504,120,0,0
BRDA:504,120,1,0
BRDA:505,121,0,0
BRDA:505,121,1,0
BRDA:506,122,0,0
BRDA:506,122,1,0
BRDA:508,123,0,0
BRDA:508,123,1,0
BRDA:509,124,0,0
BRDA:509,124,1,0
BRDA:510,125,0,0
BRDA:510,125,1,0
BRDA:511,126,0,0
BRDA:511,126,1,0
BRDA:516,127,0,0
BRDA:516,128,0,0
BRDA:516,128,1,0
BRDA:516,128,2,0
BRDA:529,129,0,0
BRDA:529,129,1,0
BRDA:529,129,2,0
BRDA:544,130,0,0
BRDA:546,131,0,0
BRDA:546,132,0,0
BRDA:546,132,1,0
BRDA:546,132,2,0
BRDA:554,133,0,0
BRDA:554,133,1,0
BRDA:555,134,0,0
BRDA:555,134,1,0
BRDA:559,135,0,0
BRDA:559,135,1,0
BRDA:559,135,2,0
BRDA:574,136,0,0
BRDA:575,137,0,0
BRDA:575,138,0,0
BRDA:575,138,1,0
BRDA:583,139,0,0
BRDA:583,139,1,0
BRDA:583,139,2,0
BRDA:596,140,0,0
BRDA:596,141,0,0
BRDA:596,141,1,0
BRDA:605,142,0,0
BRDA:605,142,1,0
BRDA:607,143,0,0
BRDA:607,143,1,0
BRDA:613,144,0,0
BRDA:613,144,1,0
BRDA:613,144,2,0
BRDA:629,145,0,0
BRDA:630,146,0,0
BRDA:630,147,0,0
BRDA:630,147,1,0
BRDA:640,148,0,0
BRDA:640,148,1,0
BRDA:642,149,0,0
BRDA:642,149,1,0
BRDA:648,150,0,0
BRDA:648,150,1,0
BRDA:648,150,2,0
BRDA:664,151,0,0
BRDA:665,152,0,0
BRDA:665,153,0,0
BRDA:665,153,1,0
BRDA:670,154,0,0
BRDA:670,154,1,0
BRDA:670,154,2,0
BRDA:684,155,0,0
BRDA:684,156,0,0
BRDA:684,156,1,0
BRDA:693,157,0,0
BRDA:693,157,1,0
BRDA:694,158,0,0
BRDA:694,158,1,0
BRDA:695,159,0,0
BRDA:695,159,1,0
BRDA:700,160,0,0
BRDA:700,160,1,0
BRDA:700,160,2,0
BRDA:716,161,0,0
BRDA:717,162,0,0
BRDA:717,163,0,0
BRDA:717,163,1,0
BRDA:727,164,0,0
BRDA:727,164,1,0
BRDA:728,165,0,0
BRDA:728,165,1,0
BRDA:729,166,0,0
BRDA:729,166,1,0
BRDA:734,167,0,0
BRDA:734,167,1,0
BRDA:734,167,2,0
BRDA:750,168,0,0
BRDA:751,169,0,0
BRDA:751,170,0,0
BRDA:751,170,1,0
BRDA:756,171,0,0
BRDA:756,171,1,0
BRDA:756,171,2,0
BRDA:770,172,0,0
BRDA:775,173,0,0
BRDA:790,174,0,0
BRDA:790,174,1,0
BRDA:790,174,2,0
BRDA:824,175,0,0
BRDA:824,175,1,0
BRDA:854,176,0,0
BRDA:860,177,0,0
BRDA:875,178,0,0
BRDA:875,179,0,0
BRDA:875,179,1,0
BRDA:885,180,0,0
BRDA:885,180,1,0
BRDA:887,181,0,0
BRDA:887,181,1,0
BRDA:892,182,0,0
BRDA:892,182,1,0
BRDA:892,182,2,0
BRDA:905,183,0,0
BRDA:907,184,0,0
BRDA:907,185,0,0
BRDA:907,185,1,0
BRDA:915,186,0,0
BRDA:915,186,1,0
BRDA:916,187,0,0
BRDA:916,187,1,0
BRDA:924,188,0,0
BRDA:924,188,1,0
BRDA:924,188,2,0
BRDA:937,189,0,0
BRDA:939,190,0,0
BRDA:939,191,0,0
BRDA:939,191,1,0
BRDA:946,192,0,0
BRDA:946,192,1,0
BRDA:946,192,2,0
BRF:360
BRH:0
end_of_record
TN:
SF:src\audit\audit-trash.service.ts
FN:9,(anonymous_2)
FN:14,(anonymous_3)
FN:21,(anonymous_4)
FN:28,(anonymous_5)
FN:46,(anonymous_6)
FN:64,(anonymous_7)
FN:86,(anonymous_8)
FN:108,(anonymous_9)
FNF:8
FNH:0
FNDA:0,(anonymous_2)
FNDA:0,(anonymous_3)
FNDA:0,(anonymous_4)
FNDA:0,(anonymous_5)
FNDA:0,(anonymous_6)
FNDA:0,(anonymous_7)
FNDA:0,(anonymous_8)
FNDA:0,(anonymous_9)
DA:1,1
DA:2,1
DA:3,1
DA:6,1
DA:7,0
DA:10,0
DA:11,0
DA:15,0
DA:22,0
DA:29,0
DA:30,0
DA:35,0
DA:43,0
DA:47,0
DA:48,0
DA:53,0
DA:61,0
DA:65,0
DA:66,0
DA:69,0
DA:79,0
DA:80,0
DA:81,0
DA:83,0
DA:87,0
DA:88,0
DA:91,0
DA:100,0
DA:101,0
DA:102,0
DA:103,0
DA:105,0
DA:109,0
DA:112,0
DA:113,0
DA:115,0
DA:116,0
DA:125,0
DA:126,0
DA:127,0
LF:40
LH:4
BRDA:38,0,0,0
BRDA:38,0,1,0
BRDA:38,0,2,0
BRDA:56,1,0,0
BRDA:56,1,1,0
BRDA:56,1,2,0
BRDA:66,2,0,0
BRDA:66,2,1,0
BRDA:66,2,2,0
BRDA:72,3,0,0
BRDA:72,3,1,0
BRDA:72,3,2,0
BRDA:75,4,0,0
BRDA:75,4,1,0
BRDA:88,5,0,0
BRDA:88,5,1,0
BRDA:88,5,2,0
BRDA:94,6,0,0
BRDA:94,6,1,0
BRDA:94,6,2,0
BRDA:97,7,0,0
BRDA:97,7,1,0
BRDA:109,8,0,0
BRDA:109,8,1,0
BRDA:109,8,2,0
BRDA:109,8,3,0
BRDA:115,9,0,0
BRDA:115,10,0,0
BRDA:115,10,1,0
BRF:29
BRH:0
end_of_record
TN:
SF:src\audit\audit.controller.ts
FN:22,(anonymous_4)
FN:34,(anonymous_5)
FN:42,(anonymous_6)
FN:48,(anonymous_7)
FN:54,(anonymous_8)
FN:60,(anonymous_9)
FN:66,(anonymous_10)
FN:73,(anonymous_11)
FN:80,(anonymous_12)
FN:86,(anonymous_13)
FN:92,(anonymous_14)
FN:98,(anonymous_15)
FN:104,(anonymous_16)
FN:110,(anonymous_17)
FN:116,(anonymous_18)
FN:122,(anonymous_19)
FN:128,(anonymous_20)
FN:137,(anonymous_21)
FN:143,(anonymous_22)
FN:149,(anonymous_23)
FN:155,(anonymous_24)
FN:161,(anonymous_25)
FN:167,(anonymous_26)
FN:173,(anonymous_27)
FN:179,(anonymous_28)
FN:185,(anonymous_29)
FN:196,(anonymous_30)
FN:207,(anonymous_31)
FN:213,(anonymous_32)
FN:219,(anonymous_33)
FN:228,(anonymous_34)
FN:236,(anonymous_35)
FN:242,(anonymous_36)
FN:249,(anonymous_37)
FN:255,(anonymous_38)
FN:260,(anonymous_39)
FN:266,(anonymous_40)
FN:273,(anonymous_41)
FN:279,(anonymous_42)
FN:285,(anonymous_43)
FN:291,(anonymous_44)
FN:298,(anonymous_45)
FN:304,(anonymous_46)
FN:310,(anonymous_47)
FN:317,(anonymous_48)
FN:320,(anonymous_49)
FN:323,(anonymous_50)
FN:326,(anonymous_51)
FN:329,(anonymous_52)
FN:334,(anonymous_53)
FN:340,(anonymous_54)
FN:348,(anonymous_55)
FN:355,(anonymous_56)
FN:358,(anonymous_57)
FN:361,(anonymous_58)
FN:366,(anonymous_59)
FN:369,(anonymous_60)
FN:372,(anonymous_61)
FN:375,(anonymous_62)
FN:380,(anonymous_63)
FN:385,(anonymous_64)
FN:388,(anonymous_65)
FN:393,(anonymous_66)
FN:398,(anonymous_67)
FN:402,(anonymous_68)
FN:406,(anonymous_69)
FN:412,(anonymous_70)
FN:424,(anonymous_71)
FN:430,(anonymous_72)
FN:439,(anonymous_73)
FN:445,(anonymous_74)
FN:453,(anonymous_75)
FN:460,(anonymous_76)
FN:466,(anonymous_77)
FN:472,(anonymous_78)
FN:478,(anonymous_79)
FN:484,(anonymous_80)
FN:490,(anonymous_81)
FN:496,(anonymous_82)
FN:506,(anonymous_83)
FN:509,(anonymous_84)
FN:512,(anonymous_85)
FN:515,(anonymous_86)
FN:519,(anonymous_87)
FN:522,(anonymous_88)
FN:525,(anonymous_89)
FN:528,(anonymous_90)
FN:532,(anonymous_91)
FN:536,(anonymous_92)
FN:539,(anonymous_93)
FN:542,(anonymous_94)
FN:545,(anonymous_95)
FN:549,(anonymous_96)
FN:552,(anonymous_97)
FN:555,(anonymous_98)
FN:558,(anonymous_99)
FN:563,(anonymous_100)
FN:567,(anonymous_101)
FN:576,(anonymous_102)
FN:582,(anonymous_103)
FN:588,(anonymous_104)
FN:594,(anonymous_105)
FN:600,(anonymous_106)
FN:606,(anonymous_107)
FN:613,(anonymous_108)
FN:618,(anonymous_109)
FN:623,(anonymous_110)
FN:629,(anonymous_111)
FN:634,(anonymous_112)
FN:640,(anonymous_113)
FN:645,(anonymous_114)
FN:650,(anonymous_115)
FN:657,(anonymous_116)
FN:663,(anonymous_117)
FN:672,(anonymous_118)
FN:678,(anonymous_119)
FN:684,(anonymous_120)
FN:690,(anonymous_121)
FN:699,(anonymous_122)
FN:705,(anonymous_123)
FN:711,(anonymous_124)
FN:720,(anonymous_125)
FN:726,(anonymous_126)
FN:736,(anonymous_127)
FN:745,(anonymous_128)
FN:754,(anonymous_129)
FN:765,(anonymous_130)
FNF:127
FNH:0
FNDA:0,(anonymous_4)
FNDA:0,(anonymous_5)
FNDA:0,(anonymous_6)
FNDA:0,(anonymous_7)
FNDA:0,(anonymous_8)
FNDA:0,(anonymous_9)
FNDA:0,(anonymous_10)
FNDA:0,(anonymous_11)
FNDA:0,(anonymous_12)
FNDA:0,(anonymous_13)
FNDA:0,(anonymous_14)
FNDA:0,(anonymous_15)
FNDA:0,(anonymous_16)
FNDA:0,(anonymous_17)
FNDA:0,(anonymous_18)
FNDA:0,(anonymous_19)
FNDA:0,(anonymous_20)
FNDA:0,(anonymous_21)
FNDA:0,(anonymous_22)
FNDA:0,(anonymous_23)
FNDA:0,(anonymous_24)
FNDA:0,(anonymous_25)
FNDA:0,(anonymous_26)
FNDA:0,(anonymous_27)
FNDA:0,(anonymous_28)
FNDA:0,(anonymous_29)
FNDA:0,(anonymous_30)
FNDA:0,(anonymous_31)
FNDA:0,(anonymous_32)
FNDA:0,(anonymous_33)
FNDA:0,(anonymous_34)
FNDA:0,(anonymous_35)
FNDA:0,(anonymous_36)
FNDA:0,(anonymous_37)
FNDA:0,(anonymous_38)
FNDA:0,(anonymous_39)
FNDA:0,(anonymous_40)
FNDA:0,(anonymous_41)
FNDA:0,(anonymous_42)
FNDA:0,(anonymous_43)
FNDA:0,(anonymous_44)
FNDA:0,(anonymous_45)
FNDA:0,(anonymous_46)
FNDA:0,(anonymous_47)
FNDA:0,(anonymous_48)
FNDA:0,(anonymous_49)
FNDA:0,(anonymous_50)
FNDA:0,(anonymous_51)
FNDA:0,(anonymous_52)
FNDA:0,(anonymous_53)
FNDA:0,(anonymous_54)
FNDA:0,(anonymous_55)
FNDA:0,(anonymous_56)
FNDA:0,(anonymous_57)
FNDA:0,(anonymous_58)
FNDA:0,(anonymous_59)
FNDA:0,(anonymous_60)
FNDA:0,(anonymous_61)
FNDA:0,(anonymous_62)
FNDA:0,(anonymous_63)
FNDA:0,(anonymous_64)
FNDA:0,(anonymous_65)
FNDA:0,(anonymous_66)
FNDA:0,(anonymous_67)
FNDA:0,(anonymous_68)
FNDA:0,(anonymous_69)
FNDA:0,(anonymous_70)
FNDA:0,(anonymous_71)
FNDA:0,(anonymous_72)
FNDA:0,(anonymous_73)
FNDA:0,(anonymous_74)
FNDA:0,(anonymous_75)
FNDA:0,(anonymous_76)
FNDA:0,(anonymous_77)
FNDA:0,(anonymous_78)
FNDA:0,(anonymous_79)
FNDA:0,(anonymous_80)
FNDA:0,(anonymous_81)
FNDA:0,(anonymous_82)
FNDA:0,(anonymous_83)
FNDA:0,(anonymous_84)
FNDA:0,(anonymous_85)
FNDA:0,(anonymous_86)
FNDA:0,(anonymous_87)
FNDA:0,(anonymous_88)
FNDA:0,(anonymous_89)
FNDA:0,(anonymous_90)
FNDA:0,(anonymous_91)
FNDA:0,(anonymous_92)
FNDA:0,(anonymous_93)
FNDA:0,(anonymous_94)
FNDA:0,(anonymous_95)
FNDA:0,(anonymous_96)
FNDA:0,(anonymous_97)
FNDA:0,(anonymous_98)
FNDA:0,(anonymous_99)
FNDA:0,(anonymous_100)
FNDA:0,(anonymous_101)
FNDA:0,(anonymous_102)
FNDA:0,(anonymous_103)
FNDA:0,(anonymous_104)
FNDA:0,(anonymous_105)
FNDA:0,(anonymous_106)
FNDA:0,(anonymous_107)
FNDA:0,(anonymous_108)
FNDA:0,(anonymous_109)
FNDA:0,(anonymous_110)
FNDA:0,(anonymous_111)
FNDA:0,(anonymous_112)
FNDA:0,(anonymous_113)
FNDA:0,(anonymous_114)
FNDA:0,(anonymous_115)
FNDA:0,(anonymous_116)
FNDA:0,(anonymous_117)
FNDA:0,(anonymous_118)
FNDA:0,(anonymous_119)
FNDA:0,(anonymous_120)
FNDA:0,(anonymous_121)
FNDA:0,(anonymous_122)
FNDA:0,(anonymous_123)
FNDA:0,(anonymous_124)
FNDA:0,(anonymous_125)
FNDA:0,(anonymous_126)
FNDA:0,(anonymous_127)
FNDA:0,(anonymous_128)
FNDA:0,(anonymous_129)
FNDA:0,(anonymous_130)
DA:1,0
DA:2,0
DA:4,0
DA:5,0
DA:6,0
DA:7,0
DA:8,0
DA:9,0
DA:10,0
DA:11,0
DA:12,0
DA:13,0
DA:14,0
DA:15,0
DA:16,0
DA:17,0
DA:21,0
DA:22,0
DA:23,0
DA:24,0
DA:25,0
DA:26,0
DA:27,0
DA:30,0
DA:34,0
DA:35,0
DA:36,0
DA:42,0
DA:43,0
DA:48,0
DA:49,0
DA:54,0
DA:55,0
DA:60,0
DA:61,0
DA:66,0
DA:67,0
DA:68,0
DA:73,0
DA:74,0
DA:80,0
DA:81,0
DA:86,0
DA:87,0
DA:92,0
DA:93,0
DA:98,0
DA:99,0
DA:104,0
DA:105,0
DA:110,0
DA:111,0
DA:116,0
DA:117,0
DA:122,0
DA:123,0
DA:128,0
DA:129,0
DA:137,0
DA:138,0
DA:143,0
DA:144,0
DA:149,0
DA:150,0
DA:155,0
DA:156,0
DA:161,0
DA:162,0
DA:167,0
DA:168,0
DA:173,0
DA:174,0
DA:179,0
DA:180,0
DA:185,0
DA:190,0
DA:196,0
DA:202,0
DA:207,0
DA:208,0
DA:213,0
DA:214,0
DA:219,0
DA:220,0
DA:228,0
DA:229,0
DA:230,0
DA:231,0
DA:236,0
DA:237,0
DA:242,0
DA:243,0
DA:249,0
DA:250,0
DA:255,0
DA:256,0
DA:260,0
DA:261,0
DA:266,0
DA:267,0
DA:273,0
DA:274,0
DA:279,0
DA:280,0
DA:285,0
DA:286,0
DA:291,0
DA:292,0
DA:298,0
DA:299,0
DA:304,0
DA:305,0
DA:310,0
DA:311,0
DA:317,0
DA:320,0
DA:323,0
DA:326,0
DA:329,0
DA:334,0
DA:335,0
DA:340,0
DA:341,0
DA:342,0
DA:348,0
DA:350,0
DA:351,0
DA:355,0
DA:358,0
DA:361,0
DA:366,0
DA:369,0
DA:372,0
DA:375,0
DA:380,0
DA:381,0
DA:385,0
DA:388,0
DA:393,0
DA:394,0
DA:398,0
DA:402,0
DA:406,0
DA:412,0
DA:418,0
DA:419,0
DA:424,0
DA:425,0
DA:430,0
DA:431,0
DA:432,0
DA:439,0
DA:440,0
DA:445,0
DA:446,0
DA:447,0
DA:453,0
DA:454,0
DA:460,0
DA:461,0
DA:466,0
DA:467,0
DA:472,0
DA:473,0
DA:478,0
DA:479,0
DA:484,0
DA:485,0
DA:490,0
DA:491,0
DA:496,0
DA:497,0
DA:506,0
DA:509,0
DA:512,0
DA:515,0
DA:519,0
DA:522,0
DA:525,0
DA:528,0
DA:532,0
DA:536,0
DA:539,0
DA:542,0
DA:545,0
DA:549,0
DA:552,0
DA:555,0
DA:558,0
DA:563,0
DA:567,0
DA:568,0
DA:569,0
DA:576,0
DA:577,0
DA:582,0
DA:583,0
DA:588,0
DA:589,0
DA:594,0
DA:595,0
DA:600,0
DA:601,0
DA:606,0
DA:607,0
DA:613,0
DA:614,0
DA:618,0
DA:619,0
DA:623,0
DA:624,0
DA:629,0
DA:630,0
DA:634,0
DA:635,0
DA:640,0
DA:641,0
DA:645,0
DA:646,0
DA:650,0
DA:651,0
DA:657,0
DA:658,0
DA:663,0
DA:664,0
DA:672,0
DA:673,0
DA:678,0
DA:679,0
DA:684,0
DA:685,0
DA:690,0
DA:691,0
DA:699,0
DA:700,0
DA:705,0
DA:706,0
DA:711,0
DA:712,0
DA:720,0
DA:721,0
DA:726,0
DA:727,0
DA:736,0
DA:740,0
DA:745,0
DA:749,0
DA:754,0
DA:759,0
DA:760,0
DA:765,0
DA:772,0
DA:773,0
DA:774,0
DA:777,0
DA:778,0
LF:256
LH:0
BRDA:49,0,0,0
BRDA:49,0,1,0
BRDA:230,1,0,0
BRDA:230,1,1,0
BRDA:230,1,2,0
BRDA:230,1,3,0
BRDA:418,2,0,0
BRDA:418,2,1,0
BRDA:568,3,0,0
BRDA:568,3,1,0
BRDA:749,4,0,0
BRDA:749,4,1,0
BRDA:759,5,0,0
BRDA:759,5,1,0
BRDA:759,5,2,0
BRDA:773,6,0,0
BRF:16
BRH:0
end_of_record
TN:
SF:src\audit\audit.module.ts
FNF:0
FNH:0
DA:1,0
DA:2,0
DA:3,0
DA:4,0
DA:5,0
DA:6,0
DA:7,0
DA:8,0
DA:9,0
DA:10,0
DA:11,0
DA:12,0
DA:13,0
DA:14,0
DA:16,0
DA:17,0
DA:18,0
DA:19,0
DA:20,0
DA:22,0
DA:23,0
DA:24,0
DA:25,0
DA:26,0
DA:27,0
DA:28,0
DA:29,0
DA:30,0
DA:31,0
DA:32,0
DA:33,0
DA:34,0
DA:35,0
DA:36,0
DA:37,0
DA:76,0
LF:36
LH:0
BRF:0
BRH:0
end_of_record
TN:
SF:src\audit\audit.service.ts
FN:18,(anonymous_2)
FN:28,(anonymous_3)
FN:33,(anonymous_4)
FN:48,(anonymous_5)
FN:66,(anonymous_6)
FN:73,(anonymous_7)
FN:125,(anonymous_8)
FN:147,(anonymous_9)
FN:167,(anonymous_10)
FN:178,(anonymous_11)
FN:182,(anonymous_12)
FN:198,(anonymous_13)
FN:233,(anonymous_14)
FN:261,(anonymous_15)
FN:278,(anonymous_16)
FN:289,(anonymous_17)
FN:297,(anonymous_18)
FN:320,(anonymous_19)
FN:407,(anonymous_20)
FN:442,(anonymous_21)
FN:577,(anonymous_22)
FN:577,(anonymous_23)
FN:612,(anonymous_24)
FN:617,(anonymous_25)
FN:641,(anonymous_26)
FN:652,(anonymous_27)
FN:680,(anonymous_28)
FN:735,(anonymous_29)
FN:764,(anonymous_30)
FN:794,(anonymous_31)
FN:840,(anonymous_32)
FN:841,(anonymous_33)
FN:862,(anonymous_34)
FN:878,(anonymous_35)
FN:882,(anonymous_36)
FN:889,(anonymous_37)
FN:926,(anonymous_38)
FN:937,(anonymous_39)
FN:947,(anonymous_40)
FN:961,(anonymous_41)
FN:968,(anonymous_42)
FN:993,(anonymous_43)
FN:1000,(anonymous_44)
FN:1012,(anonymous_45)
FN:1044,(anonymous_46)
FN:1046,(anonymous_47)
FN:1057,(anonymous_48)
FN:1074,(anonymous_49)
FN:1218,(anonymous_50)
FN:1278,(anonymous_51)
FN:1384,(anonymous_52)
FN:1387,(anonymous_53)
FN:1387,(anonymous_54)
FN:1393,(anonymous_55)
FN:1459,(anonymous_56)
FN:1466,(anonymous_57)
FN:1506,(anonymous_58)
FN:1566,(anonymous_59)
FN:1590,(anonymous_60)
FN:1607,(anonymous_61)
FN:1639,(anonymous_62)
FN:1647,(anonymous_63)
FN:1777,(anonymous_64)
FN:1784,(anonymous_65)
FN:1813,(anonymous_66)
FN:1838,(anonymous_67)
FN:1853,(anonymous_68)
FN:1861,(anonymous_69)
FN:1876,(anonymous_70)
FN:1908,(anonymous_71)
FN:1913,(anonymous_72)
FN:1927,(anonymous_73)
FN:1951,(anonymous_74)
FN:1952,(anonymous_75)
FN:1975,(anonymous_76)
FN:1979,(anonymous_77)
FN:1989,(anonymous_78)
FN:2024,(anonymous_79)
FN:2034,(anonymous_80)
FN:2044,(anonymous_81)
FN:2089,(anonymous_82)
FN:2100,(anonymous_83)
FN:2120,(anonymous_84)
FN:2140,(anonymous_85)
FN:2156,(anonymous_86)
FN:2198,(anonymous_87)
FN:2200,(anonymous_88)
FN:2201,(anonymous_89)
FN:2203,(anonymous_90)
FN:2212,(anonymous_91)
FN:2220,(anonymous_92)
FN:2225,(anonymous_93)
FN:2228,(anonymous_94)
FN:2231,(anonymous_95)
FN:2235,(anonymous_96)
FN:2266,(anonymous_97)
FN:2327,(anonymous_98)
FN:2342,(anonymous_99)
FN:2345,(anonymous_100)
FN:2384,(anonymous_101)
FN:2400,(anonymous_102)
FN:2410,(anonymous_103)
FN:2415,(anonymous_104)
FN:2418,(anonymous_105)
FN:2429,(anonymous_106)
FN:2441,(anonymous_107)
FN:2458,(anonymous_108)
FN:2461,(anonymous_109)
FN:2474,(anonymous_110)
FN:2477,(anonymous_111)
FN:2480,(anonymous_112)
FN:2485,(anonymous_113)
FN:2488,(anonymous_114)
FN:2501,(anonymous_115)
FN:2531,(anonymous_116)
FN:2558,(anonymous_117)
FN:2558,(anonymous_118)
FN:2636,(anonymous_119)
FN:2640,(anonymous_120)
FN:2645,(anonymous_121)
FN:2650,(anonymous_122)
FN:2695,(anonymous_123)
FN:2704,(anonymous_124)
FN:2706,(anonymous_125)
FN:2707,(anonymous_126)
FN:2729,(anonymous_127)
FN:2745,(anonymous_128)
FN:2747,(anonymous_129)
FN:2748,(anonymous_130)
FN:2784,(anonymous_131)
FN:2809,(anonymous_132)
FN:2813,(anonymous_133)
FN:2831,(anonymous_134)
FN:2845,(anonymous_135)
FN:2854,(anonymous_136)
FN:2924,(anonymous_137)
FN:2940,(anonymous_138)
FN:2974,(anonymous_139)
FN:2975,(anonymous_140)
FN:2987,(anonymous_141)
FN:2991,(anonymous_142)
FN:2995,(anonymous_143)
FN:2999,(anonymous_144)
FN:3003,(anonymous_145)
FN:3007,(anonymous_146)
FN:3013,(anonymous_147)
FN:3020,(anonymous_148)
FN:3043,(anonymous_149)
FN:3044,(anonymous_150)
FN:3060,(anonymous_151)
FN:3082,(anonymous_152)
FN:3101,(anonymous_153)
FN:3107,(anonymous_154)
FN:3110,(anonymous_155)
FN:3113,(anonymous_156)
FN:3118,(anonymous_157)
FN:3124,(anonymous_158)
FN:3127,(anonymous_159)
FN:3130,(anonymous_160)
FN:3135,(anonymous_161)
FN:3141,(anonymous_162)
FN:3144,(anonymous_163)
FN:3147,(anonymous_164)
FN:3150,(anonymous_165)
FN:3155,(anonymous_166)
FN:3161,(anonymous_167)
FN:3164,(anonymous_168)
FN:3167,(anonymous_169)
FN:3192,(anonymous_170)
FN:3222,(anonymous_171)
FN:3234,(anonymous_172)
FN:3255,(anonymous_173)
FN:3292,(anonymous_174)
FNF:173
FNH:7
FNDA:4,(anonymous_2)
FNDA:1,(anonymous_3)
FNDA:1,(anonymous_4)
FNDA:1,(anonymous_5)
FNDA:0,(anonymous_6)
FNDA:1,(anonymous_7)
FNDA:1,(anonymous_8)
FNDA:0,(anonymous_9)
FNDA:0,(anonymous_10)
FNDA:0,(anonymous_11)
FNDA:0,(anonymous_12)
FNDA:0,(anonymous_13)
FNDA:0,(anonymous_14)
FNDA:0,(anonymous_15)
FNDA:0,(anonymous_16)
FNDA:0,(anonymous_17)
FNDA:0,(anonymous_18)
FNDA:0,(anonymous_19)
FNDA:0,(anonymous_20)
FNDA:0,(anonymous_21)
FNDA:0,(anonymous_22)
FNDA:0,(anonymous_23)
FNDA:0,(anonymous_24)
FNDA:0,(anonymous_25)
FNDA:0,(anonymous_26)
FNDA:0,(anonymous_27)
FNDA:0,(anonymous_28)
FNDA:0,(anonymous_29)
FNDA:0,(anonymous_30)
FNDA:2,(anonymous_31)
FNDA:0,(anonymous_32)
FNDA:0,(anonymous_33)
FNDA:0,(anonymous_34)
FNDA:0,(anonymous_35)
FNDA:0,(anonymous_36)
FNDA:0,(anonymous_37)
FNDA:0,(anonymous_38)
FNDA:0,(anonymous_39)
FNDA:0,(anonymous_40)
FNDA:0,(anonymous_41)
FNDA:0,(anonymous_42)
FNDA:0,(anonymous_43)
FNDA:0,(anonymous_44)
FNDA:0,(anonymous_45)
FNDA:0,(anonymous_46)
FNDA:0,(anonymous_47)
FNDA:0,(anonymous_48)
FNDA:0,(anonymous_49)
FNDA:0,(anonymous_50)
FNDA:0,(anonymous_51)
FNDA:0,(anonymous_52)
FNDA:0,(anonymous_53)
FNDA:0,(anonymous_54)
FNDA:0,(anonymous_55)
FNDA:0,(anonymous_56)
FNDA:0,(anonymous_57)
FNDA:0,(anonymous_58)
FNDA:0,(anonymous_59)
FNDA:0,(anonymous_60)
FNDA:0,(anonymous_61)
FNDA:0,(anonymous_62)
FNDA:0,(anonymous_63)
FNDA:0,(anonymous_64)
FNDA:0,(anonymous_65)
FNDA:0,(anonymous_66)
FNDA:0,(anonymous_67)
FNDA:0,(anonymous_68)
FNDA:0,(anonymous_69)
FNDA:0,(anonymous_70)
FNDA:0,(anonymous_71)
FNDA:0,(anonymous_72)
FNDA:0,(anonymous_73)
FNDA:0,(anonymous_74)
FNDA:0,(anonymous_75)
FNDA:0,(anonymous_76)
FNDA:0,(anonymous_77)
FNDA:0,(anonymous_78)
FNDA:0,(anonymous_79)
FNDA:0,(anonymous_80)
FNDA:0,(anonymous_81)
FNDA:0,(anonymous_82)
FNDA:0,(anonymous_83)
FNDA:0,(anonymous_84)
FNDA:0,(anonymous_85)
FNDA:0,(anonymous_86)
FNDA:0,(anonymous_87)
FNDA:0,(anonymous_88)
FNDA:0,(anonymous_89)
FNDA:0,(anonymous_90)
FNDA:0,(anonymous_91)
FNDA:0,(anonymous_92)
FNDA:0,(anonymous_93)
FNDA:0,(anonymous_94)
FNDA:0,(anonymous_95)
FNDA:0,(anonymous_96)
FNDA:0,(anonymous_97)
FNDA:0,(anonymous_98)
FNDA:0,(anonymous_99)
FNDA:0,(anonymous_100)
FNDA:0,(anonymous_101)
FNDA:0,(anonymous_102)
FNDA:0,(anonymous_103)
FNDA:0,(anonymous_104)
FNDA:0,(anonymous_105)
FNDA:0,(anonymous_106)
FNDA:0,(anonymous_107)
FNDA:0,(anonymous_108)
FNDA:0,(anonymous_109)
FNDA:0,(anonymous_110)
FNDA:0,(anonymous_111)
FNDA:0,(anonymous_112)
FNDA:0,(anonymous_113)
FNDA:0,(anonymous_114)
FNDA:0,(anonymous_115)
FNDA:0,(anonymous_116)
FNDA:0,(anonymous_117)
FNDA:0,(anonymous_118)
FNDA:0,(anonymous_119)
FNDA:0,(anonymous_120)
FNDA:0,(anonymous_121)
FNDA:0,(anonymous_122)
FNDA:0,(anonymous_123)
FNDA:0,(anonymous_124)
FNDA:0,(anonymous_125)
FNDA:0,(anonymous_126)
FNDA:0,(anonymous_127)
FNDA:0,(anonymous_128)
FNDA:0,(anonymous_129)
FNDA:0,(anonymous_130)
FNDA:0,(anonymous_131)
FNDA:0,(anonymous_132)
FNDA:0,(anonymous_133)
FNDA:0,(anonymous_134)
FNDA:0,(anonymous_135)
FNDA:0,(anonymous_136)
FNDA:0,(anonymous_137)
FNDA:0,(anonymous_138)
FNDA:0,(anonymous_139)
FNDA:0,(anonymous_140)
FNDA:0,(anonymous_141)
FNDA:0,(anonymous_142)
FNDA:0,(anonymous_143)
FNDA:0,(anonymous_144)
FNDA:0,(anonymous_145)
FNDA:0,(anonymous_146)
FNDA:0,(anonymous_147)
FNDA:0,(anonymous_148)
FNDA:0,(anonymous_149)
FNDA:0,(anonymous_150)
FNDA:0,(anonymous_151)
FNDA:0,(anonymous_152)
FNDA:0,(anonymous_153)
FNDA:0,(anonymous_154)
FNDA:0,(anonymous_155)
FNDA:0,(anonymous_156)
FNDA:0,(anonymous_157)
FNDA:0,(anonymous_158)
FNDA:0,(anonymous_159)
FNDA:0,(anonymous_160)
FNDA:0,(anonymous_161)
FNDA:0,(anonymous_162)
FNDA:0,(anonymous_163)
FNDA:0,(anonymous_164)
FNDA:0,(anonymous_165)
FNDA:0,(anonymous_166)
FNDA:0,(anonymous_167)
FNDA:0,(anonymous_168)
FNDA:0,(anonymous_169)
FNDA:0,(anonymous_170)
FNDA:0,(anonymous_171)
FNDA:0,(anonymous_172)
FNDA:0,(anonymous_173)
FNDA:0,(anonymous_174)
DA:1,1
DA:2,1
DA:3,1
DA:4,1
DA:5,1
DA:6,1
DA:7,1
DA:8,1
DA:9,1
DA:10,1
DA:11,1
DA:12,1
DA:15,1
DA:16,4
DA:19,4
DA:20,4
DA:21,4
DA:22,4
DA:23,4
DA:24,4
DA:25,4
DA:29,1
DA:30,1
DA:33,1
DA:34,1
DA:35,1
DA:36,1
DA:49,1
DA:51,1
DA:52,1
DA:53,1
DA:55,1
DA:56,1
DA:57,1
DA:59,1
DA:60,1
DA:61,1
DA:63,1
DA:65,1
DA:66,1
DA:67,0
DA:70,1
DA:73,1
DA:74,1
DA:75,0
DA:76,0
DA:79,1
DA:81,1
DA:82,1
DA:89,1
DA:90,0
DA:91,0
DA:92,0
DA:93,0
DA:95,0
DA:101,1
DA:125,1
DA:126,1
DA:127,1
DA:128,0
DA:132,1
DA:133,1
DA:135,1
DA:138,1
DA:139,1
DA:142,0
DA:143,0
DA:148,0
DA:163,0
DA:166,0
DA:167,0
DA:168,0
DA:171,0
DA:173,0
DA:174,0
DA:175,0
DA:176,0
DA:177,0
DA:178,0
DA:179,0
DA:180,0
DA:181,0
DA:182,0
DA:187,0
DA:191,0
DA:199,0
DA:204,0
DA:205,0
DA:207,0
DA:219,0
DA:220,0
DA:221,0
DA:222,0
DA:223,0
DA:234,0
DA:235,0
DA:236,0
DA:238,0
DA:250,0
DA:251,0
DA:262,0
DA:264,0
DA:275,0
DA:276,0
DA:277,0
DA:278,0
DA:279,0
DA:281,0
DA:282,0
DA:283,0
DA:287,0
DA:288,0
DA:289,0
DA:290,0
DA:298,0
DA:299,0
DA:302,0
DA:303,0
DA:307,0
DA:308,0
DA:309,0
DA:314,0
DA:317,0
DA:318,0
DA:319,0
DA:320,0
DA:321,0
DA:324,0
DA:325,0
DA:326,0
DA:328,0
DA:331,0
DA:332,0
DA:333,0
DA:337,0
DA:338,0
DA:339,0
DA:340,0
DA:341,0
DA:345,0
DA:346,0
DA:350,0
DA:351,0
DA:355,0
DA:357,0
DA:358,0
DA:363,0
DA:364,0
DA:365,0
DA:366,0
DA:367,0
DA:370,0
DA:371,0
DA:372,0
DA:373,0
DA:376,0
DA:378,0
DA:386,0
DA:389,0
DA:398,0
DA:399,0
DA:401,0
DA:403,0
DA:404,0
DA:405,0
DA:406,0
DA:407,0
DA:408,0
DA:409,0
DA:416,0
DA:417,0
DA:418,0
DA:427,0
DA:429,0
DA:432,0
DA:434,0
DA:435,0
DA:436,0
DA:438,0
DA:443,0
DA:444,0
DA:446,0
DA:447,0
DA:450,0
DA:453,0
DA:454,0
DA:458,0
DA:459,0
DA:460,0
DA:461,0
DA:465,0
DA:477,0
DA:478,0
DA:479,0
DA:482,0
DA:483,0
DA:484,0
DA:488,0
DA:496,0
DA:502,0
DA:503,0
DA:504,0
DA:506,0
DA:507,0
DA:508,0
DA:511,0
DA:519,0
DA:525,0
DA:526,0
DA:534,0
DA:535,0
DA:539,0
DA:540,0
DA:545,0
DA:547,0
DA:550,0
DA:551,0
DA:555,0
DA:558,0
DA:559,0
DA:564,0
DA:565,0
DA:570,0
DA:571,0
DA:573,0
DA:574,0
DA:576,0
DA:577,0
DA:580,0
DA:581,0
DA:583,0
DA:584,0
DA:592,0
DA:593,0
DA:594,0
DA:600,0
DA:602,0
DA:603,0
DA:606,0
DA:607,0
DA:608,0
DA:612,0
DA:613,0
DA:614,0
DA:615,0
DA:616,0
DA:617,0
DA:622,0
DA:623,0
DA:628,0
DA:629,0
DA:631,0
DA:632,0
DA:633,0
DA:635,0
DA:636,0
DA:637,0
DA:639,0
DA:641,0
DA:642,0
DA:644,0
DA:645,0
DA:647,0
DA:648,0
DA:650,0
DA:651,0
DA:652,0
DA:653,0
DA:654,0
DA:661,0
DA:666,0
DA:667,0
DA:677,0
DA:681,0
DA:682,0
DA:683,0
DA:685,0
DA:686,0
DA:689,0
DA:690,0
DA:691,0
DA:700,0
DA:709,0
DA:713,0
DA:725,0
DA:736,0
DA:738,0
DA:739,0
DA:741,0
DA:752,0
DA:761,0
DA:765,0
DA:767,0
DA:768,0
DA:773,0
DA:774,0
DA:783,0
DA:791,0
DA:795,2
DA:798,2
DA:799,2
DA:801,2
DA:802,2
DA:804,2
DA:805,1
DA:809,1
DA:810,1
DA:812,1
DA:814,1
DA:816,1
DA:818,1
DA:819,1
DA:820,1
DA:824,0
DA:825,0
DA:827,0
DA:828,0
DA:829,0
DA:832,0
DA:834,0
DA:836,0
DA:837,0
DA:838,0
DA:839,0
DA:840,0
DA:841,0
DA:844,0
DA:847,0
DA:864,0
DA:865,0
DA:866,0
DA:867,0
DA:869,0
DA:870,0
DA:871,0
DA:873,0
DA:879,0
DA:881,0
DA:882,0
DA:883,0
DA:886,0
DA:889,0
DA:890,0
DA:891,0
DA:892,0
DA:895,0
DA:897,0
DA:898,0
DA:902,0
DA:903,0
DA:904,0
DA:905,0
DA:906,0
DA:907,0
DA:908,0
DA:910,0
DA:912,0
DA:915,0
DA:926,0
DA:927,0
DA:935,0
DA:937,0
DA:948,0
DA:957,0
DA:960,0
DA:961,0
DA:962,0
DA:965,0
DA:968,0
DA:969,0
DA:970,0
DA:973,0
DA:974,0
DA:975,0
DA:976,0
DA:977,0
DA:982,0
DA:986,0
DA:991,0
DA:993,0
DA:1000,0
DA:1013,0
DA:1016,0
DA:1017,0
DA:1019,0
DA:1020,0
DA:1021,0
DA:1023,0
DA:1031,0
DA:1039,0
DA:1042,0
DA:1044,0
DA:1046,0
DA:1047,0
DA:1049,0
DA:1050,0
DA:1053,0
DA:1056,0
DA:1057,0
DA:1058,0
DA:1061,0
DA:1062,0
DA:1064,0
DA:1067,0
DA:1075,0
DA:1078,0
DA:1083,0
DA:1086,0
DA:1087,0
DA:1091,0
DA:1092,0
DA:1094,0
DA:1095,0
DA:1096,0
DA:1098,0
DA:1103,0
DA:1104,0
DA:1105,0
DA:1106,0
DA:1107,0
DA:1108,0
DA:1109,0
DA:1112,0
DA:1113,0
DA:1118,0
DA:1151,0
DA:1154,0
DA:1155,0
DA:1157,0
DA:1158,0
DA:1159,0
DA:1162,0
DA:1164,0
DA:1165,0
DA:1166,0
DA:1169,0
DA:1170,0
DA:1171,0
DA:1172,0
DA:1173,0
DA:1174,0
DA:1176,0
DA:1180,0
DA:1183,0
DA:1184,0
DA:1185,0
DA:1186,0
DA:1200,0
DA:1209,0
DA:1211,0
DA:1213,0
DA:1214,0
DA:1219,0
DA:1220,0
DA:1225,0
DA:1226,0
DA:1227,0
DA:1228,0
DA:1229,0
DA:1230,0
DA:1231,0
DA:1232,0
DA:1233,0
DA:1234,0
DA:1235,0
DA:1236,0
DA:1237,0
DA:1238,0
DA:1239,0
DA:1240,0
DA:1241,0
DA:1242,0
DA:1243,0
DA:1245,0
DA:1246,0
DA:1247,0
DA:1249,0
DA:1250,0
DA:1251,0
DA:1253,0
DA:1254,0
DA:1256,0
DA:1258,0
DA:1259,0
DA:1262,0
DA:1263,0
DA:1264,0
DA:1269,0
DA:1270,0
DA:1271,0
DA:1272,0
DA:1277,0
DA:1278,0
DA:1279,0
DA:1280,0
DA:1281,0
DA:1286,0
DA:1287,0
DA:1288,0
DA:1289,0
DA:1290,0
DA:1295,0
DA:1296,0
DA:1297,0
DA:1298,0
DA:1302,0
DA:1308,0
DA:1309,0
DA:1310,0
DA:1315,0
DA:1316,0
DA:1317,0
DA:1319,0
DA:1320,0
DA:1321,0
DA:1323,0
DA:1324,0
DA:1329,0
DA:1330,0
DA:1334,0
DA:1335,0
DA:1337,0
DA:1338,0
DA:1340,0
DA:1341,0
DA:1344,0
DA:1345,0
DA:1349,0
DA:1351,0
DA:1357,0
DA:1358,0
DA:1359,0
DA:1362,0
DA:1372,0
DA:1373,0
DA:1378,0
DA:1379,0
DA:1380,0
DA:1381,0
DA:1383,0
DA:1384,0
DA:1387,0
DA:1388,0
DA:1389,0
DA:1392,0
DA:1393,0
DA:1396,0
DA:1397,0
DA:1406,0
DA:1407,0
DA:1421,0
DA:1422,0
DA:1424,0
DA:1426,0
DA:1436,0
DA:1438,0
DA:1450,0
DA:1455,0
DA:1460,0
DA:1467,0
DA:1468,0
DA:1470,0
DA:1485,0
DA:1486,0
DA:1493,0
DA:1502,0
DA:1507,0
DA:1508,0
DA:1512,0
DA:1514,0
DA:1516,0
DA:1517,0
DA:1526,0
DA:1535,0
DA:1539,0
DA:1552,0
DA:1554,0
DA:1567,0
DA:1569,0
DA:1570,0
DA:1572,0
DA:1582,0
DA:1584,0
DA:1591,0
DA:1594,0
DA:1603,0
DA:1608,0
DA:1610,0
DA:1611,0
DA:1612,0
DA:1613,0
DA:1615,0
DA:1616,0
DA:1619,0
DA:1620,0
DA:1621,0
DA:1624,0
DA:1627,0
DA:1640,0
DA:1643,0
DA:1646,0
DA:1647,0
DA:1648,0
DA:1652,0
DA:1662,0
DA:1674,0
DA:1675,0
DA:1678,0
DA:1679,0
DA:1682,0
DA:1689,0
DA:1690,0
DA:1696,0
DA:1698,0
DA:1700,0
DA:1757,0
DA:1760,0
DA:1765,0
DA:1773,0
DA:1778,0
DA:1785,0
DA:1786,0
DA:1788,0
DA:1802,0
DA:1810,0
DA:1814,0
DA:1827,0
DA:1835,0
DA:1839,0
DA:1841,0
DA:1849,0
DA:1854,0
DA:1862,0
DA:1877,0
DA:1881,0
DA:1883,0
DA:1888,0
DA:1889,0
DA:1890,0
DA:1895,0
DA:1902,0
DA:1909,0
DA:1910,0
DA:1911,0
DA:1913,0
DA:1914,0
DA:1915,0
DA:1924,0
DA:1926,0
DA:1927,0
DA:1938,0
DA:1940,0
DA:1946,0
DA:1947,0
DA:1952,0
DA:1953,0
DA:1961,0
DA:1968,0
DA:1976,0
DA:1981,0
DA:1982,0
DA:1983,0
DA:1984,0
DA:1986,0
DA:1988,0
DA:1989,0
DA:1990,0
DA:1991,0
DA:1992,0
DA:1993,0
DA:1995,0
DA:1997,0
DA:2000,0
DA:2004,0
DA:2005,0
DA:2007,0
DA:2008,0
DA:2012,0
DA:2013,0
DA:2016,0
DA:2022,0
DA:2023,0
DA:2024,0
DA:2026,0
DA:2029,0
DA:2035,0
DA:2036,0
DA:2038,0
DA:2045,0
DA:2077,0
DA:2080,0
DA:2081,0
DA:2082,0
DA:2085,0
DA:2090,0
DA:2091,0
DA:2095,0
DA:2098,0
DA:2099,0
DA:2100,0
DA:2102,0
DA:2106,0
DA:2111,0
DA:2117,0
DA:2121,0
DA:2122,0
DA:2124,0
DA:2135,0
DA:2138,0
DA:2139,0
DA:2140,0
DA:2142,0
DA:2144,0
DA:2149,0
DA:2157,0
DA:2158,0
DA:2161,0
DA:2162,0
DA:2163,0
DA:2164,0
DA:2165,0
DA:2166,0
DA:2167,0
DA:2168,0
DA:2169,0
DA:2170,0
DA:2173,0
DA:2183,0
DA:2192,0
DA:2198,0
DA:2200,0
DA:2201,0
DA:2203,0
DA:2213,0
DA:2214,0
DA:2216,0
DA:2217,0
DA:2221,0
DA:2222,0
DA:2223,0
DA:2226,0
DA:2229,0
DA:2232,0
DA:2236,0
DA:2238,0
DA:2239,0
DA:2243,0
DA:2244,0
DA:2245,0
DA:2247,0
DA:2249,0
DA:2250,0
DA:2253,0
DA:2267,0
DA:2268,0
DA:2270,0
DA:2271,0
DA:2272,0
DA:2274,0
DA:2275,0
DA:2276,0
DA:2277,0
DA:2278,0
DA:2279,0
DA:2280,0
DA:2281,0
DA:2282,0
DA:2283,0
DA:2284,0
DA:2285,0
DA:2288,0
DA:2298,0
DA:2299,0
DA:2311,0
DA:2324,0
DA:2329,0
DA:2330,0
DA:2331,0
DA:2332,0
DA:2334,0
DA:2335,0
DA:2336,0
DA:2338,0
DA:2343,0
DA:2344,0
DA:2345,0
DA:2346,0
DA:2347,0
DA:2349,0
DA:2353,0
DA:2354,0
DA:2355,0
DA:2378,0
DA:2385,0
DA:2386,0
DA:2388,0
DA:2389,0
DA:2390,0
DA:2391,0
DA:2393,0
DA:2395,0
DA:2397,0
DA:2401,0
DA:2403,0
DA:2404,0
DA:2405,0
DA:2406,0
DA:2408,0
DA:2411,0
DA:2416,0
DA:2419,0
DA:2420,0
DA:2427,0
DA:2430,0
DA:2431,0
DA:2439,0
DA:2442,0
DA:2443,0
DA:2445,0
DA:2446,0
DA:2454,0
DA:2459,0
DA:2460,0
DA:2461,0
DA:2462,0
DA:2463,0
DA:2465,0
DA:2468,0
DA:2475,0
DA:2478,0
DA:2481,0
DA:2486,0
DA:2487,0
DA:2488,0
DA:2489,0
DA:2490,0
DA:2492,0
DA:2495,0
DA:2502,0
DA:2505,0
DA:2507,0
DA:2510,0
DA:2523,0
DA:2524,0
DA:2526,0
DA:2529,0
DA:2531,0
DA:2532,0
DA:2533,0
DA:2535,0
DA:2536,0
DA:2541,0
DA:2554,0
DA:2557,0
DA:2558,0
DA:2561,0
DA:2569,0
DA:2570,0
DA:2571,0
DA:2573,0
DA:2583,0
DA:2595,0
DA:2598,0
DA:2600,0
DA:2604,0
DA:2607,0
DA:2613,0
DA:2628,0
DA:2629,0
DA:2631,0
DA:2632,0
DA:2637,0
DA:2641,0
DA:2646,0
DA:2647,0
DA:2648,0
DA:2650,0
DA:2651,0
DA:2654,0
DA:2655,0
DA:2656,0
DA:2657,0
DA:2662,0
DA:2663,0
DA:2664,0
DA:2665,0
DA:2666,0
DA:2670,0
DA:2671,0
DA:2672,0
DA:2675,0
DA:2676,0
DA:2677,0
DA:2678,0
DA:2679,0
DA:2680,0
DA:2683,0
DA:2688,0
DA:2695,0
DA:2696,0
DA:2697,0
DA:2698,0
DA:2699,0
DA:2700,0
DA:2704,0
DA:2705,0
DA:2706,0
DA:2707,0
DA:2710,0
DA:2718,0
DA:2723,0
DA:2729,0
DA:2730,0
DA:2732,0
DA:2733,0
DA:2736,0
DA:2737,0
DA:2738,0
DA:2739,0
DA:2740,0
DA:2741,0
DA:2745,0
DA:2746,0
DA:2747,0
DA:2748,0
DA:2751,0
DA:2758,0
DA:2759,0
DA:2760,0
DA:2761,0
DA:2765,0
DA:2766,0
DA:2767,0
DA:2768,0
DA:2769,0
DA:2773,0
DA:2774,0
DA:2777,0
DA:2778,0
DA:2779,0
DA:2780,0
DA:2781,0
DA:2782,0
DA:2784,0
DA:2785,0
DA:2786,0
DA:2787,0
DA:2788,0
DA:2789,0
DA:2795,0
DA:2796,0
DA:2797,0
DA:2804,0
DA:2809,0
DA:2810,0
DA:2811,0
DA:2813,0
DA:2814,0
DA:2815,0
DA:2818,0
DA:2819,0
DA:2820,0
DA:2821,0
DA:2824,0
DA:2825,0
DA:2826,0
DA:2827,0
DA:2828,0
DA:2831,0
DA:2832,0
DA:2838,0
DA:2839,0
DA:2840,0
DA:2845,0
DA:2854,0
DA:2861,0
DA:2879,0
DA:2886,0
DA:2887,0
DA:2888,0
DA:2889,0
DA:2890,0
DA:2891,0
DA:2893,0
DA:2900,0
DA:2910,0
DA:2914,0
DA:2919,0
DA:2923,0
DA:2924,0
DA:2925,0
DA:2926,0
DA:2927,0
DA:2928,0
DA:2929,0
DA:2930,0
DA:2931,0
DA:2933,0
DA:2937,0
DA:2938,0
DA:2939,0
DA:2940,0
DA:2941,0
DA:2942,0
DA:2943,0
DA:2944,0
DA:2945,0
DA:2946,0
DA:2948,0
DA:2950,0
DA:2953,0
DA:2974,0
DA:2975,0
DA:2981,0
DA:2982,0
DA:2988,0
DA:2992,0
DA:2996,0
DA:3000,0
DA:3004,0
DA:3008,0
DA:3013,1
DA:3014,0
DA:3018,0
DA:3021,0
DA:3022,0
DA:3024,0
DA:3025,0
DA:3028,0
DA:3029,0
DA:3030,0
DA:3032,0
DA:3034,0
DA:3036,0
DA:3039,0
DA:3040,0
DA:3041,0
DA:3042,0
DA:3043,0
DA:3044,0
DA:3047,0
DA:3052,0
DA:3057,0
DA:3061,0
DA:3062,0
DA:3069,0
DA:3070,0
DA:3071,0
DA:3073,0
DA:3075,0
DA:3077,0
DA:3079,0
DA:3084,0
DA:3085,0
DA:3086,0
DA:3087,0
DA:3089,0
DA:3090,0
DA:3091,0
DA:3093,0
DA:3102,0
DA:3108,0
DA:3111,0
DA:3114,0
DA:3119,0
DA:3125,0
DA:3128,0
DA:3131,0
DA:3136,0
DA:3142,0
DA:3145,0
DA:3148,0
DA:3151,0
DA:3156,0
DA:3162,0
DA:3165,0
DA:3168,0
DA:3169,0
DA:3172,0
DA:3182,0
DA:3193,0
DA:3194,0
DA:3197,0
DA:3207,0
DA:3223,0
DA:3235,0
DA:3236,0
DA:3237,0
DA:3240,0
DA:3256,0
DA:3257,0
DA:3260,0
DA:3261,0
DA:3264,0
DA:3277,0
DA:3285,0
DA:3293,0
DA:3294,0
DA:3297,0
DA:3302,0
DA:3303,0
DA:3304,0
DA:3308,0
DA:3319,0
DA:3320,0
DA:3327,0
DA:3335,0
DA:3344,0
LF:1108
LH:72
BRDA:29,0,0,1
BRDA:29,0,1,0
BRDA:30,1,0,0
BRDA:30,2,0,1
BRDA:30,2,1,1
BRDA:33,3,0,1
BRDA:33,3,1,0
BRDA:33,4,0,0
BRDA:33,4,1,0
BRDA:34,5,0,1
BRDA:34,5,1,1
BRDA:34,5,2,1
BRDA:55,6,0,1
BRDA:56,7,0,1
BRDA:57,8,0,1
BRDA:61,9,0,1
BRDA:61,9,1,0
BRDA:63,10,0,1
BRDA:65,11,0,1
BRDA:65,11,1,1
BRDA:67,12,0,0
BRDA:67,12,1,0
BRDA:67,12,2,0
BRDA:67,12,3,0
BRDA:70,13,0,1
BRDA:70,13,1,1
BRDA:73,14,0,1
BRDA:73,14,1,0
BRDA:73,15,0,1
BRDA:73,15,1,0
BRDA:73,16,0,0
BRDA:73,16,1,0
BRDA:74,17,0,0
BRDA:74,18,0,1
BRDA:74,18,1,0
BRDA:81,19,0,1
BRDA:81,19,1,0
BRDA:90,20,0,0
BRDA:91,21,0,0
BRDA:127,22,0,0
BRDA:132,23,0,0
BRDA:132,23,1,1
BRDA:132,24,0,0
BRDA:132,24,1,0
BRDA:133,25,0,1
BRDA:133,25,1,1
BRDA:163,26,0,0
BRDA:166,27,0,0
BRDA:168,28,0,0
BRDA:168,28,1,0
BRDA:168,28,2,0
BRDA:168,28,3,0
BRDA:171,29,0,0
BRDA:171,29,1,0
BRDA:174,30,0,0
BRDA:174,30,1,0
BRDA:176,31,0,0
BRDA:176,31,1,0
BRDA:177,32,0,0
BRDA:177,32,1,0
BRDA:179,33,0,0
BRDA:180,34,0,0
BRDA:180,34,1,0
BRDA:181,35,0,0
BRDA:181,35,1,0
BRDA:181,35,2,0
BRDA:181,35,3,0
BRDA:187,36,0,0
BRDA:193,37,0,0
BRDA:193,37,1,0
BRDA:194,38,0,0
BRDA:194,38,1,0
BRDA:199,39,0,0
BRDA:199,40,0,0
BRDA:199,40,1,0
BRDA:219,41,0,0
BRDA:221,42,0,0
BRDA:221,42,1,0
BRDA:222,43,0,0
BRDA:222,43,1,0
BRDA:234,44,0,0
BRDA:235,45,0,0
BRDA:235,45,1,0
BRDA:236,46,0,0
BRDA:250,47,0,0
BRDA:252,48,0,0
BRDA:252,48,1,0
BRDA:262,49,0,0
BRDA:262,50,0,0
BRDA:262,50,1,0
BRDA:262,50,2,0
BRDA:262,50,3,0
BRDA:262,50,4,0
BRDA:266,51,0,0
BRDA:266,51,1,0
BRDA:277,52,0,0
BRDA:277,52,1,0
BRDA:277,53,0,0
BRDA:277,53,1,0
BRDA:277,54,0,0
BRDA:277,54,1,0
BRDA:278,55,0,0
BRDA:278,55,1,0
BRDA:279,56,0,0
BRDA:282,57,0,0
BRDA:287,58,0,0
BRDA:302,59,0,0
BRDA:302,60,0,0
BRDA:302,60,1,0
BRDA:307,61,0,0
BRDA:307,62,0,0
BRDA:307,62,1,0
BRDA:307,62,2,0
BRDA:314,63,0,0
BRDA:314,63,1,0
BRDA:314,64,0,0
BRDA:314,64,1,0
BRDA:318,65,0,0
BRDA:319,66,0,0
BRDA:319,67,0,0
BRDA:319,67,1,0
BRDA:320,68,0,0
BRDA:320,68,1,0
BRDA:324,69,0,0
BRDA:324,69,1,0
BRDA:325,70,0,0
BRDA:325,70,1,0
BRDA:331,71,0,0
BRDA:337,72,0,0
BRDA:337,72,1,0
BRDA:340,73,0,0
BRDA:340,74,0,0
BRDA:340,74,1,0
BRDA:345,75,0,0
BRDA:345,76,0,0
BRDA:345,76,1,0
BRDA:350,77,0,0
BRDA:351,78,0,0
BRDA:351,78,1,0
BRDA:355,79,0,0
BRDA:357,80,0,0
BRDA:370,81,0,0
BRDA:371,82,0,0
BRDA:372,83,0,0
BRDA:373,84,0,0
BRDA:376,85,0,0
BRDA:382,86,0,0
BRDA:382,86,1,0
BRDA:382,86,2,0
BRDA:390,87,0,0
BRDA:390,87,1,0
BRDA:392,88,0,0
BRDA:392,88,1,0
BRDA:401,89,0,0
BRDA:403,90,0,0
BRDA:405,91,0,0
BRDA:405,91,1,0
BRDA:406,92,0,0
BRDA:408,93,0,0
BRDA:408,93,1,0
BRDA:409,94,0,0
BRDA:409,95,0,0
BRDA:409,95,1,0
BRDA:417,96,0,0
BRDA:421,97,0,0
BRDA:421,97,1,0
BRDA:435,98,0,0
BRDA:444,99,0,0
BRDA:446,100,0,0
BRDA:446,101,0,0
BRDA:446,101,1,0
BRDA:453,102,0,0
BRDA:453,103,0,0
BRDA:453,103,1,0
BRDA:458,104,0,0
BRDA:459,105,0,0
BRDA:460,106,0,0
BRDA:461,107,0,0
BRDA:477,108,0,0
BRDA:477,109,0,0
BRDA:477,109,1,0
BRDA:478,110,0,0
BRDA:478,111,0,0
BRDA:478,111,1,0
BRDA:482,112,0,0
BRDA:482,112,1,0
BRDA:483,113,0,0
BRDA:483,114,0,0
BRDA:483,114,1,0
BRDA:489,115,0,0
BRDA:489,115,1,0
BRDA:491,116,0,0
BRDA:491,116,1,0
BRDA:502,117,0,0
BRDA:502,118,0,0
BRDA:502,118,1,0
BRDA:503,119,0,0
BRDA:503,119,1,0
BRDA:504,120,0,0
BRDA:504,120,1,0
BRDA:506,121,0,0
BRDA:506,122,0,0
BRDA:506,122,1,0
BRDA:507,123,0,0
BRDA:507,123,1,0
BRDA:512,124,0,0
BRDA:512,124,1,0
BRDA:525,125,0,0
BRDA:525,126,0,0
BRDA:525,126,1,0
BRDA:525,126,2,0
BRDA:534,127,0,0
BRDA:539,128,0,0
BRDA:545,129,0,0
BRDA:545,130,0,0
BRDA:545,130,1,0
BRDA:550,131,0,0
BRDA:558,132,0,0
BRDA:564,133,0,0
BRDA:564,134,0,0
BRDA:564,134,1,0
BRDA:564,134,2,0
BRDA:570,135,0,0
BRDA:570,136,0,0
BRDA:570,136,1,0
BRDA:573,137,0,0
BRDA:573,137,1,0
BRDA:574,138,0,0
BRDA:574,138,1,0
BRDA:574,139,0,0
BRDA:574,139,1,0
BRDA:576,140,0,0
BRDA:576,140,1,0
BRDA:577,141,0,0
BRDA:577,141,1,0
BRDA:580,142,0,0
BRDA:580,142,1,0
BRDA:581,143,0,0
BRDA:592,144,0,0
BRDA:594,145,0,0
BRDA:594,145,1,0
BRDA:600,146,0,0
BRDA:600,146,1,0
BRDA:602,147,0,0
BRDA:606,148,0,0
BRDA:608,149,0,0
BRDA:608,149,1,0
BRDA:612,150,0,0
BRDA:612,150,1,0
BRDA:613,151,0,0
BRDA:616,152,0,0
BRDA:617,153,0,0
BRDA:617,153,1,0
BRDA:623,154,0,0
BRDA:628,155,0,0
BRDA:628,155,1,0
BRDA:629,156,0,0
BRDA:629,156,1,0
BRDA:632,157,0,0
BRDA:632,157,1,0
BRDA:633,158,0,0
BRDA:636,159,0,0
BRDA:636,159,1,0
BRDA:637,160,0,0
BRDA:637,160,1,0
BRDA:637,161,0,0
BRDA:637,161,1,0
BRDA:639,162,0,0
BRDA:639,162,1,0
BRDA:639,163,0,0
BRDA:639,163,1,0
BRDA:639,164,0,0
BRDA:639,164,1,0
BRDA:641,165,0,0
BRDA:641,165,1,0
BRDA:644,166,0,0
BRDA:644,167,0,0
BRDA:644,167,1,0
BRDA:644,167,2,0
BRDA:653,168,0,0
BRDA:666,169,0,0
BRDA:668,170,0,0
BRDA:668,170,1,0
BRDA:670,171,0,0
BRDA:670,171,1,0
BRDA:683,172,0,0
BRDA:689,173,0,0
BRDA:701,174,0,0
BRDA:701,174,1,0
BRDA:703,175,0,0
BRDA:703,175,1,0
BRDA:726,176,0,0
BRDA:726,176,1,0
BRDA:728,177,0,0
BRDA:728,177,1,0
BRDA:736,178,0,0
BRDA:739,179,0,0
BRDA:753,180,0,0
BRDA:753,180,1,0
BRDA:755,181,0,0
BRDA:755,181,1,0
BRDA:765,182,0,0
BRDA:768,183,0,0
BRDA:773,184,0,0
BRDA:773,184,1,0
BRDA:784,185,0,0
BRDA:784,185,1,0
BRDA:786,186,0,0
BRDA:786,186,1,0
BRDA:795,187,0,0
BRDA:802,188,0,2
BRDA:802,188,1,0
BRDA:804,189,0,1
BRDA:804,190,0,2
BRDA:804,190,1,1
BRDA:809,191,0,1
BRDA:809,192,0,1
BRDA:809,192,1,1
BRDA:812,193,0,1
BRDA:812,193,1,1
BRDA:814,194,0,1
BRDA:814,194,1,0
BRDA:814,194,2,0
BRDA:814,194,3,0
BRDA:816,195,0,1
BRDA:816,195,1,0
BRDA:818,196,0,1
BRDA:818,197,0,1
BRDA:818,197,1,0
BRDA:818,197,2,0
BRDA:825,198,0,0
BRDA:828,199,0,0
BRDA:837,200,0,0
BRDA:852,201,0,0
BRDA:852,201,1,0
BRDA:853,202,0,0
BRDA:853,202,1,0
BRDA:866,203,0,0
BRDA:866,204,0,0
BRDA:866,204,1,0
BRDA:870,205,0,0
BRDA:881,206,0,0
BRDA:883,207,0,0
BRDA:883,207,1,0
BRDA:883,207,2,0
BRDA:883,207,3,0
BRDA:886,208,0,0
BRDA:886,208,1,0
BRDA:889,209,0,0
BRDA:889,209,1,0
BRDA:889,210,0,0
BRDA:889,210,1,0
BRDA:889,211,0,0
BRDA:889,211,1,0
BRDA:890,212,0,0
BRDA:890,213,0,0
BRDA:890,213,1,0
BRDA:897,214,0,0
BRDA:897,214,1,0
BRDA:902,215,0,0
BRDA:903,216,0,0
BRDA:905,217,0,0
BRDA:906,218,0,0
BRDA:957,219,0,0
BRDA:960,220,0,0
BRDA:962,221,0,0
BRDA:962,221,1,0
BRDA:962,221,2,0
BRDA:962,221,3,0
BRDA:965,222,0,0
BRDA:965,222,1,0
BRDA:968,223,0,0
BRDA:968,223,1,0
BRDA:968,224,0,0
BRDA:968,224,1,0
BRDA:968,225,0,0
BRDA:968,225,1,0
BRDA:969,226,0,0
BRDA:969,227,0,0
BRDA:969,227,1,0
BRDA:974,228,0,0
BRDA:974,228,1,0
BRDA:975,229,0,0
BRDA:975,229,1,0
BRDA:976,230,0,0
BRDA:977,231,0,0
BRDA:977,231,1,0
BRDA:977,231,2,0
BRDA:977,231,3,0
BRDA:977,231,4,0
BRDA:982,232,0,0
BRDA:1000,233,0,0
BRDA:1000,233,1,0
BRDA:1003,234,0,0
BRDA:1003,234,1,0
BRDA:1003,235,0,0
BRDA:1003,235,1,0
BRDA:1013,236,0,0
BRDA:1013,237,0,0
BRDA:1013,237,1,0
BRDA:1020,238,0,0
BRDA:1021,239,0,0
BRDA:1039,240,0,0
BRDA:1039,240,1,0
BRDA:1042,241,0,0
BRDA:1042,241,1,0
BRDA:1047,242,0,0
BRDA:1050,243,0,0
BRDA:1050,243,1,0
BRDA:1053,244,0,0
BRDA:1053,245,0,0
BRDA:1053,245,1,0
BRDA:1058,246,0,0
BRDA:1061,247,0,0
BRDA:1061,247,1,0
BRDA:1062,248,0,0
BRDA:1062,249,0,0
BRDA:1062,249,1,0
BRDA:1083,250,0,0
BRDA:1086,251,0,0
BRDA:1086,252,0,0
BRDA:1086,252,1,0
BRDA:1086,252,2,0
BRDA:1086,252,3,0
BRDA:1094,253,0,0
BRDA:1096,254,0,0
BRDA:1096,254,1,0
BRDA:1096,254,2,0
BRDA:1104,255,0,0
BRDA:1106,256,0,0
BRDA:1109,257,0,0
BRDA:1109,258,0,0
BRDA:1109,258,1,0
BRDA:1123,259,0,0
BRDA:1123,259,1,0
BRDA:1124,260,0,0
BRDA:1124,260,1,0
BRDA:1125,261,0,0
BRDA:1125,261,1,0
BRDA:1128,262,0,0
BRDA:1128,262,1,0
BRDA:1137,263,0,0
BRDA:1137,263,1,0
BRDA:1138,264,0,0
BRDA:1138,264,1,0
BRDA:1140,265,0,0
BRDA:1140,265,1,0
BRDA:1141,266,0,0
BRDA:1141,266,1,0
BRDA:1142,267,0,0
BRDA:1142,267,1,0
BRDA:1144,268,0,0
BRDA:1144,268,1,0
BRDA:1146,269,0,0
BRDA:1146,269,1,0
BRDA:1147,270,0,0
BRDA:1147,270,1,0
BRDA:1148,271,0,0
BRDA:1148,271,1,0
BRDA:1164,272,0,0
BRDA:1164,273,0,0
BRDA:1164,273,1,0
BRDA:1164,273,2,0
BRDA:1164,273,3,0
BRDA:1171,274,0,0
BRDA:1171,274,1,0
BRDA:1171,274,2,0
BRDA:1180,275,0,0
BRDA:1183,276,0,0
BRDA:1183,277,0,0
BRDA:1183,277,1,0
BRDA:1183,277,2,0
BRDA:1185,278,0,0
BRDA:1190,279,0,0
BRDA:1190,279,1,0
BRDA:1191,280,0,0
BRDA:1191,280,1,0
BRDA:1192,281,0,0
BRDA:1192,281,1,0
BRDA:1192,281,2,0
BRDA:1201,282,0,0
BRDA:1201,282,1,0
BRDA:1220,283,0,0
BRDA:1226,284,0,0
BRDA:1227,285,0,0
BRDA:1228,286,0,0
BRDA:1228,287,0,0
BRDA:1228,287,1,0
BRDA:1229,288,0,0
BRDA:1230,289,0,0
BRDA:1231,290,0,0
BRDA:1232,291,0,0
BRDA:1233,292,0,0
BRDA:1234,293,0,0
BRDA:1235,294,0,0
BRDA:1236,295,0,0
BRDA:1237,296,0,0
BRDA:1238,297,0,0
BRDA:1239,298,0,0
BRDA:1240,299,0,0
BRDA:1241,300,0,0
BRDA:1242,301,0,0
BRDA:1243,302,0,0
BRDA:1245,303,0,0
BRDA:1245,304,0,0
BRDA:1245,304,1,0
BRDA:1246,305,0,0
BRDA:1246,306,0,0
BRDA:1246,306,1,0
BRDA:1247,307,0,0
BRDA:1249,308,0,0
BRDA:1249,309,0,0
BRDA:1249,309,1,0
BRDA:1250,310,0,0
BRDA:1250,311,0,0
BRDA:1250,311,1,0
BRDA:1251,312,0,0
BRDA:1251,313,0,0
BRDA:1251,313,1,0
BRDA:1253,314,0,0
BRDA:1253,315,0,0
BRDA:1253,315,1,0
BRDA:1254,316,0,0
BRDA:1254,317,0,0
BRDA:1254,317,1,0
BRDA:1256,318,0,0
BRDA:1256,319,0,0
BRDA:1256,319,1,0
BRDA:1258,320,0,0
BRDA:1259,321,0,0
BRDA:1262,322,0,0
BRDA:1263,323,0,0
BRDA:1263,324,0,0
BRDA:1263,324,1,0
BRDA:1264,325,0,0
BRDA:1264,326,0,0
BRDA:1264,326,1,0
BRDA:1269,327,0,0
BRDA:1269,328,0,0
BRDA:1269,328,1,0
BRDA:1271,329,0,0
BRDA:1271,330,0,0
BRDA:1271,330,1,0
BRDA:1277,331,0,0
BRDA:1277,332,0,0
BRDA:1277,332,1,0
BRDA:1277,332,2,0
BRDA:1278,333,0,0
BRDA:1278,333,1,0
BRDA:1278,334,0,0
BRDA:1278,334,1,0
BRDA:1278,335,0,0
BRDA:1278,335,1,0
BRDA:1279,336,0,0
BRDA:1279,336,1,0
BRDA:1280,337,0,0
BRDA:1286,338,0,0
BRDA:1286,339,0,0
BRDA:1286,339,1,0
BRDA:1287,340,0,0
BRDA:1287,340,1,0
BRDA:1288,341,0,0
BRDA:1288,341,1,0
BRDA:1289,342,0,0
BRDA:1289,343,0,0
BRDA:1289,343,1,0
BRDA:1295,344,0,0
BRDA:1295,344,1,0
BRDA:1296,345,0,0
BRDA:1296,345,1,0
BRDA:1297,346,0,0
BRDA:1297,347,0,0
BRDA:1297,347,1,0
BRDA:1302,348,0,0
BRDA:1302,349,0,0
BRDA:1302,349,1,0
BRDA:1302,349,2,0
BRDA:1302,349,3,0
BRDA:1308,350,0,0
BRDA:1308,351,0,0
BRDA:1308,351,1,0
BRDA:1309,352,0,0
BRDA:1309,353,0,0
BRDA:1309,353,1,0
BRDA:1309,353,2,0
BRDA:1309,353,3,0
BRDA:1315,354,0,0
BRDA:1315,354,1,0
BRDA:1316,355,0,0
BRDA:1316,355,1,0
BRDA:1317,356,0,0
BRDA:1317,356,1,0
BRDA:1319,357,0,0
BRDA:1320,358,0,0
BRDA:1323,359,0,0
BRDA:1329,360,0,0
BRDA:1329,361,0,0
BRDA:1329,361,1,0
BRDA:1334,362,0,0
BRDA:1334,362,1,0
BRDA:1335,363,0,0
BRDA:1335,363,1,0
BRDA:1337,364,0,0
BRDA:1337,365,0,0
BRDA:1337,365,1,0
BRDA:1340,366,0,0
BRDA:1340,367,0,0
BRDA:1340,367,1,0
BRDA:1345,368,0,0
BRDA:1345,368,1,0
BRDA:1358,369,0,0
BRDA:1358,370,0,0
BRDA:1358,370,1,0
BRDA:1363,371,0,0
BRDA:1363,371,1,0
BRDA:1372,372,0,0
BRDA:1372,373,0,0
BRDA:1372,373,1,0
BRDA:1378,374,0,0
BRDA:1378,374,1,0
BRDA:1379,375,0,0
BRDA:1381,376,0,0
BRDA:1381,376,1,0
BRDA:1381,377,0,0
BRDA:1381,377,1,0
BRDA:1381,377,2,0
BRDA:1388,378,0,0
BRDA:1396,379,0,0
BRDA:1396,379,1,0
BRDA:1396,380,0,0
BRDA:1396,380,1,0
BRDA:1401,381,0,0
BRDA:1401,381,1,0
BRDA:1402,382,0,0
BRDA:1402,382,1,0
BRDA:1402,382,2,0
BRDA:1403,383,0,0
BRDA:1403,383,1,0
BRDA:1406,384,0,0
BRDA:1411,385,0,0
BRDA:1411,385,1,0
BRDA:1412,386,0,0
BRDA:1412,386,1,0
BRDA:1412,386,2,0
BRDA:1413,387,0,0
BRDA:1413,387,1,0
BRDA:1421,388,0,0
BRDA:1421,389,0,0
BRDA:1421,389,1,0
BRDA:1424,390,0,0
BRDA:1424,390,1,0
BRDA:1431,391,0,0
BRDA:1431,391,1,0
BRDA:1432,392,0,0
BRDA:1432,392,1,0
BRDA:1436,393,0,0
BRDA:1443,394,0,0
BRDA:1443,394,1,0
BRDA:1468,395,0,0
BRDA:1473,396,0,0
BRDA:1473,396,1,0
BRDA:1474,397,0,0
BRDA:1474,397,1,0
BRDA:1474,397,2,0
BRDA:1475,398,0,0
BRDA:1475,398,1,0
BRDA:1480,399,0,0
BRDA:1480,399,1,0
BRDA:1485,400,0,0
BRDA:1494,401,0,0
BRDA:1494,401,1,0
BRDA:1494,401,2,0
BRDA:1496,402,0,0
BRDA:1496,402,1,0
BRDA:1512,403,0,0
BRDA:1516,404,0,0
BRDA:1527,405,0,0
BRDA:1527,405,1,0
BRDA:1555,406,0,0
BRDA:1555,406,1,0
BRDA:1567,407,0,0
BRDA:1570,408,0,0
BRDA:1591,409,0,0
BRDA:1610,410,0,0
BRDA:1615,411,0,0
BRDA:1633,412,0,0
BRDA:1633,412,1,0
BRDA:1643,413,0,0
BRDA:1647,414,0,0
BRDA:1678,415,0,0
BRDA:1678,415,1,0
BRDA:1679,416,0,0
BRDA:1679,416,1,0
BRDA:1689,417,0,0
BRDA:1689,418,0,0
BRDA:1689,418,1,0
BRDA:1719,419,0,0
BRDA:1719,419,1,0
BRDA:1723,420,0,0
BRDA:1723,420,1,0
BRDA:1739,421,0,0
BRDA:1739,421,1,0
BRDA:1766,422,0,0
BRDA:1766,422,1,0
BRDA:1786,423,0,0
BRDA:1791,424,0,0
BRDA:1791,424,1,0
BRDA:1792,425,0,0
BRDA:1792,425,1,0
BRDA:1793,426,0,0
BRDA:1793,426,1,0
BRDA:1798,427,0,0
BRDA:1798,427,1,0
BRDA:1803,428,0,0
BRDA:1803,428,1,0
BRDA:1818,429,0,0
BRDA:1818,429,1,0
BRDA:1828,430,0,0
BRDA:1828,430,1,0
BRDA:1842,431,0,0
BRDA:1842,431,1,0
BRDA:1855,432,0,0
BRDA:1855,432,1,0
BRDA:1871,433,0,0
BRDA:1871,433,1,0
BRDA:1881,434,0,0
BRDA:1888,435,0,0
BRDA:1889,436,0,0
BRDA:1889,436,1,0
BRDA:1921,437,0,0
BRDA:1921,437,1,0
BRDA:1935,438,0,0
BRDA:1935,438,1,0
BRDA:1947,439,0,0
BRDA:1947,439,1,0
BRDA:1986,440,0,0
BRDA:1986,440,1,0
BRDA:2004,441,0,0
BRDA:2004,441,1,0
BRDA:2012,442,0,0
BRDA:2022,443,0,0
BRDA:2022,444,0,0
BRDA:2022,444,1,0
BRDA:2022,444,2,0
BRDA:2036,445,0,0
BRDA:2077,446,0,0
BRDA:2081,447,0,0
BRDA:2081,448,0,0
BRDA:2081,448,1,0
BRDA:2091,449,0,0
BRDA:2098,450,0,0
BRDA:2098,451,0,0
BRDA:2098,451,1,0
BRDA:2106,452,0,0
BRDA:2106,453,0,0
BRDA:2106,453,1,0
BRDA:2122,454,0,0
BRDA:2135,455,0,0
BRDA:2138,456,0,0
BRDA:2138,456,1,0
BRDA:2138,457,0,0
BRDA:2138,457,1,0
BRDA:2142,458,0,0
BRDA:2161,459,0,0
BRDA:2161,459,1,0
BRDA:2164,460,0,0
BRDA:2217,461,0,0
BRDA:2217,461,1,0
BRDA:2222,462,0,0
BRDA:2236,463,0,0
BRDA:2239,464,0,0
BRDA:2247,465,0,0
BRDA:2268,466,0,0
BRDA:2274,467,0,0
BRDA:2274,467,1,0
BRDA:2277,468,0,0
BRDA:2277,468,1,0
BRDA:2278,469,0,0
BRDA:2278,469,1,0
BRDA:2281,470,0,0
BRDA:2281,470,1,0
BRDA:2281,471,0,0
BRDA:2281,471,1,0
BRDA:2282,472,0,0
BRDA:2285,473,0,0
BRDA:2285,473,1,0
BRDA:2298,474,0,0
BRDA:2303,475,0,0
BRDA:2303,475,1,0
BRDA:2312,476,0,0
BRDA:2312,476,1,0
BRDA:2331,477,0,0
BRDA:2331,478,0,0
BRDA:2331,478,1,0
BRDA:2335,479,0,0
BRDA:2342,480,0,0
BRDA:2344,481,0,0
BRDA:2345,482,0,0
BRDA:2345,482,1,0
BRDA:2345,483,0,0
BRDA:2345,483,1,0
BRDA:2345,484,0,0
BRDA:2345,484,1,0
BRDA:2346,485,0,0
BRDA:2347,486,0,0
BRDA:2354,487,0,0
BRDA:2381,488,0,0
BRDA:2381,488,1,0
BRDA:2388,489,0,0
BRDA:2388,490,0,0
BRDA:2388,490,1,0
BRDA:2397,491,0,0
BRDA:2397,491,1,0
BRDA:2403,492,0,0
BRDA:2403,493,0,0
BRDA:2403,493,1,0
BRDA:2421,494,0,0
BRDA:2421,494,1,0
BRDA:2421,494,2,0
BRDA:2432,495,0,0
BRDA:2432,495,1,0
BRDA:2432,495,2,0
BRDA:2445,496,0,0
BRDA:2447,497,0,0
BRDA:2447,497,1,0
BRDA:2447,497,2,0
BRDA:2460,498,0,0
BRDA:2461,499,0,0
BRDA:2461,499,1,0
BRDA:2461,500,0,0
BRDA:2461,500,1,0
BRDA:2461,501,0,0
BRDA:2461,501,1,0
BRDA:2462,502,0,0
BRDA:2463,503,0,0
BRDA:2487,504,0,0
BRDA:2488,505,0,0
BRDA:2488,505,1,0
BRDA:2488,506,0,0
BRDA:2488,506,1,0
BRDA:2488,507,0,0
BRDA:2488,507,1,0
BRDA:2489,508,0,0
BRDA:2490,509,0,0
BRDA:2507,510,0,0
BRDA:2507,510,1,0
BRDA:2512,511,0,0
BRDA:2512,511,1,0
BRDA:2513,512,0,0
BRDA:2513,512,1,0
BRDA:2514,513,0,0
BRDA:2514,513,1,0
BRDA:2515,514,0,0
BRDA:2515,514,1,0
BRDA:2516,515,0,0
BRDA:2516,515,1,0
BRDA:2517,516,0,0
BRDA:2517,516,1,0
BRDA:2518,517,0,0
BRDA:2518,517,1,0
BRDA:2519,518,0,0
BRDA:2519,518,1,0
BRDA:2523,519,0,0
BRDA:2523,520,0,0
BRDA:2523,520,1,0
BRDA:2529,521,0,0
BRDA:2529,522,0,0
BRDA:2529,522,1,0
BRDA:2529,522,2,0
BRDA:2529,522,3,0
BRDA:2529,522,4,0
BRDA:2532,523,0,0
BRDA:2535,524,0,0
BRDA:2545,525,0,0
BRDA:2545,525,1,0
BRDA:2546,526,0,0
BRDA:2546,526,1,0
BRDA:2547,527,0,0
BRDA:2547,527,1,0
BRDA:2548,528,0,0
BRDA:2548,528,1,0
BRDA:2549,529,0,0
BRDA:2549,529,1,0
BRDA:2557,530,0,0
BRDA:2557,530,1,0
BRDA:2557,531,0,0
BRDA:2557,531,1,0
BRDA:2557,531,2,0
BRDA:2557,531,3,0
BRDA:2557,531,4,0
BRDA:2564,532,0,0
BRDA:2564,532,1,0
BRDA:2571,533,0,0
BRDA:2571,533,1,0
BRDA:2576,534,0,0
BRDA:2576,534,1,0
BRDA:2576,534,2,0
BRDA:2577,535,0,0
BRDA:2577,535,1,0
BRDA:2578,536,0,0
BRDA:2578,536,1,0
BRDA:2578,536,2,0
BRDA:2586,537,0,0
BRDA:2586,537,1,0
BRDA:2586,537,2,0
BRDA:2587,538,0,0
BRDA:2587,538,1,0
BRDA:2588,539,0,0
BRDA:2588,539,1,0
BRDA:2588,539,2,0
BRDA:2589,540,0,0
BRDA:2589,540,1,0
BRDA:2595,541,0,0
BRDA:2595,541,1,0
BRDA:2598,542,0,0
BRDA:2598,543,0,0
BRDA:2598,543,1,0
BRDA:2650,544,0,0
BRDA:2650,544,1,0
BRDA:2650,545,0,0
BRDA:2650,545,1,0
BRDA:2650,546,0,0
BRDA:2650,546,1,0
BRDA:2651,547,0,0
BRDA:2651,547,1,0
BRDA:2651,547,2,0
BRDA:2651,547,3,0
BRDA:2654,548,0,0
BRDA:2655,549,0,0
BRDA:2656,550,0,0
BRDA:2662,551,0,0
BRDA:2662,552,0,0
BRDA:2662,552,1,0
BRDA:2696,553,0,0
BRDA:2696,553,1,0
BRDA:2697,554,0,0
BRDA:2697,554,1,0
BRDA:2698,555,0,0
BRDA:2699,556,0,0
BRDA:2705,557,0,0
BRDA:2705,557,1,0
BRDA:2730,558,0,0
BRDA:2730,558,1,0
BRDA:2732,559,0,0
BRDA:2736,560,0,0
BRDA:2736,560,1,0
BRDA:2737,561,0,0
BRDA:2739,562,0,0
BRDA:2739,563,0,0
BRDA:2739,563,1,0
BRDA:2740,564,0,0
BRDA:2746,565,0,0
BRDA:2746,565,1,0
BRDA:2767,566,0,0
BRDA:2785,567,0,0
BRDA:2785,568,0,0
BRDA:2785,568,1,0
BRDA:2785,568,2,0
BRDA:2786,569,0,0
BRDA:2788,570,0,0
BRDA:2788,570,1,0
BRDA:2789,571,0,0
BRDA:2796,572,0,0
BRDA:2814,573,0,0
BRDA:2814,573,1,0
BRDA:2814,573,2,0
BRDA:2815,574,0,0
BRDA:2815,574,1,0
BRDA:2815,574,2,0
BRDA:2818,575,0,0
BRDA:2818,576,0,0
BRDA:2818,576,1,0
BRDA:2825,577,0,0
BRDA:2825,577,1,0
BRDA:2827,578,0,0
BRDA:2832,579,0,0
BRDA:2832,579,1,0
BRDA:2832,579,2,0
BRDA:2832,579,3,0
BRDA:2838,580,0,0
BRDA:2845,581,0,0
BRDA:2845,581,1,0
BRDA:2854,582,0,0
BRDA:2854,582,1,0
BRDA:2886,583,0,0
BRDA:2886,583,1,0
BRDA:2886,584,0,0
BRDA:2886,584,1,0
BRDA:2925,585,0,0
BRDA:2925,586,0,0
BRDA:2925,586,1,0
BRDA:2930,587,0,0
BRDA:2930,588,0,0
BRDA:2930,588,1,0
BRDA:2938,589,0,0
BRDA:2945,590,0,0
BRDA:2945,591,0,0
BRDA:2945,591,1,0
BRDA:3022,592,0,0
BRDA:3025,593,0,0
BRDA:3032,594,0,0
BRDA:3040,595,0,0
BRDA:3062,596,0,0
BRDA:3073,597,0,0
BRDA:3086,598,0,0
BRDA:3086,599,0,0
BRDA:3086,599,1,0
BRDA:3090,600,0,0
BRDA:3169,601,0,0
BRDA:3183,602,0,0
BRDA:3183,602,1,0
BRDA:3185,603,0,0
BRDA:3185,603,1,0
BRDA:3194,604,0,0
BRDA:3208,605,0,0
BRDA:3208,605,1,0
BRDA:3236,606,0,0
BRDA:3257,607,0,0
BRDA:3260,608,0,0
BRDA:3260,609,0,0
BRDA:3260,609,1,0
BRDA:3278,610,0,0
BRDA:3278,610,1,0
BRDA:3280,611,0,0
BRDA:3280,611,1,0
BRDA:3293,612,0,0
BRDA:3302,613,0,0
BRDA:3303,614,0,0
BRDA:3319,615,0,0
BRDA:3319,615,1,0
BRDA:3328,616,0,0
BRDA:3328,616,1,0
BRDA:3330,617,0,0
BRDA:3330,617,1,0
BRDA:3336,618,0,0
BRDA:3336,618,1,0
BRDA:3338,619,0,0
BRDA:3338,619,1,0
BRDA:3338,620,0,0
BRDA:3338,620,1,0
BRF:1040
BRH:36
end_of_record
TN:
SF:src\audit\business-days.service.ts
FN:6,(anonymous_2)
FN:12,(anonymous_3)
FN:26,(anonymous_4)
FNF:3
FNH:0
FNDA:0,(anonymous_2)
FNDA:0,(anonymous_3)
FNDA:0,(anonymous_4)
DA:1,0
DA:2,0
DA:5,0
DA:6,0
DA:13,0
DA:16,0
DA:25,0
DA:26,0
DA:29,0
DA:30,0
DA:31,0
DA:32,0
DA:33,0
DA:35,0
DA:36,0
DA:37,0
DA:40,0
DA:41,0
DA:44,0
DA:47,0
LF:20
LH:0
BRDA:13,0,0,0
BRDA:40,1,0,0
BRDA:40,2,0,0
BRDA:40,2,1,0
BRDA:40,2,2,0
BRF:5
BRH:0
end_of_record
TN:
SF:src\audit\communication.controller.ts
FN:9,(anonymous_4)
FN:12,(anonymous_5)
FN:17,(anonymous_6)
FN:22,(anonymous_7)
FN:27,(anonymous_8)
FN:32,(anonymous_9)
FN:39,(anonymous_10)
FN:44,(anonymous_11)
FN:49,(anonymous_12)
FN:54,(anonymous_13)
FNF:10
FNH:0
FNDA:0,(anonymous_4)
FNDA:0,(anonymous_5)
FNDA:0,(anonymous_6)
FNDA:0,(anonymous_7)
FNDA:0,(anonymous_8)
FNDA:0,(anonymous_9)
FNDA:0,(anonymous_10)
FNDA:0,(anonymous_11)
FNDA:0,(anonymous_12)
FNDA:0,(anonymous_13)
DA:1,0
DA:2,0
DA:3,0
DA:4,0
DA:8,0
DA:9,0
DA:12,0
DA:13,0
DA:17,0
DA:18,0
DA:22,0
DA:23,0
DA:27,0
DA:28,0
DA:32,0
DA:33,0
DA:39,0
DA:40,0
DA:44,0
DA:45,0
DA:49,0
DA:50,0
DA:54,0
DA:55,0
LF:24
LH:0
BRF:0
BRH:0
end_of_record
TN:
SF:src\audit\communication.service.ts
FN:8,(anonymous_2)
FN:13,(anonymous_3)
FN:23,(anonymous_4)
FN:33,(anonymous_5)
FN:47,(anonymous_6)
FN:60,(anonymous_7)
FN:69,(anonymous_8)
FN:76,(anonymous_9)
FN:92,(anonymous_10)
FN:108,(anonymous_11)
FNF:10
FNH:0
FNDA:0,(anonymous_2)
FNDA:0,(anonymous_3)
FNDA:0,(anonymous_4)
FNDA:0,(anonymous_5)
FNDA:0,(anonymous_6)
FNDA:0,(anonymous_7)
FNDA:0,(anonymous_8)
FNDA:0,(anonymous_9)
FNDA:0,(anonymous_10)
FNDA:0,(anonymous_11)
DA:1,0
DA:2,0
DA:5,0
DA:6,0
DA:8,0
DA:14,0
DA:24,0
DA:34,0
DA:48,0
DA:61,0
DA:70,0
DA:77,0
DA:93,0
DA:109,0
LF:14
LH:0
BRDA:40,0,0,0
BRDA:40,0,1,0
BRDA:41,1,0,0
BRDA:41,1,1,0
BRDA:42,2,0,0
BRDA:42,2,1,0
BRDA:54,3,0,0
BRDA:54,3,1,0
BRDA:55,4,0,0
BRDA:55,4,1,0
BRDA:82,5,0,0
BRDA:82,5,1,0
BRDA:87,6,0,0
BRDA:87,6,1,0
BRDA:98,7,0,0
BRDA:98,7,1,0
BRF:16
BRH:0
end_of_record
TN:
SF:src\audit\cron.service.ts
FN:11,(anonymous_2)
FN:18,(anonymous_3)
FN:31,(anonymous_4)
FN:86,(anonymous_5)
FN:178,(anonymous_6)
FN:185,(anonymous_7)
FN:217,(anonymous_8)
FN:237,(anonymous_9)
FN:251,(anonymous_10)
FN:284,(anonymous_11)
FNF:10
FNH:0
FNDA:0,(anonymous_2)
FNDA:0,(anonymous_3)
FNDA:0,(anonymous_4)
FNDA:0,(anonymous_5)
FNDA:0,(anonymous_6)
FNDA:0,(anonymous_7)
FNDA:0,(anonymous_8)
FNDA:0,(anonymous_9)
FNDA:0,(anonymous_10)
FNDA:0,(anonymous_11)
DA:1,0
DA:2,0
DA:3,0
DA:4,0
DA:5,0
DA:8,0
DA:9,0
DA:12,0
DA:13,0
DA:14,0
DA:18,0
DA:19,0
DA:21,0
DA:22,0
DA:23,0
DA:24,0
DA:25,0
DA:27,0
DA:32,0
DA:33,0
DA:36,0
DA:38,0
DA:39,0
DA:40,0
DA:41,0
DA:43,0
DA:57,0
DA:59,0
DA:60,0
DA:61,0
DA:63,0
DA:66,0
DA:67,0
DA:70,0
DA:71,0
DA:80,0
DA:87,0
DA:88,0
DA:89,0
DA:93,0
DA:94,0
DA:101,0
DA:102,0
DA:103,0
DA:104,0
DA:109,0
DA:118,0
DA:124,0
DA:126,0
DA:127,0
DA:128,0
DA:129,0
DA:131,0
DA:147,0
DA:149,0
DA:150,0
DA:151,0
DA:152,0
DA:155,0
DA:156,0
DA:159,0
DA:160,0
DA:178,0
DA:179,0
DA:181,0
DA:182,0
DA:185,0
DA:187,0
DA:188,0
DA:189,0
DA:192,0
DA:195,0
DA:196,0
DA:198,0
DA:217,0
DA:218,0
DA:221,0
DA:223,0
DA:229,0
DA:232,0
DA:238,0
DA:248,0
DA:252,0
DA:253,0
DA:255,0
DA:257,0
DA:258,0
DA:259,0
DA:260,0
DA:261,0
DA:263,0
DA:272,0
DA:273,0
DA:279,0
DA:285,0
DA:286,0
DA:288,0
DA:290,0
DA:291,0
DA:292,0
DA:293,0
DA:294,0
DA:296,0
DA:306,0
DA:307,0
DA:312,0
LF:106
LH:0
BRDA:60,0,0,0
BRDA:63,1,0,0
BRDA:63,1,1,0
BRDA:66,2,0,0
BRDA:66,3,0,0
BRDA:66,3,1,0
BRDA:70,4,0,0
BRDA:70,4,1,0
BRDA:73,5,0,0
BRDA:73,5,1,0
BRDA:75,6,0,0
BRDA:75,6,1,0
BRDA:102,7,0,0
BRDA:102,7,1,0
BRDA:103,8,0,0
BRDA:112,9,0,0
BRDA:112,9,1,0
BRDA:150,10,0,0
BRDA:152,11,0,0
BRDA:152,11,1,0
BRDA:155,12,0,0
BRDA:159,13,0,0
BRDA:162,14,0,0
BRDA:162,14,1,0
BRDA:164,15,0,0
BRDA:164,15,1,0
BRDA:187,16,0,0
BRDA:248,17,0,0
BRDA:248,17,1,0
BRDA:276,18,0,0
BRDA:276,18,1,0
BRF:31
BRH:0
end_of_record
TN:
SF:src\audit\data-retention.service.ts
FN:9,(anonymous_2)
FN:13,(anonymous_3)
FN:45,(anonymous_4)
FN:68,(anonymous_5)
FN:108,(anonymous_6)
FNF:5
FNH:0
FNDA:0,(anonymous_2)
FNDA:0,(anonymous_3)
FNDA:0,(anonymous_4)
FNDA:0,(anonymous_5)
FNDA:0,(anonymous_6)
DA:1,0
DA:2,0
DA:3,0
DA:6,0
DA:7,0
DA:9,0
DA:13,0
DA:14,0
DA:15,0
DA:18,0
DA:19,0
DA:22,0
DA:23,0
DA:25,0
DA:28,0
DA:31,0
DA:32,0
DA:33,0
DA:36,0
DA:39,0
DA:44,0
DA:45,0
DA:48,0
DA:49,0
DA:50,0
DA:51,0
DA:52,0
DA:55,0
DA:58,0
DA:62,0
DA:67,0
DA:68,0
DA:70,0
DA:72,0
DA:75,0
DA:79,0
DA:84,0
DA:85,0
DA:86,0
DA:87,0
DA:89,0
DA:90,0
DA:91,0
DA:92,0
DA:93,0
DA:94,0
DA:95,0
DA:96,0
DA:99,0
DA:100,0
DA:107,0
DA:108,0
DA:111,0
DA:114,0
DA:116,0
LF:55
LH:0
BRDA:28,0,0,0
BRDA:36,1,0,0
BRDA:44,2,0,0
BRDA:67,3,0,0
BRDA:84,4,0,0
BRDA:90,5,0,0
BRDA:90,6,0,0
BRDA:90,6,1,0
BRDA:93,7,0,0
BRDA:99,8,0,0
BRF:10
BRH:0
end_of_record
TN:
SF:src\audit\escalation.service.ts
FN:11,(anonymous_2)
FN:19,(anonymous_3)
FN:130,(anonymous_4)
FNF:3
FNH:0
FNDA:0,(anonymous_2)
FNDA:0,(anonymous_3)
FNDA:0,(anonymous_4)
DA:1,0
DA:2,0
DA:3,0
DA:4,0
DA:5,0
DA:8,0
DA:9,0
DA:12,0
DA:13,0
DA:14,0
DA:19,0
DA:20,0
DA:21,0
DA:22,0
DA:25,0
DA:41,0
DA:43,0
DA:44,0
DA:45,0
DA:47,0
DA:48,0
DA:49,0
DA:50,0
DA:56,0
DA:57,0
DA:58,0
DA:59,0
DA:60,0
DA:61,0
DA:64,0
DA:66,0
DA:75,0
DA:76,0
DA:77,0
DA:83,0
DA:99,0
DA:108,0
DA:109,0
DA:115,0
DA:116,0
DA:118,0
DA:121,0
DA:138,0
DA:140,0
DA:141,0
DA:142,0
DA:144,0
DA:146,0
DA:159,0
DA:160,0
DA:162,0
DA:164,0
DA:168,0
DA:169,0
DA:171,0
DA:186,0
DA:187,0
DA:189,0
LF:58
LH:0
BRDA:44,0,0,0
BRDA:44,0,1,0
BRDA:56,1,0,0
BRDA:56,1,1,0
BRDA:56,2,0,0
BRDA:56,2,1,0
BRDA:58,3,0,0
BRDA:58,3,1,0
BRDA:58,4,0,0
BRDA:58,4,1,0
BRDA:60,5,0,0
BRDA:60,6,0,0
BRDA:60,6,1,0
BRDA:64,7,0,0
BRDA:75,8,0,0
BRDA:75,8,1,0
BRDA:76,9,0,0
BRDA:76,9,1,0
BRDA:77,10,0,0
BRDA:77,10,1,0
BRDA:79,11,0,0
BRDA:79,11,1,0
BRDA:115,12,0,0
BRDA:115,12,1,0
BRDA:140,13,0,0
BRDA:140,13,1,0
BRDA:141,14,0,0
BRDA:141,14,1,0
BRDA:144,15,0,0
BRDA:144,15,1,0
BRDA:144,16,0,0
BRDA:144,16,1,0
BRDA:159,17,0,0
BRDA:162,18,0,0
BRDA:168,19,0,0
BRDA:168,19,1,0
BRDA:168,20,0,0
BRDA:168,20,1,0
BRDA:179,21,0,0
BRDA:179,21,1,0
BRDA:179,22,0,0
BRDA:179,22,1,0
BRDA:180,23,0,0
BRDA:180,23,1,0
BRF:44
BRH:0
end_of_record
TN:
SF:src\audit\ethics.controller.ts
FN:15,(anonymous_4)
FN:21,(anonymous_5)
FN:28,(anonymous_6)
FN:34,(anonymous_7)
FN:40,(anonymous_8)
FN:51,(anonymous_9)
FN:57,(anonymous_10)
FN:63,(anonymous_11)
FN:69,(anonymous_12)
FN:85,(anonymous_13)
FN:91,(anonymous_14)
FN:99,(anonymous_15)
FN:109,(anonymous_16)
FN:150,(anonymous_17)
FN:127,(anonymous_18)
FN:128,(anonymous_19)
FN:133,(anonymous_20)
FNF:17
FNH:0
FNDA:0,(anonymous_4)
FNDA:0,(anonymous_5)
FNDA:0,(anonymous_6)
FNDA:0,(anonymous_7)
FNDA:0,(anonymous_8)
FNDA:0,(anonymous_9)
FNDA:0,(anonymous_10)
FNDA:0,(anonymous_11)
FNDA:0,(anonymous_12)
FNDA:0,(anonymous_13)
FNDA:0,(anonymous_14)
FNDA:0,(anonymous_15)
FNDA:0,(anonymous_16)
FNDA:0,(anonymous_17)
FNDA:0,(anonymous_18)
FNDA:0,(anonymous_19)
FNDA:0,(anonymous_20)
DA:1,0
DA:2,0
DA:3,0
DA:4,0
DA:5,0
DA:6,0
DA:7,0
DA:8,0
DA:9,0
DA:10,0
DA:14,0
DA:15,0
DA:21,0
DA:22,0
DA:23,0
DA:28,0
DA:29,0
DA:34,0
DA:35,0
DA:40,0
DA:46,0
DA:51,0
DA:52,0
DA:57,0
DA:58,0
DA:63,0
DA:64,0
DA:69,0
DA:80,0
DA:85,0
DA:86,0
DA:91,0
DA:92,0
DA:99,0
DA:100,0
DA:101,0
DA:102,0
DA:109,0
DA:110,0
DA:111,0
DA:113,0
DA:114,0
DA:116,0
DA:117,0
DA:128,0
DA:129,0
DA:134,0
DA:143,0
DA:144,0
DA:146,0
DA:150,0
DA:151,0
DA:152,0
DA:153,0
DA:154,0
LF:55
LH:0
BRDA:22,0,0,0
BRDA:22,0,1,0
BRDA:46,1,0,0
BRDA:46,1,1,0
BRDA:100,2,0,0
BRDA:100,2,1,0
BRDA:100,2,2,0
BRDA:101,3,0,0
BRDA:101,3,1,0
BRDA:110,4,0,0
BRDA:110,5,0,0
BRDA:110,5,1,0
BRDA:113,6,0,0
BRDA:151,7,0,0
BRDA:153,8,0,0
BRDA:153,8,1,0
BRDA:143,9,0,0
BRDA:143,9,1,0
BRF:18
BRH:0
end_of_record
TN:
SF:src\audit\ethics.service.ts
FN:13,(anonymous_2)
FN:30,(anonymous_3)
FN:41,(anonymous_4)
FN:48,(anonymous_5)
FN:57,(anonymous_6)
FN:72,(anonymous_7)
FN:90,(anonymous_8)
FN:111,(anonymous_9)
FN:201,(anonymous_10)
FN:207,(anonymous_11)
FN:236,(anonymous_12)
FN:251,(anonymous_13)
FN:260,(anonymous_14)
FN:325,(anonymous_15)
FN:330,(anonymous_16)
FN:335,(anonymous_17)
FN:348,(anonymous_18)
FN:383,(anonymous_19)
FN:432,(anonymous_20)
FN:468,(anonymous_21)
FN:510,(anonymous_22)
FN:541,(anonymous_23)
FN:563,(anonymous_24)
FN:640,(anonymous_25)
FN:677,(anonymous_26)
FN:682,(anonymous_27)
FN:729,(anonymous_28)
FN:762,(anonymous_29)
FN:787,(anonymous_30)
FN:824,(anonymous_31)
FN:872,(anonymous_32)
FN:894,(anonymous_33)
FN:938,(anonymous_34)
FN:1014,(anonymous_35)
FN:1030,(anonymous_36)
FN:1052,(anonymous_37)
FN:1090,(anonymous_38)
FN:1123,(anonymous_39)
FNF:38
FNH:0
FNDA:0,(anonymous_2)
FNDA:0,(anonymous_3)
FNDA:0,(anonymous_4)
FNDA:0,(anonymous_5)
FNDA:0,(anonymous_6)
FNDA:0,(anonymous_7)
FNDA:0,(anonymous_8)
FNDA:0,(anonymous_9)
FNDA:0,(anonymous_10)
FNDA:0,(anonymous_11)
FNDA:0,(anonymous_12)
FNDA:0,(anonymous_13)
FNDA:0,(anonymous_14)
FNDA:0,(anonymous_15)
FNDA:0,(anonymous_16)
FNDA:0,(anonymous_17)
FNDA:0,(anonymous_18)
FNDA:0,(anonymous_19)
FNDA:0,(anonymous_20)
FNDA:0,(anonymous_21)
FNDA:0,(anonymous_22)
FNDA:0,(anonymous_23)
FNDA:0,(anonymous_24)
FNDA:0,(anonymous_25)
FNDA:0,(anonymous_26)
FNDA:0,(anonymous_27)
FNDA:0,(anonymous_28)
FNDA:0,(anonymous_29)
FNDA:0,(anonymous_30)
FNDA:0,(anonymous_31)
FNDA:0,(anonymous_32)
FNDA:0,(anonymous_33)
FNDA:0,(anonymous_34)
FNDA:0,(anonymous_35)
FNDA:0,(anonymous_36)
FNDA:0,(anonymous_37)
FNDA:0,(anonymous_38)
FNDA:0,(anonymous_39)
DA:1,0
DA:2,0
DA:3,0
DA:4,0
DA:5,0
DA:6,0
DA:7,0
DA:10,0
DA:11,0
DA:14,0
DA:15,0
DA:16,0
DA:20,0
DA:28,0
DA:31,0
DA:32,0
DA:33,0
DA:34,0
DA:36,0
DA:38,0
DA:42,0
DA:43,0
DA:44,0
DA:45,0
DA:49,0
DA:50,0
DA:51,0
DA:52,0
DA:53,0
DA:54,0
DA:58,0
DA:59,0
DA:60,0
DA:61,0
DA:62,0
DA:63,0
DA:64,0
DA:65,0
DA:67,0
DA:68,0
DA:73,0
DA:74,0
DA:75,0
DA:76,0
DA:77,0
DA:78,0
DA:79,0
DA:80,0
DA:81,0
DA:82,0
DA:83,0
DA:85,0
DA:86,0
DA:91,0
DA:92,0
DA:93,0
DA:94,0
DA:96,0
DA:97,0
DA:98,0
DA:99,0
DA:100,0
DA:102,0
DA:103,0
DA:104,0
DA:105,0
DA:106,0
DA:108,0
DA:116,0
DA:117,0
DA:119,0
DA:122,0
DA:123,0
DA:125,0
DA:126,0
DA:146,0
DA:147,0
DA:148,0
DA:149,0
DA:151,0
DA:152,0
DA:157,0
DA:169,0
DA:170,0
DA:175,0
DA:176,0
DA:179,0
DA:182,0
DA:186,0
DA:187,0
DA:188,0
DA:192,0
DA:193,0
DA:194,0
DA:198,0
DA:203,0
DA:206,0
DA:207,0
DA:208,0
DA:209,0
DA:210,0
DA:213,0
DA:215,0
DA:220,0
DA:223,0
DA:228,0
DA:229,0
DA:233,0
DA:237,0
DA:238,0
DA:239,0
DA:241,0
DA:251,0
DA:261,0
DA:262,0
DA:263,0
DA:264,0
DA:267,0
DA:273,0
DA:280,0
DA:285,0
DA:290,0
DA:298,0
DA:299,0
DA:307,0
DA:313,0
DA:325,0
DA:330,0
DA:335,0
DA:349,0
DA:350,0
DA:351,0
DA:354,0
DA:355,0
DA:357,0
DA:358,0
DA:361,0
DA:370,0
DA:380,0
DA:388,0
DA:401,0
DA:412,0
DA:413,0
DA:422,0
DA:425,0
DA:433,0
DA:434,0
DA:436,0
DA:437,0
DA:440,0
DA:441,0
DA:444,0
DA:454,0
DA:455,0
DA:465,0
DA:476,0
DA:477,0
DA:479,0
DA:480,0
DA:486,0
DA:492,0
DA:495,0
DA:508,0
DA:509,0
DA:510,0
DA:514,0
DA:520,0
DA:531,0
DA:532,0
DA:538,0
DA:542,0
DA:545,0
DA:547,0
DA:548,0
DA:551,0
DA:553,0
DA:554,0
DA:556,0
DA:558,0
DA:563,0
DA:564,0
DA:566,0
DA:567,0
DA:572,0
DA:583,0
DA:588,0
DA:589,0
DA:590,0
DA:591,0
DA:594,0
DA:598,0
DA:609,0
DA:610,0
DA:611,0
DA:616,0
DA:617,0
DA:626,0
DA:630,0
DA:631,0
DA:641,0
DA:645,0
DA:647,0
DA:660,0
DA:661,0
DA:671,0
DA:679,0
DA:683,0
DA:699,0
DA:702,0
DA:713,0
DA:722,0
DA:723,0
DA:724,0
DA:725,0
DA:727,0
DA:729,0
DA:730,0
DA:731,0
DA:732,0
DA:733,0
DA:734,0
DA:735,0
DA:738,0
DA:739,0
DA:740,0
DA:741,0
DA:742,0
DA:745,0
DA:752,0
DA:763,0
DA:775,0
DA:778,0
DA:779,0
DA:788,0
DA:789,0
DA:798,0
DA:799,0
DA:800,0
DA:801,0
DA:803,0
DA:807,0
DA:808,0
DA:818,0
DA:821,0
DA:826,0
DA:827,0
DA:828,0
DA:830,0
DA:831,0
DA:836,0
DA:839,0
DA:851,0
DA:861,0
DA:872,0
DA:882,0
DA:884,0
DA:885,0
DA:886,0
DA:889,0
DA:890,0
DA:891,0
DA:894,0
DA:895,0
DA:896,0
DA:897,0
DA:898,0
DA:900,0
DA:902,0
DA:910,0
DA:921,0
DA:924,0
DA:929,0
DA:931,0
DA:947,0
DA:948,0
DA:949,0
DA:951,0
DA:952,0
DA:972,0
DA:973,0
DA:977,0
DA:978,0
DA:979,0
DA:993,0
DA:1003,0
DA:1004,0
DA:1006,0
DA:1007,0
DA:1015,0
DA:1017,0
DA:1018,0
DA:1019,0
DA:1020,0
DA:1021,0
DA:1022,0
DA:1024,0
DA:1031,0
DA:1032,0
DA:1034,0
DA:1043,0
DA:1045,0
DA:1053,0
DA:1054,0
DA:1056,0
DA:1063,0
DA:1064,0
DA:1072,0
DA:1073,0
DA:1074,0
DA:1082,0
DA:1090,0
DA:1091,0
DA:1092,0
DA:1094,0
DA:1095,0
DA:1101,0
DA:1102,0
DA:1105,0
DA:1115,0
DA:1123,0
DA:1124,0
DA:1125,0
DA:1127,0
DA:1135,0
DA:1136,0
DA:1139,0
DA:1142,0
DA:1143,0
LF:328
LH:0
BRDA:32,0,0,0
BRDA:33,1,0,0
BRDA:42,2,0,0
BRDA:43,3,0,0
BRDA:49,4,0,0
BRDA:51,5,0,0
BRDA:58,6,0,0
BRDA:73,7,0,0
BRDA:74,8,0,0
BRDA:91,9,0,0
BRDA:96,10,0,0
BRDA:96,10,1,0
BRDA:97,11,0,0
BRDA:97,11,1,0
BRDA:97,12,0,0
BRDA:97,12,1,0
BRDA:98,13,0,0
BRDA:98,13,1,0
BRDA:98,14,0,0
BRDA:98,14,1,0
BRDA:98,14,2,0
BRDA:99,15,0,0
BRDA:99,15,1,0
BRDA:100,16,0,0
BRDA:100,17,0,0
BRDA:100,17,1,0
BRDA:102,18,0,0
BRDA:102,18,1,0
BRDA:103,19,0,0
BRDA:103,19,1,0
BRDA:104,20,0,0
BRDA:104,20,1,0
BRDA:104,21,0,0
BRDA:104,21,1,0
BRDA:105,22,0,0
BRDA:105,22,1,0
BRDA:105,23,0,0
BRDA:105,23,1,0
BRDA:106,24,0,0
BRDA:123,25,0,0
BRDA:123,25,1,0
BRDA:129,26,0,0
BRDA:129,26,1,0
BRDA:134,27,0,0
BRDA:134,27,1,0
BRDA:136,28,0,0
BRDA:136,28,1,0
BRDA:139,29,0,0
BRDA:139,29,1,0
BRDA:139,30,0,0
BRDA:139,30,1,0
BRDA:147,31,0,0
BRDA:147,32,0,0
BRDA:147,32,1,0
BRDA:161,33,0,0
BRDA:161,33,1,0
BRDA:161,34,0,0
BRDA:161,34,1,0
BRDA:175,35,0,0
BRDA:186,36,0,0
BRDA:186,37,0,0
BRDA:186,37,1,0
BRDA:228,38,0,0
BRDA:238,39,0,0
BRDA:239,40,0,0
BRDA:341,41,0,0
BRDA:341,41,1,0
[...]
BRDA:38,1,0,3
BRDA:38,1,1,3
BRDA:38,2,0,6
BRDA:38,2,1,3
BRDA:51,3,0,1
BRDA:53,4,0,1
BRDA:59,5,0,2
BRDA:59,5,1,2
BRDA:60,6,0,2
BRDA:60,6,1,2
BRDA:61,7,0,2
BRDA:61,7,1,2
BRDA:63,8,0,2
BRDA:63,8,1,2
BRDA:65,9,0,0
BRDA:65,9,1,2
BRDA:77,10,0,1
BRDA:77,10,1,1
BRDA:85,11,0,0
BRDA:87,12,0,0
BRDA:87,12,1,0
BRDA:91,13,0,1
BRDA:92,14,0,0
BRDA:93,15,0,0
BRDA:93,16,0,0
BRDA:93,16,1,0
BRDA:94,17,0,1
BRDA:95,18,0,0
BRDA:96,19,0,0
BRDA:97,20,0,1
BRDA:97,21,0,0
BRDA:97,21,1,1
BRDA:112,22,0,0
BRDA:112,22,1,2
BRDA:120,23,0,1
BRF:37
BRH:24
end_of_record
TN:
SF:src\risk-engine\bddk-export.service.ts
FN:13,(anonymous_2)
FN:22,(anonymous_3)
FN:40,(anonymous_4)
FN:66,(anonymous_5)
FN:74,(anonymous_6)
FN:83,(anonymous_7)
FN:103,(anonymous_8)
FN:111,(anonymous_9)
FNF:8
FNH:0
FNDA:0,(anonymous_2)
FNDA:0,(anonymous_3)
FNDA:0,(anonymous_4)
FNDA:0,(anonymous_5)
FNDA:0,(anonymous_6)
FNDA:0,(anonymous_7)
FNDA:0,(anonymous_8)
FNDA:0,(anonymous_9)
DA:1,0
DA:2,0
DA:8,0
DA:13,0
DA:14,0
DA:15,0
DA:16,0
DA:23,0
DA:24,0
DA:25,0
DA:27,0
DA:39,0
DA:40,0
DA:41,0
DA:42,0
DA:50,0
DA:53,0
DA:58,0
DA:66,0
DA:74,0
DA:85,0
DA:91,0
DA:96,0
DA:103,0
DA:111,0
LF:25
LH:0
BRDA:14,0,0,0
BRDA:14,0,1,0
BRDA:15,1,0,0
BRDA:15,1,1,0
BRDA:16,2,0,0
BRDA:16,2,1,0
BRDA:50,3,0,0
BRDA:50,3,1,0
BRDA:64,4,0,0
BRDA:64,4,1,0
BRDA:68,5,0,0
BRDA:68,5,1,0
BRDA:69,6,0,0
BRDA:69,6,1,0
BRDA:70,7,0,0
BRDA:70,7,1,0
BRDA:71,8,0,0
BRDA:71,8,1,0
BRDA:100,9,0,0
BRDA:100,9,1,0
BRDA:102,10,0,0
BRDA:102,10,1,0
BRDA:102,11,0,0
BRDA:102,11,1,0
BRDA:105,12,0,0
BRDA:105,12,1,0
BRDA:106,13,0,0
BRDA:106,13,1,0
BRDA:107,14,0,0
BRDA:107,14,1,0
BRDA:108,15,0,0
BRDA:108,15,1,0
BRF:32
BRH:0
end_of_record
TN:
SF:src\risk-engine\cancellation.calculator.ts
FN:7,(anonymous_2)
FN:9,(anonymous_3)
FN:55,(anonymous_4)
FNF:3
FNH:0
FNDA:0,(anonymous_2)
FNDA:0,(anonymous_3)
FNDA:0,(anonymous_4)
DA:1,1
DA:2,1
DA:6,1
DA:7,0
DA:10,0
DA:11,0
DA:14,0
DA:27,0
DA:31,0
DA:33,0
DA:34,0
DA:42,0
DA:45,0
DA:46,0
DA:49,0
DA:52,0
DA:53,0
DA:55,0
DA:56,0
DA:57,0
DA:60,0
DA:63,0
DA:64,0
DA:66,0
DA:68,0
DA:71,0
DA:76,0
DA:77,0
DA:78,0
DA:79,0
DA:80,0
DA:83,0
LF:32
LH:3
BRDA:33,0,0,0
BRDA:45,1,0,0
BRDA:45,2,0,0
BRDA:45,2,1,0
BRDA:57,3,0,0
BRDA:57,3,1,0
BRDA:66,4,0,0
BRDA:66,4,1,0
BRDA:77,5,0,0
BRDA:77,5,1,0
BRDA:79,6,0,0
BRDA:93,7,0,0
BRDA:93,7,1,0
BRF:13
BRH:0
end_of_record
TN:
SF:src\risk-engine\concentration.calculator.ts
FN:11,(anonymous_2)
FN:13,(anonymous_3)
FN:23,(anonymous_4)
FN:34,(anonymous_5)
FN:63,(anonymous_6)
FN:72,(anonymous_7)
FN:88,(anonymous_8)
FN:117,(anonymous_9)
FN:127,(anonymous_10)
FN:178,(anonymous_11)
FN:187,(anonymous_12)
FN:203,(anonymous_13)
FN:226,(anonymous_14)
FN:228,(anonymous_15)
FNF:14
FNH:0
FNDA:0,(anonymous_2)
FNDA:0,(anonymous_3)
FNDA:0,(anonymous_4)
FNDA:0,(anonymous_5)
FNDA:0,(anonymous_6)
FNDA:0,(anonymous_7)
FNDA:0,(anonymous_8)
FNDA:0,(anonymous_9)
FNDA:0,(anonymous_10)
FNDA:0,(anonymous_11)
FNDA:0,(anonymous_12)
FNDA:0,(anonymous_13)
FNDA:0,(anonymous_14)
FNDA:0,(anonymous_15)
DA:1,1
DA:2,1
DA:10,1
DA:11,0
DA:15,0
DA:20,0
DA:21,0
DA:23,0
DA:24,0
DA:25,0
DA:26,0
DA:27,0
DA:31,0
DA:32,0
DA:34,0
DA:35,0
DA:36,0
DA:37,0
DA:38,0
DA:42,0
DA:45,0
DA:46,0
DA:47,0
DA:48,0
DA:49,0
DA:52,0
DA:65,0
DA:69,0
DA:70,0
DA:72,0
DA:73,0
DA:74,0
DA:75,0
DA:76,0
DA:77,0
DA:79,0
DA:80,0
DA:81,0
DA:85,0
DA:86,0
DA:88,0
DA:89,0
DA:90,0
DA:91,0
DA:92,0
DA:96,0
DA:99,0
DA:100,0
DA:101,0
DA:102,0
DA:103,0
DA:106,0
DA:119,0
DA:124,0
DA:125,0
DA:127,0
DA:128,0
DA:129,0
DA:132,0
DA:133,0
DA:134,0
DA:138,0
DA:139,0
DA:142,0
DA:143,0
DA:145,0
DA:146,0
DA:147,0
DA:148,0
DA:149,0
DA:150,0
DA:153,0
DA:179,0
DA:184,0
DA:185,0
DA:187,0
DA:188,0
DA:189,0
DA:192,0
DA:193,0
DA:194,0
DA:196,0
DA:200,0
DA:201,0
DA:203,0
DA:204,0
DA:205,0
DA:206,0
DA:210,0
DA:213,0
DA:214,0
DA:216,0
DA:217,0
DA:218,0
DA:219,0
DA:220,0
DA:221,0
DA:225,0
DA:226,0
DA:228,0
DA:234,0
LF:101
LH:3
BRDA:24,0,0,0
BRDA:24,0,1,0
BRDA:26,1,0,0
BRDA:26,1,1,0
BRDA:35,2,0,0
BRDA:35,2,1,0
BRDA:36,3,0,0
BRDA:46,4,0,0
BRDA:46,4,1,0
BRDA:48,5,0,0
BRDA:74,6,0,0
BRDA:74,6,1,0
BRDA:75,7,0,0
BRDA:75,7,1,0
BRDA:76,8,0,0
BRDA:76,8,1,0
BRDA:80,9,0,0
BRDA:80,9,1,0
BRDA:89,10,0,0
BRDA:89,10,1,0
BRDA:90,11,0,0
BRDA:100,12,0,0
BRDA:100,12,1,0
BRDA:102,13,0,0
BRDA:132,14,0,0
BRDA:132,14,1,0
BRDA:133,15,0,0
BRDA:133,16,0,0
BRDA:133,16,1,0
BRDA:133,16,2,0
BRDA:138,17,0,0
BRDA:138,17,1,0
BRDA:145,18,0,0
BRDA:145,18,1,0
BRDA:148,19,0,0
BRDA:192,20,0,0
BRDA:192,20,1,0
BRDA:194,21,0,0
BRDA:194,21,1,0
BRDA:196,22,0,0
BRDA:196,22,1,0
BRDA:204,23,0,0
BRDA:210,24,0,0
BRDA:210,24,1,0
BRDA:216,25,0,0
BRDA:216,25,1,0
BRDA:219,26,0,0
BRDA:231,27,0,0
BRDA:231,27,1,0
BRF:49
BRH:0
end_of_record
TN:
SF:src\risk-engine\data-ingestion.service.ts
FN:19,(anonymous_2)
FN:21,(anonymous_3)
FN:36,(anonymous_4)
FN:87,(anonymous_5)
FN:89,(anonymous_6)
FN:98,(anonymous_7)
FN:98,(anonymous_8)
FN:103,(anonymous_9)
FN:110,(anonymous_10)
FN:120,(anonymous_11)
FN:130,(anonymous_12)
FN:140,(anonymous_13)
FN:165,(anonymous_14)
FN:198,(anonymous_15)
FN:252,(anonymous_16)
FN:253,(anonymous_17)
FN:273,(anonymous_18)
FN:347,(anonymous_19)
FNF:18
FNH:13
FNDA:3,(anonymous_2)
FNDA:10,(anonymous_3)
FNDA:2,(anonymous_4)
FNDA:10,(anonymous_5)
FNDA:10,(anonymous_6)
FNDA:10,(anonymous_7)
FNDA:10,(anonymous_8)
FNDA:2,(anonymous_9)
FNDA:2,(anonymous_10)
FNDA:2,(anonymous_11)
FNDA:2,(anonymous_12)
FNDA:2,(anonymous_13)
FNDA:1,(anonymous_14)
FNDA:0,(anonymous_15)
FNDA:0,(anonymous_16)
FNDA:0,(anonymous_17)
FNDA:0,(anonymous_18)
FNDA:0,(anonymous_19)
DA:1,1
DA:2,1
DA:3,1
DA:16,1
DA:17,3
DA:19,3
DA:22,10
DA:37,2
DA:38,2
DA:40,2
DA:41,2
DA:44,2
DA:45,10
DA:46,10
DA:48,10
DA:49,0
DA:50,10
DA:51,0
DA:52,10
DA:53,1
DA:54,9
DA:55,1
DA:56,8
DA:57,0
DA:58,8
DA:59,1
DA:60,7
DA:61,1
DA:62,6
DA:63,0
DA:64,6
DA:65,1
DA:66,5
DA:67,0
DA:68,5
DA:69,0
DA:70,5
DA:71,0
DA:72,5
DA:73,0
DA:74,5
DA:75,0
DA:76,5
DA:77,0
DA:80,10
DA:81,5
DA:82,5
DA:87,10
DA:88,2
DA:89,10
DA:91,2
DA:92,1
DA:94,1
DA:95,5
DA:97,5
DA:98,10
DA:99,5
DA:101,5
DA:103,2
DA:104,1
DA:105,1
DA:106,1
DA:108,4
DA:110,1
DA:111,2
DA:112,2
DA:114,1
DA:115,1
DA:116,1
DA:118,3
DA:120,1
DA:121,2
DA:122,2
DA:124,1
DA:125,1
DA:126,1
DA:128,2
DA:130,1
DA:131,2
DA:132,2
DA:134,1
DA:135,1
DA:136,1
DA:138,1
DA:140,1
DA:141,2
DA:142,2
DA:144,1
DA:145,1
DA:146,1
DA:151,5
DA:152,5
DA:153,5
DA:154,5
DA:159,2
DA:166,1
DA:167,1
DA:169,1
DA:170,4
DA:171,4
DA:172,4
DA:173,4
DA:174,2
DA:175,2
DA:176,0
DA:178,0
DA:179,0
DA:180,0
DA:182,2
DA:183,0
DA:184,0
DA:185,2
DA:186,1
DA:188,1
DA:192,1
DA:199,0
DA:200,0
DA:202,0
DA:203,0
DA:204,0
DA:207,0
DA:208,0
DA:209,0
DA:211,0
DA:212,0
DA:214,0
DA:215,0
DA:216,0
DA:218,0
DA:219,0
DA:220,0
DA:221,0
DA:223,0
DA:230,0
DA:234,0
DA:235,0
DA:236,0
DA:241,0
DA:242,0
DA:243,0
DA:244,0
DA:245,0
DA:246,0
DA:247,0
DA:252,0
DA:253,0
DA:257,0
DA:259,0
DA:269,0
DA:270,0
DA:271,0
DA:273,0
DA:274,0
DA:275,0
DA:278,0
DA:279,0
DA:280,0
DA:283,0
DA:284,0
DA:287,0
DA:288,0
DA:289,0
DA:290,0
DA:291,0
DA:292,0
DA:297,0
DA:298,0
DA:299,0
DA:302,0
DA:303,0
DA:304,0
DA:309,0
DA:310,0
DA:311,0
DA:312,0
DA:317,0
DA:318,0
DA:319,0
DA:321,0
DA:326,0
DA:327,0
DA:328,0
DA:331,0
DA:332,0
DA:333,0
DA:336,0
DA:337,0
DA:338,0
DA:341,0
DA:348,0
DA:350,0
DA:352,0
DA:353,0
DA:355,0
DA:359,0
DA:360,0
DA:370,0
DA:371,0
DA:372,0
DA:373,0
DA:376,0
DA:377,0
DA:380,0
DA:381,0
DA:386,0
DA:387,0
DA:399,0
DA:416,0
DA:417,0
DA:424,0
DA:425,0
DA:434,0
DA:446,0
DA:448,0
DA:452,0
LF:215
LH:99
BRDA:38,0,0,0
BRDA:48,1,0,0
BRDA:48,1,1,10
BRDA:48,2,0,10
BRDA:48,2,1,10
BRDA:48,2,2,10
BRDA:50,3,0,0
BRDA:50,3,1,10
BRDA:50,4,0,10
BRDA:50,4,1,10
BRDA:50,4,2,10
BRDA:52,5,0,1
BRDA:52,5,1,9
BRDA:52,6,0,10
BRDA:52,6,1,9
BRDA:52,6,2,9
BRDA:52,6,3,9
BRDA:52,6,4,9
BRDA:54,7,0,1
BRDA:54,7,1,8
BRDA:54,8,0,9
BRDA:54,8,1,8
BRDA:54,8,2,8
BRDA:54,8,3,8
BRDA:56,9,0,0
BRDA:56,9,1,8
BRDA:56,10,0,8
BRDA:56,10,1,8
BRDA:56,10,2,8
BRDA:58,11,0,1
BRDA:58,11,1,7
BRDA:58,12,0,8
BRDA:58,12,1,7
BRDA:58,12,2,7
BRDA:58,12,3,7
BRDA:58,12,4,7
BRDA:58,12,5,7
BRDA:60,13,0,1
BRDA:60,13,1,6
BRDA:60,14,0,7
BRDA:60,14,1,6
BRDA:60,14,2,6
BRDA:60,14,3,6
BRDA:60,14,4,6
BRDA:60,14,5,6
BRDA:60,14,6,6
BRDA:62,15,0,0
BRDA:62,15,1,6
BRDA:62,16,0,6
BRDA:62,16,1,6
BRDA:64,17,0,1
BRDA:64,17,1,5
BRDA:64,18,0,6
BRDA:64,18,1,5
BRDA:64,18,2,5
BRDA:64,18,3,5
BRDA:64,18,4,5
BRDA:66,19,0,0
BRDA:66,19,1,5
BRDA:66,20,0,5
BRDA:66,20,1,5
BRDA:68,21,0,0
BRDA:68,21,1,5
BRDA:68,22,0,5
BRDA:68,22,1,5
BRDA:70,23,0,0
BRDA:70,23,1,5
BRDA:72,24,0,0
BRDA:72,24,1,5
BRDA:72,25,0,5
BRDA:72,25,1,5
BRDA:72,25,2,5
BRDA:74,26,0,0
BRDA:74,26,1,5
BRDA:74,27,0,5
BRDA:74,27,1,5
BRDA:74,27,2,5
BRDA:76,28,0,0
BRDA:76,29,0,5
BRDA:76,29,1,5
BRDA:76,29,2,5
BRDA:76,29,3,5
BRDA:80,30,0,5
BRDA:80,31,0,10
BRDA:80,31,1,5
BRDA:91,32,0,1
BRDA:91,33,0,2
BRDA:91,33,1,1
BRDA:98,34,0,10
BRDA:98,34,1,10
BRDA:98,34,2,10
BRDA:99,35,0,0
BRDA:101,36,0,1
BRDA:101,36,1,4
BRDA:103,37,0,2
BRDA:103,37,1,2
BRDA:103,37,2,2
BRDA:104,38,0,1
BRDA:108,39,0,1
BRDA:108,39,1,3
BRDA:112,40,0,2
BRDA:112,40,1,2
BRDA:112,40,2,2
BRDA:112,40,3,0
BRDA:112,40,4,0
BRDA:112,40,5,0
BRDA:114,41,0,1
BRDA:118,42,0,1
BRDA:118,42,1,2
BRDA:122,43,0,2
BRDA:122,43,1,2
BRDA:124,44,0,1
BRDA:128,45,0,1
BRDA:128,45,1,1
BRDA:132,46,0,2
BRDA:132,46,1,2
BRDA:132,46,2,2
BRDA:132,46,3,2
BRDA:134,47,0,1
BRDA:138,48,0,1
BRDA:142,49,0,2
BRDA:142,49,1,2
BRDA:142,49,2,2
BRDA:142,49,3,2
BRDA:144,50,0,1
BRDA:151,51,0,5
BRDA:171,52,0,4
BRDA:173,53,0,2
BRDA:173,53,1,2
BRDA:173,54,0,4
BRDA:173,54,1,3
BRDA:173,54,2,3
BRDA:173,54,3,3
BRDA:173,54,4,2
BRDA:173,54,5,2
BRDA:173,54,6,2
BRDA:175,55,0,0
BRDA:175,55,1,2
BRDA:176,56,0,0
BRDA:176,56,1,0
BRDA:179,57,0,0
BRDA:182,58,0,0
BRDA:182,58,1,2
BRDA:185,59,0,1
BRDA:185,59,1,1
BRDA:216,60,0,0
BRDA:220,61,0,0
BRDA:220,62,0,0
BRDA:220,62,1,0
BRDA:220,62,2,0
BRDA:223,63,0,0
BRDA:223,64,0,0
BRDA:223,64,1,0
BRDA:223,64,2,0
BRDA:223,64,3,0
BRDA:223,64,4,0
BRDA:223,64,5,0
BRDA:223,64,6,0
BRDA:223,64,7,0
BRDA:223,64,8,0
BRDA:223,64,9,0
BRDA:223,64,10,0
BRDA:223,64,11,0
BRDA:223,64,12,0
BRDA:223,64,13,0
BRDA:223,64,14,0
BRDA:223,64,15,0
BRDA:223,64,16,0
BRDA:223,64,17,0
BRDA:223,64,18,0
BRDA:223,64,19,0
BRDA:223,64,20,0
BRDA:223,64,21,0
BRDA:223,64,22,0
BRDA:223,64,23,0
BRDA:223,64,24,0
BRDA:223,64,25,0
BRDA:223,64,26,0
BRDA:223,64,27,0
BRDA:223,64,28,0
BRDA:223,64,29,0
BRDA:223,64,30,0
BRDA:223,64,31,0
BRDA:223,64,32,0
BRDA:234,65,0,0
BRDA:242,66,0,0
BRDA:253,67,0,0
BRDA:253,67,1,0
BRDA:253,67,2,0
BRDA:278,68,0,0
BRDA:280,69,0,0
BRDA:283,70,0,0
BRDA:283,71,0,0
BRDA:283,71,1,0
BRDA:284,72,0,0
BRDA:284,73,0,0
BRDA:284,73,1,0
BRDA:287,74,0,0
BRDA:287,75,0,0
BRDA:287,75,1,0
BRDA:290,76,0,0
BRDA:290,77,0,0
BRDA:290,77,1,0
BRDA:291,78,0,0
BRDA:297,79,0,0
BRDA:297,80,0,0
BRDA:297,80,1,0
BRDA:302,81,0,0
BRDA:303,82,0,0
BRDA:310,83,0,0
BRDA:311,84,0,0
BRDA:317,85,0,0
BRDA:317,85,1,0
BRDA:326,86,0,0
BRDA:331,87,0,0
BRDA:336,88,0,0
BRDA:359,89,0,0
BRDA:362,90,0,0
BRDA:362,90,1,0
BRDA:363,91,0,0
BRDA:363,91,1,0
BRDA:364,92,0,0
BRDA:364,92,1,0
BRDA:365,93,0,0
BRDA:365,93,1,0
BRDA:370,94,0,0
BRDA:370,94,1,0
BRDA:371,95,0,0
BRDA:371,95,1,0
BRDA:373,96,0,0
BRDA:373,96,1,0
BRDA:380,97,0,0
BRDA:380,97,1,0
BRDA:386,98,0,0
BRDA:386,98,1,0
BRDA:393,99,0,0
BRDA:393,99,1,0
BRDA:395,100,0,0
BRDA:395,100,1,0
BRDA:395,101,0,0
BRDA:395,101,1,0
BRDA:408,102,0,0
BRDA:408,102,1,0
BRDA:410,103,0,0
BRDA:410,103,1,0
BRDA:416,104,0,0
BRDA:416,105,0,0
BRDA:416,105,1,0
BRDA:424,106,0,0
BRDA:424,106,1,0
BRDA:428,107,0,0
BRDA:428,107,1,0
BRDA:429,108,0,0
BRDA:429,108,1,0
BRDA:438,109,0,0
BRDA:438,109,1,0
BRDA:440,110,0,0
BRDA:440,110,1,0
BRF:258
BRH:125
end_of_record
TN:
SF:src\risk-engine\delivery-liability.calculator.ts
FN:17,(anonymous_2)
FN:23,(anonymous_3)
FN:47,(anonymous_4)
FN:60,(anonymous_5)
FNF:4
FNH:0
FNDA:0,(anonymous_2)
FNDA:0,(anonymous_3)
FNDA:0,(anonymous_4)
FNDA:0,(anonymous_5)
DA:1,1
DA:2,1
DA:16,1
DA:17,0
DA:24,0
DA:25,0
DA:26,0
DA:32,0
DA:47,0
DA:50,0
DA:51,0
DA:54,0
DA:61,0
DA:63,0
DA:65,0
DA:66,0
DA:67,0
DA:68,0
DA:69,0
DA:72,0
LF:20
LH:3
BRDA:50,0,0,0
BRDA:50,1,0,0
BRDA:50,1,1,0
BRDA:66,2,0,0
BRDA:66,2,1,0
BRDA:68,3,0,0
BRF:6
BRH:0
end_of_record
TN:
SF:src\risk-engine\delivery-pressure.calculator.ts
FN:11,(anonymous_2)
FN:13,(anonymous_3)
FN:30,(anonymous_4)
FN:53,(anonymous_5)
FNF:4
FNH:0
FNDA:0,(anonymous_2)
FNDA:0,(anonymous_3)
FNDA:0,(anonymous_4)
FNDA:0,(anonymous_5)
DA:1,1
DA:2,1
DA:10,1
DA:11,0
DA:14,0
DA:15,0
DA:16,0
DA:19,0
DA:29,0
DA:30,0
DA:35,0
DA:36,0
DA:41,0
DA:45,0
DA:48,0
DA:52,0
DA:53,0
DA:58,0
DA:59,0
DA:62,0
DA:64,0
DA:65,0
DA:68,0
DA:69,0
DA:70,0
DA:71,0
DA:72,0
DA:75,0
LF:28
LH:3
BRDA:35,0,0,0
BRDA:35,1,0,0
BRDA:35,1,1,0
BRDA:45,2,0,0
BRDA:45,2,1,0
BRDA:58,3,0,0
BRDA:58,4,0,0
BRDA:58,4,1,0
BRDA:64,5,0,0
BRDA:64,5,1,0
BRDA:64,6,0,0
BRDA:64,6,1,0
BRDA:69,7,0,0
BRDA:69,7,1,0
BRDA:71,8,0,0
BRF:15
BRH:0
end_of_record
TN:
SF:src\risk-engine\dpd.calculator.ts
FN:11,(anonymous_2)
FN:13,(anonymous_3)
FN:33,(anonymous_4)
FN:35,(anonymous_5)
FNF:4
FNH:0
FNDA:0,(anonymous_2)
FNDA:0,(anonymous_3)
FNDA:0,(anonymous_4)
FNDA:0,(anonymous_5)
DA:1,1
DA:2,1
DA:10,1
DA:11,0
DA:15,0
DA:25,0
DA:33,0
DA:34,0
DA:35,0
DA:38,0
DA:40,0
DA:41,0
DA:42,0
DA:43,0
DA:44,0
DA:45,0
DA:46,0
DA:47,0
DA:49,0
DA:54,0
DA:56,0
DA:59,0
DA:60,0
DA:61,0
DA:64,0
DA:65,0
DA:66,0
DA:69,0
DA:70,0
DA:71,0
DA:74,0
DA:75,0
DA:76,0
DA:80,0
DA:83,0
DA:87,0
DA:89,0
DA:90,0
DA:93,0
DA:94,0
DA:96,0
DA:97,0
DA:98,0
DA:99,0
DA:100,0
DA:103,0
LF:46
LH:3
BRDA:35,0,0,0
BRDA:35,0,1,0
BRDA:40,1,0,0
BRDA:40,1,1,0
BRDA:42,2,0,0
BRDA:42,2,1,0
BRDA:44,3,0,0
BRDA:44,3,1,0
BRDA:46,4,0,0
BRDA:46,4,1,0
BRDA:54,5,0,0
BRDA:54,6,0,0
BRDA:54,6,1,0
BRDA:94,7,0,0
BRDA:94,7,1,0
BRDA:97,8,0,0
BRDA:97,8,1,0
BRDA:99,9,0,0
BRF:18
BRH:0
end_of_record
TN:
SF:src\risk-engine\equity-ratio.calculator.ts
FN:20,(anonymous_2)
FN:22,(anonymous_3)
FN:30,(anonymous_4)
FNF:3
FNH:0
FNDA:0,(anonymous_2)
FNDA:0,(anonymous_3)
FNDA:0,(anonymous_4)
DA:1,1
DA:2,1
DA:19,1
DA:20,0
DA:24,0
DA:29,0
DA:30,0
DA:34,0
DA:38,0
DA:43,0
DA:48,0
DA:49,0
DA:51,0
DA:52,0
DA:53,0
DA:54,0
DA:55,0
DA:56,0
DA:59,0
LF:19
LH:3
BRDA:38,0,0,0
BRDA:38,0,1,0
BRDA:43,1,0,0
BRDA:43,1,1,0
BRDA:45,2,0,0
BRDA:45,2,1,0
BRDA:51,3,0,0
BRDA:51,3,1,0
BRDA:54,4,0,0
BRF:9
BRH:0
end_of_record
TN:
SF:src\risk-engine\financing-limit.calculator.ts
FN:20,(anonymous_2)
FN:22,(anonymous_3)
FN:33,(anonymous_4)
FN:43,(anonymous_5)
FNF:4
FNH:0
FNDA:0,(anonymous_2)
FNDA:0,(anonymous_3)
FNDA:0,(anonymous_4)
FNDA:0,(anonymous_5)
DA:1,1
DA:2,1
DA:19,1
DA:20,0
DA:24,0
DA:32,0
DA:33,0
DA:37,0
DA:42,0
DA:43,0
DA:47,0
DA:51,0
DA:56,0
DA:57,0
DA:58,0
DA:63,0
DA:64,0
DA:66,0
DA:67,0
DA:68,0
DA:69,0
DA:70,0
DA:71,0
DA:74,0
LF:24
LH:3
BRDA:51,0,0,0
BRDA:51,0,1,0
BRDA:58,1,0,0
BRDA:58,1,1,0
BRDA:66,2,0,0
BRDA:66,2,1,0
BRDA:69,3,0,0
BRF:7
BRH:0
end_of_record
TN:
SF:src\risk-engine\liquidity.calculator.ts
FN:12,(anonymous_2)
FN:17,(anonymous_3)
FNF:2
FNH:0
FNDA:0,(anonymous_2)
FNDA:0,(anonymous_3)
DA:1,1
DA:2,1
DA:4,1
DA:11,1
DA:13,0
DA:14,0
DA:19,0
DA:23,0
DA:24,0
DA:33,0
DA:36,0
DA:39,0
DA:42,0
DA:43,0
DA:44,0
DA:46,0
DA:47,0
DA:51,0
DA:52,0
DA:53,0
DA:56,0
DA:57,0
DA:59,0
DA:60,0
DA:61,0
DA:62,0
DA:63,0
DA:64,0
DA:65,0
DA:66,0
DA:67,0
DA:70,0
LF:32
LH:4
BRDA:23,0,0,0
BRDA:42,1,0,0
BRDA:43,2,0,0
BRDA:46,3,0,0
BRDA:52,4,0,0
BRDA:52,4,1,0
BRDA:52,5,0,0
BRDA:52,5,1,0
BRDA:59,6,0,0
BRDA:59,6,1,0
BRDA:62,7,0,0
BRDA:62,7,1,0
BRDA:65,8,0,0
BRF:13
BRH:0
end_of_record
TN:
SF:src\risk-engine\npl.calculator.ts
FN:11,(anonymous_2)
FN:13,(anonymous_3)
FN:28,(anonymous_4)
FN:29,(anonymous_5)
FNF:4
FNH:0
FNDA:0,(anonymous_2)
FNDA:0,(anonymous_3)
FNDA:0,(anonymous_4)
FNDA:0,(anonymous_5)
DA:1,1
DA:2,1
DA:10,1
DA:11,0
DA:15,0
DA:24,0
DA:25,0
DA:28,0
DA:29,0
DA:30,0
DA:32,0
DA:34,0
DA:35,0
DA:40,0
DA:42,0
DA:43,0
DA:44,0
DA:47,0
DA:48,0
DA:51,0
DA:52,0
DA:53,0
DA:54,0
DA:55,0
DA:58,0
LF:25
LH:3
BRDA:34,0,0,0
BRDA:40,1,0,0
BRDA:40,2,0,0
BRDA:40,2,1,0
BRDA:43,3,0,0
BRDA:44,4,0,0
BRDA:47,5,0,0
BRDA:47,5,1,0
BRDA:52,6,0,0
BRDA:52,6,1,0
BRDA:54,7,0,0
BRF:11
BRH:0
end_of_record
TN:
SF:src\risk-engine\risk-engine.module.ts
FNF:0
FNH:0
DA:1,0
DA:2,0
DA:3,0
DA:4,0
DA:5,0
DA:6,0
DA:7,0
DA:8,0
DA:9,0
DA:10,0
DA:11,0
DA:12,0
DA:13,0
DA:14,0
DA:34,0
LF:15
LH:0
BRF:0
BRH:0
end_of_record
TN:
SF:src\risk-engine\risk-engine.service.ts
FN:16,(anonymous_2)
FN:31,(anonymous_3)
FN:99,(anonymous_4)
FN:164,(anonymous_5)
FNF:4
FNH:3
FNDA:6,(anonymous_2)
FNDA:0,(anonymous_3)
FNDA:2,(anonymous_4)
FNDA:3,(anonymous_5)
DA:1,1
DA:2,1
DA:3,1
DA:4,1
DA:5,1
DA:6,1
DA:7,1
DA:8,1
DA:9,1
DA:10,1
DA:11,1
DA:15,1
DA:17,6
DA:18,6
DA:19,6
DA:20,6
DA:21,6
DA:22,6
DA:23,6
DA:24,6
DA:25,6
DA:26,6
DA:29,6
DA:32,0
DA:33,0
DA:34,0
DA:49,0
DA:50,0
DA:58,0
DA:60,0
DA:87,0
DA:88,0
DA:90,0
DA:92,0
DA:102,2
DA:103,2
DA:104,2
DA:107,2
DA:108,2
DA:111,1
DA:112,1
DA:115,1
DA:116,1
DA:119,1
DA:120,1
DA:123,1
DA:124,1
DA:127,1
DA:128,1
DA:131,1
DA:132,1
DA:135,1
DA:136,1
DA:139,1
DA:140,1
DA:143,1
DA:144,1
DA:147,1
DA:148,1
DA:151,1
DA:152,1
DA:154,1
DA:156,1
DA:157,1
DA:168,3
DA:170,1
DA:172,1
DA:174,0
DA:176,0
DA:178,0
DA:180,0
DA:182,0
DA:184,0
DA:186,0
DA:188,0
DA:190,0
DA:192,0
DA:194,1
LF:78
LH:57
BRDA:102,0,0,0
BRDA:102,0,1,2
BRDA:168,1,0,1
BRDA:168,1,1,1
BRDA:168,1,2,0
BRDA:168,1,3,0
BRDA:168,1,4,0
BRDA:168,1,5,0
BRDA:168,1,6,0
BRDA:168,1,7,0
BRDA:168,1,8,0
BRDA:168,1,9,0
BRDA:168,1,10,0
BRDA:168,1,11,0
BRDA:168,1,12,1
BRF:15
BRH:4
end_of_record
TN:
SF:src\risk-engine\risk-engine.types.ts
FNF:0
FNH:0
DA:15,0
DA:21,0
LF:2
LH:0
BRF:0
BRH:0
end_of_record
TN:
SF:src\sanction\masak.service.ts
FN:12,(anonymous_2)
FN:14,(anonymous_3)
FNF:2
FNH:0
FNDA:0,(anonymous_2)
FNDA:0,(anonymous_3)
DA:1,0
DA:2,0
DA:9,0
DA:10,0
DA:12,0
DA:15,0
DA:16,0
DA:17,0
DA:19,0
DA:36,0
DA:38,0
DA:39,0
DA:49,0
DA:52,0
LF:14
LH:0
BRF:0
BRH:0
end_of_record
TN:
SF:src\sanction\sanction.controller.ts
FN:7,(anonymous_4)
FN:13,(anonymous_5)
FN:18,(anonymous_6)
FN:27,(anonymous_7)
FNF:4
FNH:0
FNDA:0,(anonymous_4)
FNDA:0,(anonymous_5)
FNDA:0,(anonymous_6)
FNDA:0,(anonymous_7)
DA:1,0
DA:2,0
DA:3,0
DA:6,0
DA:8,0
DA:9,0
DA:13,0
DA:14,0
DA:18,0
DA:19,0
DA:27,0
DA:28,0
LF:12
LH:0
BRF:0
BRH:0
end_of_record
TN:
SF:src\sanction\sanction.module.ts
FNF:0
FNH:0
DA:1,0
DA:2,0
DA:3,0
DA:4,0
DA:5,0
DA:11,0
LF:6
LH:0
BRF:0
BRH:0
end_of_record
TN:
SF:src\sanction\sanction.service.ts
FN:10,(anonymous_2)
FN:26,(anonymous_3)
FN:45,(anonymous_4)
FN:47,(anonymous_5)
FN:53,(anonymous_6)
FN:59,(anonymous_7)
FNF:6
FNH:0
FNDA:0,(anonymous_2)
FNDA:0,(anonymous_3)
FNDA:0,(anonymous_4)
FNDA:0,(anonymous_5)
FNDA:0,(anonymous_6)
FNDA:0,(anonymous_7)
DA:1,0
DA:2,0
DA:5,0
DA:6,0
DA:7,0
DA:8,0
DA:11,0
DA:12,0
DA:13,0
DA:14,0
DA:15,0
DA:16,0
DA:17,0
DA:18,0
DA:19,0
DA:21,0
DA:22,0
DA:27,0
DA:28,0
DA:29,0
DA:30,0
DA:31,0
DA:32,0
DA:33,0
DA:34,0
DA:35,0
DA:36,0
DA:37,0
DA:38,0
DA:40,0
DA:41,0
DA:45,0
DA:48,0
DA:53,0
DA:60,0
LF:35
LH:0
BRDA:11,0,0,0
BRDA:27,1,0,0
BRDA:28,2,0,0
BRDA:6,3,0,0
BRDA:6,3,1,0
BRF:5
BRH:0
end_of_record
TN:
SF:src\scenario-engine\scenario-engine.controller.ts
FN:10,(anonymous_4)
FN:17,(anonymous_5)
FN:29,(anonymous_6)
FN:38,(anonymous_7)
FNF:4
FNH:0
FNDA:0,(anonymous_4)
FNDA:0,(anonymous_5)
FNDA:0,(anonymous_6)
FNDA:0,(anonymous_7)
DA:1,0
DA:2,0
DA:3,0
DA:7,0
DA:8,0
DA:10,0
DA:17,0
DA:18,0
DA:19,0
DA:20,0
DA:21,0
DA:29,0
DA:30,0
DA:38,0
DA:42,0
DA:43,0
LF:16
LH:0
BRDA:42,0,0,0
BRDA:42,0,1,0
BRF:2
BRH:0
end_of_record
TN:
SF:src\scenario-engine\scenario-engine.module.ts
FNF:0
FNH:0
DA:1,0
DA:2,0
DA:3,0
DA:4,0
DA:5,0
DA:13,0
LF:6
LH:0
BRF:0
BRH:0
end_of_record
TN:
SF:src\scenario-engine\scenario-engine.service.ts
FN:8,(anonymous_2)
FN:18,(anonymous_3)
FN:31,(anonymous_4)
FN:142,(anonymous_5)
FNF:4
FNH:0
FNDA:0,(anonymous_2)
FNDA:0,(anonymous_3)
FNDA:0,(anonymous_4)
FNDA:0,(anonymous_5)
DA:1,0
DA:2,0
DA:3,0
DA:7,0
DA:9,0
DA:10,0
DA:13,0
DA:19,0
DA:23,0
DA:25,0
DA:32,0
DA:35,0
DA:37,0
DA:40,0
DA:41,0
DA:42,0
DA:44,0
DA:45,0
DA:48,0
DA:52,0
DA:55,0
DA:56,0
DA:80,0
DA:81,0
DA:82,0
DA:83,0
DA:87,0
DA:88,0
DA:103,0
DA:112,0
DA:113,0
DA:114,0
DA:126,0
DA:129,0
DA:136,0
DA:143,0
DA:145,0
DA:158,0
LF:38
LH:0
BRDA:23,0,0,0
BRDA:40,1,0,0
BRDA:40,1,1,0
BRDA:66,2,0,0
BRDA:66,2,1,0
BRDA:72,3,0,0
BRDA:72,3,1,0
BRDA:80,4,0,0
BRDA:87,5,0,0
BRDA:112,6,0,0
BRDA:143,7,0,0
BRDA:143,7,1,0
BRF:12
BRH:0
end_of_record
